Start testing: Nov 27 12:40 +07
----------------------------------------------------------
1/7 Testing: ArrayTest
1/7 Test: ArrayTest
Command: "/home/vlad/vsCode/2_course/programming/labs/lab3/Test/build/ArrayTest_app"
Directory: /home/vlad/vsCode/2_course/programming/labs/lab3/Test/build
"ArrayTest" start time: Nov 27 12:40 +07
Output:
----------------------------------------------------------
[==========] Running 24 tests from 2 test suites.
[----------] Global test environment set-up.
[----------] 12 tests from ArrayTest/0, where TypeParam = int
[ RUN      ] ArrayTest/0.TestEmplaceBack
[       OK ] ArrayTest/0.TestEmplaceBack (0 ms)
[ RUN      ] ArrayTest/0.Insert
[       OK ] ArrayTest/0.Insert (0 ms)
[ RUN      ] ArrayTest/0.Erase
[       OK ] ArrayTest/0.Erase (0 ms)
[ RUN      ] ArrayTest/0.EraseByValue
[       OK ] ArrayTest/0.EraseByValue (0 ms)
[ RUN      ] ArrayTest/0.Replace
[       OK ] ArrayTest/0.Replace (0 ms)
[ RUN      ] ArrayTest/0.GetSize
[       OK ] ArrayTest/0.GetSize (0 ms)
[ RUN      ] ArrayTest/0.Print
[       OK ] ArrayTest/0.Print (0 ms)
[ RUN      ] ArrayTest/0.WriteToFile
Data successfully written to /home/vlad/vsCode/2_course/programming/labs/lab3/Test/out.txt
Data successfully loaded from /home/vlad/vsCode/2_course/programming/labs/lab3/Test/out.txt
[       OK ] ArrayTest/0.WriteToFile (0 ms)
[ RUN      ] ArrayTest/0.fillFromFile
Data successfully loaded from /home/vlad/vsCode/2_course/programming/labs/lab3/Test/test.txt
[       OK ] ArrayTest/0.fillFromFile (0 ms)
[ RUN      ] ArrayTest/0.resize
[       OK ] ArrayTest/0.resize (0 ms)
[ RUN      ] ArrayTest/0.throwTest
[       OK ] ArrayTest/0.throwTest (0 ms)
[ RUN      ] ArrayTest/0.serializeDeserialize
[       OK ] ArrayTest/0.serializeDeserialize (0 ms)
[----------] 12 tests from ArrayTest/0 (0 ms total)

[----------] 12 tests from ArrayTest/1, where TypeParam = std::basic_string<char,std::char_traits<char>,std::allocator<char> >
[ RUN      ] ArrayTest/1.TestEmplaceBack
[       OK ] ArrayTest/1.TestEmplaceBack (0 ms)
[ RUN      ] ArrayTest/1.Insert
[       OK ] ArrayTest/1.Insert (0 ms)
[ RUN      ] ArrayTest/1.Erase
[       OK ] ArrayTest/1.Erase (0 ms)
[ RUN      ] ArrayTest/1.EraseByValue
[       OK ] ArrayTest/1.EraseByValue (0 ms)
[ RUN      ] ArrayTest/1.Replace
[       OK ] ArrayTest/1.Replace (0 ms)
[ RUN      ] ArrayTest/1.GetSize
[       OK ] ArrayTest/1.GetSize (0 ms)
[ RUN      ] ArrayTest/1.Print
[       OK ] ArrayTest/1.Print (0 ms)
[ RUN      ] ArrayTest/1.WriteToFile
Data successfully written to /home/vlad/vsCode/2_course/programming/labs/lab3/Test/out.txt
Data successfully loaded from /home/vlad/vsCode/2_course/programming/labs/lab3/Test/out.txt
[       OK ] ArrayTest/1.WriteToFile (7 ms)
[ RUN      ] ArrayTest/1.fillFromFile
Data successfully loaded from /home/vlad/vsCode/2_course/programming/labs/lab3/Test/test.txt
[       OK ] ArrayTest/1.fillFromFile (0 ms)
[ RUN      ] ArrayTest/1.resize
[       OK ] ArrayTest/1.resize (0 ms)
[ RUN      ] ArrayTest/1.throwTest
[       OK ] ArrayTest/1.throwTest (0 ms)
[ RUN      ] ArrayTest/1.serializeDeserialize
[       OK ] ArrayTest/1.serializeDeserialize (0 ms)
[----------] 12 tests from ArrayTest/1 (7 ms total)

[----------] Global test environment tear-down
[==========] 24 tests from 2 test suites ran. (8 ms total)
[  PASSED  ] 24 tests.
<end of output>
Test time =   0.01 sec
----------------------------------------------------------
Test Passed.
"ArrayTest" end time: Nov 27 12:40 +07
"ArrayTest" time elapsed: 00:00:00
----------------------------------------------------------

2/7 Testing: BinaryTreeTest
2/7 Test: BinaryTreeTest
Command: "/home/vlad/vsCode/2_course/programming/labs/lab3/Test/build/BinaryTreeTest_app"
Directory: /home/vlad/vsCode/2_course/programming/labs/lab3/Test/build
"BinaryTreeTest" start time: Nov 27 12:40 +07
Output:
----------------------------------------------------------
[==========] Running 8 tests from 2 test suites.
[----------] Global test environment set-up.
[----------] 4 tests from BinaryTreeTest/0, where TypeParam = int
[ RUN      ] BinaryTreeTest/0.Insert
[       OK ] BinaryTreeTest/0.Insert (0 ms)
[ RUN      ] BinaryTreeTest/0.Search
[       OK ] BinaryTreeTest/0.Search (0 ms)
[ RUN      ] BinaryTreeTest/0.InorderTraversal
[       OK ] BinaryTreeTest/0.InorderTraversal (0 ms)
[ RUN      ] BinaryTreeTest/0.IsBalanced
[       OK ] BinaryTreeTest/0.IsBalanced (0 ms)
[----------] 4 tests from BinaryTreeTest/0 (0 ms total)

[----------] 4 tests from BinaryTreeTest/1, where TypeParam = std::basic_string<char,std::char_traits<char>,std::allocator<char> >
[ RUN      ] BinaryTreeTest/1.Insert
[       OK ] BinaryTreeTest/1.Insert (0 ms)
[ RUN      ] BinaryTreeTest/1.Search
[       OK ] BinaryTreeTest/1.Search (0 ms)
[ RUN      ] BinaryTreeTest/1.InorderTraversal
[       OK ] BinaryTreeTest/1.InorderTraversal (0 ms)
[ RUN      ] BinaryTreeTest/1.IsBalanced
[       OK ] BinaryTreeTest/1.IsBalanced (0 ms)
[----------] 4 tests from BinaryTreeTest/1 (0 ms total)

[----------] Global test environment tear-down
[==========] 8 tests from 2 test suites ran. (0 ms total)
[  PASSED  ] 8 tests.
libgcov profiling error:/home/vlad/vsCode/2_course/programming/labs/lab3/Test/build/CMakeFiles/BinaryTreeTest_app.dir/BinaryTreeTest.cpp.gcda:overwriting an existing profile data with a different checksum
<end of output>
Test time =   0.00 sec
----------------------------------------------------------
Test Passed.
"BinaryTreeTest" end time: Nov 27 12:40 +07
"BinaryTreeTest" time elapsed: 00:00:00
----------------------------------------------------------

3/7 Testing: DListTest
3/7 Test: DListTest
Command: "/home/vlad/vsCode/2_course/programming/labs/lab3/Test/build/DListTest_app"
Directory: /home/vlad/vsCode/2_course/programming/labs/lab3/Test/build
"DListTest" start time: Nov 27 12:40 +07
Output:
----------------------------------------------------------
[==========] Running 22 tests from 2 test suites.
[----------] Global test environment set-up.
[----------] 11 tests from DListTest/0, where TypeParam = int
[ RUN      ] DListTest/0.PushBack
[       OK ] DListTest/0.PushBack (0 ms)
[ RUN      ] DListTest/0.PushFront
[       OK ] DListTest/0.PushFront (0 ms)
[ RUN      ] DListTest/0.PopFront
[       OK ] DListTest/0.PopFront (0 ms)
[ RUN      ] DListTest/0.PopBack
[       OK ] DListTest/0.PopBack (0 ms)
[ RUN      ] DListTest/0.PopValue
[       OK ] DListTest/0.PopValue (0 ms)
[ RUN      ] DListTest/0.SearchByValue
[       OK ] DListTest/0.SearchByValue (0 ms)
[ RUN      ] DListTest/0.AccessOperator
[       OK ] DListTest/0.AccessOperator (0 ms)
[ RUN      ] DListTest/0.Print
[       OK ] DListTest/0.Print (0 ms)
[ RUN      ] DListTest/0.FillFromFile
[       OK ] DListTest/0.FillFromFile (0 ms)
[ RUN      ] DListTest/0.WriteToFile
[       OK ] DListTest/0.WriteToFile (0 ms)
[ RUN      ] DListTest/0.ThrowTest
[       OK ] DListTest/0.ThrowTest (0 ms)
[----------] 11 tests from DListTest/0 (0 ms total)

[----------] 11 tests from DListTest/1, where TypeParam = std::basic_string<char,std::char_traits<char>,std::allocator<char> >
[ RUN      ] DListTest/1.PushBack
[       OK ] DListTest/1.PushBack (0 ms)
[ RUN      ] DListTest/1.PushFront
[       OK ] DListTest/1.PushFront (0 ms)
[ RUN      ] DListTest/1.PopFront
[       OK ] DListTest/1.PopFront (0 ms)
[ RUN      ] DListTest/1.PopBack
[       OK ] DListTest/1.PopBack (0 ms)
[ RUN      ] DListTest/1.PopValue
[       OK ] DListTest/1.PopValue (0 ms)
[ RUN      ] DListTest/1.SearchByValue
[       OK ] DListTest/1.SearchByValue (0 ms)
[ RUN      ] DListTest/1.AccessOperator
[       OK ] DListTest/1.AccessOperator (0 ms)
[ RUN      ] DListTest/1.Print
[       OK ] DListTest/1.Print (0 ms)
[ RUN      ] DListTest/1.FillFromFile
[       OK ] DListTest/1.FillFromFile (0 ms)
[ RUN      ] DListTest/1.WriteToFile
[       OK ] DListTest/1.WriteToFile (0 ms)
[ RUN      ] DListTest/1.ThrowTest
[       OK ] DListTest/1.ThrowTest (0 ms)
[----------] 11 tests from DListTest/1 (0 ms total)

[----------] Global test environment tear-down
[==========] 22 tests from 2 test suites ran. (0 ms total)
[  PASSED  ] 22 tests.
<end of output>
Test time =   0.00 sec
----------------------------------------------------------
Test Passed.
"DListTest" end time: Nov 27 12:40 +07
"DListTest" time elapsed: 00:00:00
----------------------------------------------------------

4/7 Testing: OListTest
4/7 Test: OListTest
Command: "/home/vlad/vsCode/2_course/programming/labs/lab3/Test/build/OListTest_app"
Directory: /home/vlad/vsCode/2_course/programming/labs/lab3/Test/build
"OListTest" start time: Nov 27 12:40 +07
Output:
----------------------------------------------------------
[==========] Running 24 tests from 2 test suites.
[----------] Global test environment set-up.
[----------] 12 tests from OListTest/0, where TypeParam = int
[ RUN      ] OListTest/0.TestPushBack
[       OK ] OListTest/0.TestPushBack (0 ms)
[ RUN      ] OListTest/0.TestPushFront
[       OK ] OListTest/0.TestPushFront (0 ms)
[ RUN      ] OListTest/0.TestPopFront
[       OK ] OListTest/0.TestPopFront (0 ms)
[ RUN      ] OListTest/0.TestPopBack
[       OK ] OListTest/0.TestPopBack (0 ms)
[ RUN      ] OListTest/0.TestPopValue
[       OK ] OListTest/0.TestPopValue (0 ms)
[ RUN      ] OListTest/0.TestSearchByValue
[       OK ] OListTest/0.TestSearchByValue (0 ms)
[ RUN      ] OListTest/0.TestOperatorBracket
[       OK ] OListTest/0.TestOperatorBracket (0 ms)
[ RUN      ] OListTest/0.TestOperatorBracketOutOfBounds
[       OK ] OListTest/0.TestOperatorBracketOutOfBounds (0 ms)
[ RUN      ] OListTest/0.TestFillFromFile
[       OK ] OListTest/0.TestFillFromFile (0 ms)
[ RUN      ] OListTest/0.TestWriteToFile
[       OK ] OListTest/0.TestWriteToFile (0 ms)
[ RUN      ] OListTest/0.TestPrint
[       OK ] OListTest/0.TestPrint (0 ms)
[ RUN      ] OListTest/0.throwTest
[       OK ] OListTest/0.throwTest (0 ms)
[----------] 12 tests from OListTest/0 (0 ms total)

[----------] 12 tests from OListTest/1, where TypeParam = std::basic_string<char,std::char_traits<char>,std::allocator<char> >
[ RUN      ] OListTest/1.TestPushBack
[       OK ] OListTest/1.TestPushBack (0 ms)
[ RUN      ] OListTest/1.TestPushFront
[       OK ] OListTest/1.TestPushFront (0 ms)
[ RUN      ] OListTest/1.TestPopFront
[       OK ] OListTest/1.TestPopFront (0 ms)
[ RUN      ] OListTest/1.TestPopBack
[       OK ] OListTest/1.TestPopBack (0 ms)
[ RUN      ] OListTest/1.TestPopValue
[       OK ] OListTest/1.TestPopValue (0 ms)
[ RUN      ] OListTest/1.TestSearchByValue
[       OK ] OListTest/1.TestSearchByValue (0 ms)
[ RUN      ] OListTest/1.TestOperatorBracket
[       OK ] OListTest/1.TestOperatorBracket (0 ms)
[ RUN      ] OListTest/1.TestOperatorBracketOutOfBounds
[       OK ] OListTest/1.TestOperatorBracketOutOfBounds (0 ms)
[ RUN      ] OListTest/1.TestFillFromFile
[       OK ] OListTest/1.TestFillFromFile (0 ms)
[ RUN      ] OListTest/1.TestWriteToFile
[       OK ] OListTest/1.TestWriteToFile (0 ms)
[ RUN      ] OListTest/1.TestPrint
[       OK ] OListTest/1.TestPrint (0 ms)
[ RUN      ] OListTest/1.throwTest
[       OK ] OListTest/1.throwTest (0 ms)
[----------] 12 tests from OListTest/1 (0 ms total)

[----------] Global test environment tear-down
[==========] 24 tests from 2 test suites ran. (1 ms total)
[  PASSED  ] 24 tests.
<end of output>
Test time =   0.00 sec
----------------------------------------------------------
Test Passed.
"OListTest" end time: Nov 27 12:40 +07
"OListTest" time elapsed: 00:00:00
----------------------------------------------------------

5/7 Testing: QueueTest
5/7 Test: QueueTest
Command: "/home/vlad/vsCode/2_course/programming/labs/lab3/Test/build/QueueTest_app"
Directory: /home/vlad/vsCode/2_course/programming/labs/lab3/Test/build
"QueueTest" start time: Nov 27 12:40 +07
Output:
----------------------------------------------------------
Running main() from /home/vlad/vsCode/2_course/programming/labs/lab3/lib/googletest/googletest/src/gtest_main.cc
[==========] Running 12 tests from 2 test suites.
[----------] Global test environment set-up.
[----------] 6 tests from QueueTest/0, where TypeParam = int
[ RUN      ] QueueTest/0.TestPush
[       OK ] QueueTest/0.TestPush (0 ms)
[ RUN      ] QueueTest/0.TestPop
[       OK ] QueueTest/0.TestPop (0 ms)
[ RUN      ] QueueTest/0.TestPrint
[       OK ] QueueTest/0.TestPrint (0 ms)
[ RUN      ] QueueTest/0.TestFillFromFile
[       OK ] QueueTest/0.TestFillFromFile (0 ms)
[ RUN      ] QueueTest/0.TestWriteToFileWithType
[       OK ] QueueTest/0.TestWriteToFileWithType (0 ms)
[ RUN      ] QueueTest/0.TestGetSize
[       OK ] QueueTest/0.TestGetSize (0 ms)
[----------] 6 tests from QueueTest/0 (0 ms total)

[----------] 6 tests from QueueTest/1, where TypeParam = std::basic_string<char,std::char_traits<char>,std::allocator<char> >
[ RUN      ] QueueTest/1.TestPush
[       OK ] QueueTest/1.TestPush (0 ms)
[ RUN      ] QueueTest/1.TestPop
[       OK ] QueueTest/1.TestPop (0 ms)
[ RUN      ] QueueTest/1.TestPrint
[       OK ] QueueTest/1.TestPrint (0 ms)
[ RUN      ] QueueTest/1.TestFillFromFile
[       OK ] QueueTest/1.TestFillFromFile (0 ms)
[ RUN      ] QueueTest/1.TestWriteToFileWithType
[       OK ] QueueTest/1.TestWriteToFileWithType (0 ms)
[ RUN      ] QueueTest/1.TestGetSize
[       OK ] QueueTest/1.TestGetSize (0 ms)
[----------] 6 tests from QueueTest/1 (0 ms total)

[----------] Global test environment tear-down
[==========] 12 tests from 2 test suites ran. (0 ms total)
[  PASSED  ] 12 tests.
<end of output>
Test time =   0.00 sec
----------------------------------------------------------
Test Passed.
"QueueTest" end time: Nov 27 12:40 +07
"QueueTest" time elapsed: 00:00:00
----------------------------------------------------------

6/7 Testing: StackTest
6/7 Test: StackTest
Command: "/home/vlad/vsCode/2_course/programming/labs/lab3/Test/build/StackTest_app"
Directory: /home/vlad/vsCode/2_course/programming/labs/lab3/Test/build
"StackTest" start time: Nov 27 12:40 +07
Output:
----------------------------------------------------------
Running main() from /home/vlad/vsCode/2_course/programming/labs/lab3/lib/googletest/googletest/src/gtest_main.cc
[==========] Running 12 tests from 2 test suites.
[----------] Global test environment set-up.
[----------] 6 tests from StackTest/0, where TypeParam = int
[ RUN      ] StackTest/0.TestPush
[       OK ] StackTest/0.TestPush (0 ms)
[ RUN      ] StackTest/0.TestPop
[       OK ] StackTest/0.TestPop (0 ms)
[ RUN      ] StackTest/0.TestPrint
[       OK ] StackTest/0.TestPrint (0 ms)
[ RUN      ] StackTest/0.TestFillFromFile
[       OK ] StackTest/0.TestFillFromFile (0 ms)
[ RUN      ] StackTest/0.TestWriteToFileWithType
[       OK ] StackTest/0.TestWriteToFileWithType (0 ms)
[ RUN      ] StackTest/0.TestGetSize
[       OK ] StackTest/0.TestGetSize (0 ms)
[----------] 6 tests from StackTest/0 (0 ms total)

[----------] 6 tests from StackTest/1, where TypeParam = std::basic_string<char,std::char_traits<char>,std::allocator<char> >
[ RUN      ] StackTest/1.TestPush
[       OK ] StackTest/1.TestPush (0 ms)
[ RUN      ] StackTest/1.TestPop
[       OK ] StackTest/1.TestPop (0 ms)
[ RUN      ] StackTest/1.TestPrint
[       OK ] StackTest/1.TestPrint (0 ms)
[ RUN      ] StackTest/1.TestFillFromFile
[       OK ] StackTest/1.TestFillFromFile (0 ms)
[ RUN      ] StackTest/1.TestWriteToFileWithType
[       OK ] StackTest/1.TestWriteToFileWithType (0 ms)
[ RUN      ] StackTest/1.TestGetSize
[       OK ] StackTest/1.TestGetSize (0 ms)
[----------] 6 tests from StackTest/1 (0 ms total)

[----------] Global test environment tear-down
[==========] 12 tests from 2 test suites ran. (0 ms total)
[  PASSED  ] 12 tests.
<end of output>
Test time =   0.00 sec
----------------------------------------------------------
Test Passed.
"StackTest" end time: Nov 27 12:40 +07
"StackTest" time elapsed: 00:00:00
----------------------------------------------------------

7/7 Testing: SetTest
7/7 Test: SetTest
Command: "/home/vlad/vsCode/2_course/programming/labs/lab3/Test/build/SetTest_app"
Directory: /home/vlad/vsCode/2_course/programming/labs/lab3/Test/build
"SetTest" start time: Nov 27 12:40 +07
Output:
----------------------------------------------------------
[==========] Running 16 tests from 2 test suites.
[----------] Global test environment set-up.
[----------] 8 tests from SetTest/0, where TypeParam = int
[ RUN      ] SetTest/0.TestEmplaceBack
[       OK ] SetTest/0.TestEmplaceBack (0 ms)
[ RUN      ] SetTest/0.TestErase
[       OK ] SetTest/0.TestErase (0 ms)
[ RUN      ] SetTest/0.TestEraseByValue
[       OK ] SetTest/0.TestEraseByValue (0 ms)
[ RUN      ] SetTest/0.TestReplace
[       OK ] SetTest/0.TestReplace (0 ms)
[ RUN      ] SetTest/0.TestGetSize
[       OK ] SetTest/0.TestGetSize (0 ms)
[ RUN      ] SetTest/0.TestContains
[       OK ] SetTest/0.TestContains (0 ms)
[ RUN      ] SetTest/0.TestResize
[       OK ] SetTest/0.TestResize (0 ms)
[ RUN      ] SetTest/0.TestExceptions
[       OK ] SetTest/0.TestExceptions (0 ms)
[----------] 8 tests from SetTest/0 (0 ms total)

[----------] 8 tests from SetTest/1, where TypeParam = std::basic_string<char,std::char_traits<char>,std::allocator<char> >
[ RUN      ] SetTest/1.TestEmplaceBack
[       OK ] SetTest/1.TestEmplaceBack (0 ms)
[ RUN      ] SetTest/1.TestErase
[       OK ] SetTest/1.TestErase (0 ms)
[ RUN      ] SetTest/1.TestEraseByValue
[       OK ] SetTest/1.TestEraseByValue (0 ms)
[ RUN      ] SetTest/1.TestReplace
[       OK ] SetTest/1.TestReplace (0 ms)
[ RUN      ] SetTest/1.TestGetSize
[       OK ] SetTest/1.TestGetSize (0 ms)
[ RUN      ] SetTest/1.TestContains
[       OK ] SetTest/1.TestContains (0 ms)
[ RUN      ] SetTest/1.TestResize
[       OK ] SetTest/1.TestResize (0 ms)
[ RUN      ] SetTest/1.TestExceptions
[       OK ] SetTest/1.TestExceptions (0 ms)
[----------] 8 tests from SetTest/1 (0 ms total)

[----------] Global test environment tear-down
[==========] 16 tests from 2 test suites ran. (0 ms total)
[  PASSED  ] 16 tests.
<end of output>
Test time =   0.00 sec
----------------------------------------------------------
Test Passed.
"SetTest" end time: Nov 27 12:40 +07
"SetTest" time elapsed: 00:00:00
----------------------------------------------------------

End testing: Nov 27 12:40 +07
