TN:
SF:/home/vlad/vsCode/2_course/programming/labs/lab3/Test/ArrayTest.cpp
FN:108,115,_ZN22ArrayTest_GetSize_TestINSt7__cxx1112basic_stringIcSt11char_traitsIcESaIcEEEE8TestBodyEv
FN:108,115,_ZN22ArrayTest_GetSize_TestIiE8TestBodyEv
FN:117,152,_ZN20ArrayTest_Print_TestINSt7__cxx1112basic_stringIcSt11char_traitsIcESaIcEEEE8TestBodyEv
FN:117,152,_ZN20ArrayTest_Print_TestIiE8TestBodyEv
FN:15,15,_ZN9ArrayTestINSt7__cxx1112basic_stringIcSt11char_traitsIcESaIcEEEE5SetUpEv
FN:15,15,_ZN9ArrayTestIiE5SetUpEv
FN:154,191,_ZN26ArrayTest_WriteToFile_TestINSt7__cxx1112basic_stringIcSt11char_traitsIcESaIcEEEE8TestBodyEv
FN:154,191,_ZN26ArrayTest_WriteToFile_TestIiE8TestBodyEv
FN:17,17,_ZN9ArrayTestINSt7__cxx1112basic_stringIcSt11char_traitsIcESaIcEEEE8TearDownEv
FN:17,17,_ZN9ArrayTestIiE8TearDownEv
FN:193,208,_ZN27ArrayTest_fillFromFile_TestINSt7__cxx1112basic_stringIcSt11char_traitsIcESaIcEEEE8TestBodyEv
FN:193,208,_ZN27ArrayTest_fillFromFile_TestIiE8TestBodyEv
FN:210,223,_ZN21ArrayTest_resize_TestINSt7__cxx1112basic_stringIcSt11char_traitsIcESaIcEEEE8TestBodyEv
FN:210,223,_ZN21ArrayTest_resize_TestIiE8TestBodyEv
FN:225,238,_ZN24ArrayTest_throwTest_TestINSt7__cxx1112basic_stringIcSt11char_traitsIcESaIcEEEE8TestBodyEv
FN:225,238,_ZN24ArrayTest_throwTest_TestIiE8TestBodyEv
FN:240,243,main
FN:25,36,_ZN30ArrayTest_TestEmplaceBack_TestINSt7__cxx1112basic_stringIcSt11char_traitsIcESaIcEEEE8TestBodyEv
FN:25,36,_ZN30ArrayTest_TestEmplaceBack_TestIiE8TestBodyEv
FN:38,49,_ZN21ArrayTest_Insert_TestINSt7__cxx1112basic_stringIcSt11char_traitsIcESaIcEEEE8TestBodyEv
FN:38,49,_ZN21ArrayTest_Insert_TestIiE8TestBodyEv
FN:51,68,_ZN20ArrayTest_Erase_TestINSt7__cxx1112basic_stringIcSt11char_traitsIcESaIcEEEE8TestBodyEv
FN:51,68,_ZN20ArrayTest_Erase_TestIiE8TestBodyEv
FN:70,87,_ZN27ArrayTest_EraseByValue_TestINSt7__cxx1112basic_stringIcSt11char_traitsIcESaIcEEEE8TestBodyEv
FN:70,87,_ZN27ArrayTest_EraseByValue_TestIiE8TestBodyEv
FN:89,106,_ZN22ArrayTest_Replace_TestINSt7__cxx1112basic_stringIcSt11char_traitsIcESaIcEEEE8TestBodyEv
FN:89,106,_ZN22ArrayTest_Replace_TestIiE8TestBodyEv
FNDA:13,_ZN22ArrayTest_GetSize_TestINSt7__cxx1112basic_stringIcSt11char_traitsIcESaIcEEEE8TestBodyEv
FNDA:13,_ZN22ArrayTest_GetSize_TestIiE8TestBodyEv
FNDA:13,_ZN20ArrayTest_Print_TestINSt7__cxx1112basic_stringIcSt11char_traitsIcESaIcEEEE8TestBodyEv
FNDA:13,_ZN20ArrayTest_Print_TestIiE8TestBodyEv
FNDA:143,_ZN9ArrayTestINSt7__cxx1112basic_stringIcSt11char_traitsIcESaIcEEEE5SetUpEv
FNDA:143,_ZN9ArrayTestIiE5SetUpEv
FNDA:13,_ZN26ArrayTest_WriteToFile_TestINSt7__cxx1112basic_stringIcSt11char_traitsIcESaIcEEEE8TestBodyEv
FNDA:13,_ZN26ArrayTest_WriteToFile_TestIiE8TestBodyEv
FNDA:143,_ZN9ArrayTestINSt7__cxx1112basic_stringIcSt11char_traitsIcESaIcEEEE8TearDownEv
FNDA:143,_ZN9ArrayTestIiE8TearDownEv
FNDA:13,_ZN27ArrayTest_fillFromFile_TestINSt7__cxx1112basic_stringIcSt11char_traitsIcESaIcEEEE8TestBodyEv
FNDA:13,_ZN27ArrayTest_fillFromFile_TestIiE8TestBodyEv
FNDA:13,_ZN21ArrayTest_resize_TestINSt7__cxx1112basic_stringIcSt11char_traitsIcESaIcEEEE8TestBodyEv
FNDA:13,_ZN21ArrayTest_resize_TestIiE8TestBodyEv
FNDA:13,_ZN24ArrayTest_throwTest_TestINSt7__cxx1112basic_stringIcSt11char_traitsIcESaIcEEEE8TestBodyEv
FNDA:13,_ZN24ArrayTest_throwTest_TestIiE8TestBodyEv
FNDA:13,main
FNDA:13,_ZN30ArrayTest_TestEmplaceBack_TestINSt7__cxx1112basic_stringIcSt11char_traitsIcESaIcEEEE8TestBodyEv
FNDA:13,_ZN30ArrayTest_TestEmplaceBack_TestIiE8TestBodyEv
FNDA:13,_ZN21ArrayTest_Insert_TestINSt7__cxx1112basic_stringIcSt11char_traitsIcESaIcEEEE8TestBodyEv
FNDA:13,_ZN21ArrayTest_Insert_TestIiE8TestBodyEv
FNDA:13,_ZN20ArrayTest_Erase_TestINSt7__cxx1112basic_stringIcSt11char_traitsIcESaIcEEEE8TestBodyEv
FNDA:13,_ZN20ArrayTest_Erase_TestIiE8TestBodyEv
FNDA:13,_ZN27ArrayTest_EraseByValue_TestINSt7__cxx1112basic_stringIcSt11char_traitsIcESaIcEEEE8TestBodyEv
FNDA:13,_ZN27ArrayTest_EraseByValue_TestIiE8TestBodyEv
FNDA:13,_ZN22ArrayTest_Replace_TestINSt7__cxx1112basic_stringIcSt11char_traitsIcESaIcEEEE8TestBodyEv
FNDA:13,_ZN22ArrayTest_Replace_TestIiE8TestBodyEv
FNF:27
FNH:27
DA:15,286
DA:17,286
DA:25,26
DA:27,13
DA:28,13
DA:29,13
DA:32,13
DA:33,13
DA:34,13
DA:36,26
DA:38,26
DA:40,13
DA:41,13
DA:42,13
DA:45,13
DA:46,13
DA:47,13
DA:49,26
DA:51,26
DA:53,13
DA:54,13
DA:56,13
DA:58,13
DA:61,13
DA:62,13
DA:64,13
DA:66,13
DA:68,26
DA:70,26
DA:72,13
DA:73,13
DA:75,13
DA:77,13
DA:80,13
DA:81,13
DA:83,13
DA:85,13
DA:87,26
DA:89,26
DA:91,13
DA:92,13
DA:94,13
DA:96,13
DA:99,13
DA:100,13
DA:102,13
DA:104,13
DA:106,26
DA:108,26
DA:110,13
DA:113,13
DA:115,26
DA:117,26
DA:120,13
DA:122,13
DA:123,13
DA:124,13
DA:127,13
DA:130,13
DA:133,13
DA:135,13
DA:137,13
DA:139,13
DA:140,13
DA:141,13
DA:144,13
DA:147,13
DA:150,13
DA:151,13
DA:152,26
DA:154,26
DA:156,13
DA:158,13
DA:159,13
DA:160,13
DA:161,13
DA:162,13
DA:164,13
DA:167,26
DA:170,13
DA:171,13
DA:173,13
DA:174,13
DA:176,26
DA:177,26
DA:178,26
DA:179,26
DA:180,26
DA:182,13
DA:185,26
DA:188,13
DA:189,13
DA:190,13
DA:191,26
DA:193,26
DA:195,26
DA:198,13
DA:199,13
DA:202,26
DA:205,13
DA:206,13
DA:208,26
DA:210,26
DA:212,169
DA:213,156
DA:217,169
DA:218,156
DA:222,26
DA:223,26
DA:225,26
DA:226,26
DA:227,26
DA:230,13
DA:231,13
DA:234,39
DA:236,39
DA:238,26
DA:240,13
DA:241,13
DA:242,13
LF:120
LH:120
end_of_record
TN:
SF:/home/vlad/vsCode/2_course/programming/labs/lab3/Test/BinaryTreeTest.cpp
FN:103,124,_ZN30BinaryTreeTest_IsBalanced_TestINSt7__cxx1112basic_stringIcSt11char_traitsIcESaIcEEEE8TestBodyEv
FN:103,124,_ZN30BinaryTreeTest_IsBalanced_TestIiE8TestBodyEv
FN:136,139,main
FN:17,19,_ZN14BinaryTreeTestINSt7__cxx1112basic_stringIcSt11char_traitsIcESaIcEEEE5SetUpEv
FN:17,19,_ZN14BinaryTreeTestIiE5SetUpEv
FN:21,23,_ZN14BinaryTreeTestINSt7__cxx1112basic_stringIcSt11char_traitsIcESaIcEEEE8TearDownEv
FN:21,23,_ZN14BinaryTreeTestIiE8TearDownEv
FN:32,54,_ZN26BinaryTreeTest_Insert_TestINSt7__cxx1112basic_stringIcSt11char_traitsIcESaIcEEEE8TestBodyEv
FN:32,54,_ZN26BinaryTreeTest_Insert_TestIiE8TestBodyEv
FN:57,72,_ZN26BinaryTreeTest_Search_TestINSt7__cxx1112basic_stringIcSt11char_traitsIcESaIcEEEE8TestBodyEv
FN:57,72,_ZN26BinaryTreeTest_Search_TestIiE8TestBodyEv
FN:75,100,_ZN36BinaryTreeTest_InorderTraversal_TestINSt7__cxx1112basic_stringIcSt11char_traitsIcESaIcEEEE8TestBodyEv
FN:75,100,_ZN36BinaryTreeTest_InorderTraversal_TestIiE8TestBodyEv
FNDA:11,_ZN30BinaryTreeTest_IsBalanced_TestINSt7__cxx1112basic_stringIcSt11char_traitsIcESaIcEEEE8TestBodyEv
FNDA:11,_ZN30BinaryTreeTest_IsBalanced_TestIiE8TestBodyEv
FNDA:11,main
FNDA:44,_ZN14BinaryTreeTestINSt7__cxx1112basic_stringIcSt11char_traitsIcESaIcEEEE5SetUpEv
FNDA:44,_ZN14BinaryTreeTestIiE5SetUpEv
FNDA:44,_ZN14BinaryTreeTestINSt7__cxx1112basic_stringIcSt11char_traitsIcESaIcEEEE8TearDownEv
FNDA:44,_ZN14BinaryTreeTestIiE8TearDownEv
FNDA:11,_ZN26BinaryTreeTest_Insert_TestINSt7__cxx1112basic_stringIcSt11char_traitsIcESaIcEEEE8TestBodyEv
FNDA:11,_ZN26BinaryTreeTest_Insert_TestIiE8TestBodyEv
FNDA:11,_ZN26BinaryTreeTest_Search_TestINSt7__cxx1112basic_stringIcSt11char_traitsIcESaIcEEEE8TestBodyEv
FNDA:11,_ZN26BinaryTreeTest_Search_TestIiE8TestBodyEv
FNDA:11,_ZN36BinaryTreeTest_InorderTraversal_TestINSt7__cxx1112basic_stringIcSt11char_traitsIcESaIcEEEE8TestBodyEv
FNDA:11,_ZN36BinaryTreeTest_InorderTraversal_TestIiE8TestBodyEv
FNF:13
FNH:13
DA:17,88
DA:19,88
DA:21,88
DA:23,88
DA:32,22
DA:34,11
DA:35,11
DA:36,11
DA:37,11
DA:39,11
DA:41,11
DA:43,11
DA:46,22
DA:47,22
DA:48,22
DA:50,33
DA:51,33
DA:52,33
DA:54,22
DA:57,22
DA:59,11
DA:60,11
DA:61,11
DA:63,11
DA:64,11
DA:66,22
DA:67,22
DA:69,33
DA:70,33
DA:72,22
DA:75,22
DA:77,11
DA:78,11
DA:79,11
DA:80,11
DA:81,11
DA:82,11
DA:83,11
DA:86,11
DA:87,11
DA:88,11
DA:89,11
DA:90,11
DA:91,22
DA:92,22
DA:93,22
DA:95,11
DA:96,11
DA:97,11
DA:98,11
DA:99,11
DA:100,22
DA:103,22
DA:105,11
DA:106,11
DA:107,11
DA:109,11
DA:113,11
DA:114,11
DA:116,11
DA:119,22
DA:120,22
DA:122,11
DA:124,22
DA:136,11
DA:137,11
DA:138,11
LF:67
LH:67
end_of_record
TN:
SF:/home/vlad/vsCode/2_course/programming/labs/lab3/Test/DListTest.cpp
FN:100,118,_ZN28DListTest_SearchByValue_TestINSt7__cxx1112basic_stringIcSt11char_traitsIcESaIcEEEE8TestBodyEv
FN:100,118,_ZN28DListTest_SearchByValue_TestIiE8TestBodyEv
FN:121,135,_ZN29DListTest_AccessOperator_TestINSt7__cxx1112basic_stringIcSt11char_traitsIcESaIcEEEE8TestBodyEv
FN:121,135,_ZN29DListTest_AccessOperator_TestIiE8TestBodyEv
FN:138,156,_ZN20DListTest_Print_TestINSt7__cxx1112basic_stringIcSt11char_traitsIcESaIcEEEE8TestBodyEv
FN:138,156,_ZN20DListTest_Print_TestIiE8TestBodyEv
FN:159,171,_ZN27DListTest_FillFromFile_TestINSt7__cxx1112basic_stringIcSt11char_traitsIcESaIcEEEE8TestBodyEv
FN:159,171,_ZN27DListTest_FillFromFile_TestIiE8TestBodyEv
FN:16,16,_ZN9DListTestINSt7__cxx1112basic_stringIcSt11char_traitsIcESaIcEEEE5SetUpEv
FN:16,16,_ZN9DListTestIiE5SetUpEv
FN:174,200,_ZN26DListTest_WriteToFile_TestINSt7__cxx1112basic_stringIcSt11char_traitsIcESaIcEEEE8TestBodyEv
FN:174,200,_ZN26DListTest_WriteToFile_TestIiE8TestBodyEv
FN:18,18,_ZN9DListTestINSt7__cxx1112basic_stringIcSt11char_traitsIcESaIcEEEE8TearDownEv
FN:18,18,_ZN9DListTestIiE8TearDownEv
FN:203,214,_ZN24DListTest_ThrowTest_TestINSt7__cxx1112basic_stringIcSt11char_traitsIcESaIcEEEE8TestBodyEv
FN:203,214,_ZN24DListTest_ThrowTest_TestIiE8TestBodyEv
FN:216,219,main
FN:27,37,_ZN23DListTest_PushBack_TestINSt7__cxx1112basic_stringIcSt11char_traitsIcESaIcEEEE8TestBodyEv
FN:27,37,_ZN23DListTest_PushBack_TestIiE8TestBodyEv
FN:40,50,_ZN24DListTest_PushFront_TestINSt7__cxx1112basic_stringIcSt11char_traitsIcESaIcEEEE8TestBodyEv
FN:40,50,_ZN24DListTest_PushFront_TestIiE8TestBodyEv
FN:53,65,_ZN23DListTest_PopFront_TestINSt7__cxx1112basic_stringIcSt11char_traitsIcESaIcEEEE8TestBodyEv
FN:53,65,_ZN23DListTest_PopFront_TestIiE8TestBodyEv
FN:68,80,_ZN22DListTest_PopBack_TestINSt7__cxx1112basic_stringIcSt11char_traitsIcESaIcEEEE8TestBodyEv
FN:68,80,_ZN22DListTest_PopBack_TestIiE8TestBodyEv
FN:83,97,_ZN23DListTest_PopValue_TestINSt7__cxx1112basic_stringIcSt11char_traitsIcESaIcEEEE8TestBodyEv
FN:83,97,_ZN23DListTest_PopValue_TestIiE8TestBodyEv
FNDA:8,_ZN28DListTest_SearchByValue_TestINSt7__cxx1112basic_stringIcSt11char_traitsIcESaIcEEEE8TestBodyEv
FNDA:8,_ZN28DListTest_SearchByValue_TestIiE8TestBodyEv
FNDA:8,_ZN29DListTest_AccessOperator_TestINSt7__cxx1112basic_stringIcSt11char_traitsIcESaIcEEEE8TestBodyEv
FNDA:8,_ZN29DListTest_AccessOperator_TestIiE8TestBodyEv
FNDA:8,_ZN20DListTest_Print_TestINSt7__cxx1112basic_stringIcSt11char_traitsIcESaIcEEEE8TestBodyEv
FNDA:8,_ZN20DListTest_Print_TestIiE8TestBodyEv
FNDA:8,_ZN27DListTest_FillFromFile_TestINSt7__cxx1112basic_stringIcSt11char_traitsIcESaIcEEEE8TestBodyEv
FNDA:8,_ZN27DListTest_FillFromFile_TestIiE8TestBodyEv
FNDA:88,_ZN9DListTestINSt7__cxx1112basic_stringIcSt11char_traitsIcESaIcEEEE5SetUpEv
FNDA:88,_ZN9DListTestIiE5SetUpEv
FNDA:8,_ZN26DListTest_WriteToFile_TestINSt7__cxx1112basic_stringIcSt11char_traitsIcESaIcEEEE8TestBodyEv
FNDA:8,_ZN26DListTest_WriteToFile_TestIiE8TestBodyEv
FNDA:88,_ZN9DListTestINSt7__cxx1112basic_stringIcSt11char_traitsIcESaIcEEEE8TearDownEv
FNDA:88,_ZN9DListTestIiE8TearDownEv
FNDA:8,_ZN24DListTest_ThrowTest_TestINSt7__cxx1112basic_stringIcSt11char_traitsIcESaIcEEEE8TestBodyEv
FNDA:8,_ZN24DListTest_ThrowTest_TestIiE8TestBodyEv
FNDA:8,main
FNDA:8,_ZN23DListTest_PushBack_TestINSt7__cxx1112basic_stringIcSt11char_traitsIcESaIcEEEE8TestBodyEv
FNDA:8,_ZN23DListTest_PushBack_TestIiE8TestBodyEv
FNDA:8,_ZN24DListTest_PushFront_TestINSt7__cxx1112basic_stringIcSt11char_traitsIcESaIcEEEE8TestBodyEv
FNDA:8,_ZN24DListTest_PushFront_TestIiE8TestBodyEv
FNDA:8,_ZN23DListTest_PopFront_TestINSt7__cxx1112basic_stringIcSt11char_traitsIcESaIcEEEE8TestBodyEv
FNDA:8,_ZN23DListTest_PopFront_TestIiE8TestBodyEv
FNDA:8,_ZN22DListTest_PopBack_TestINSt7__cxx1112basic_stringIcSt11char_traitsIcESaIcEEEE8TestBodyEv
FNDA:8,_ZN22DListTest_PopBack_TestIiE8TestBodyEv
FNDA:8,_ZN23DListTest_PopValue_TestINSt7__cxx1112basic_stringIcSt11char_traitsIcESaIcEEEE8TestBodyEv
FNDA:8,_ZN23DListTest_PopValue_TestIiE8TestBodyEv
FNF:27
FNH:27
DA:16,176
DA:18,176
DA:27,16
DA:29,8
DA:30,8
DA:31,8
DA:33,16
DA:34,16
DA:35,8
DA:37,16
DA:40,16
DA:42,8
DA:43,8
DA:44,8
DA:46,16
DA:47,16
DA:48,8
DA:50,16
DA:53,16
DA:55,8
DA:56,8
DA:57,8
DA:58,8
DA:60,16
DA:61,16
DA:62,8
DA:63,8
DA:65,16
DA:68,16
DA:70,8
DA:71,8
DA:72,8
DA:73,8
DA:75,16
DA:76,16
DA:77,8
DA:78,8
DA:80,16
DA:83,16
DA:85,8
DA:86,8
DA:87,8
DA:88,8
DA:89,8
DA:91,16
DA:92,16
DA:93,16
DA:94,16
DA:95,8
DA:97,16
DA:100,16
DA:102,8
DA:103,8
DA:105,8
DA:106,8
DA:107,8
DA:108,8
DA:109,8
DA:110,16
DA:111,16
DA:113,8
DA:114,16
DA:115,8
DA:116,8
DA:117,8
DA:118,16
DA:121,16
DA:123,8
DA:124,8
DA:125,8
DA:126,8
DA:127,8
DA:129,16
DA:130,16
DA:131,8
DA:132,8
DA:133,8
DA:135,16
DA:138,16
DA:140,8
DA:141,8
DA:142,8
DA:143,8
DA:144,8
DA:145,8
DA:146,8
DA:147,8
DA:148,8
DA:149,16
DA:150,16
DA:151,16
DA:152,8
DA:153,8
DA:154,8
DA:155,8
DA:156,16
DA:159,16
DA:161,16
DA:163,8
DA:164,8
DA:166,16
DA:168,8
DA:169,8
DA:171,16
DA:174,16
DA:176,8
DA:177,8
DA:178,8
DA:179,16
DA:182,8
DA:183,8
DA:185,8
DA:186,8
DA:187,8
DA:188,16
DA:189,16
DA:190,16
DA:191,16
DA:194,8
DA:195,8
DA:197,8
DA:198,8
DA:199,8
DA:200,16
DA:203,16
DA:204,16
DA:205,16
DA:206,16
DA:209,8
DA:212,24
DA:214,16
DA:216,8
DA:217,8
DA:218,8
LF:134
LH:134
end_of_record
TN:
SF:/home/vlad/vsCode/2_course/programming/labs/lab3/Test/OListTest.cpp
FN:105,121,_ZN32OListTest_TestSearchByValue_TestINSt7__cxx1112basic_stringIcSt11char_traitsIcESaIcEEEE8TestBodyEv
FN:105,121,_ZN32OListTest_TestSearchByValue_TestIiE8TestBodyEv
FN:124,136,_ZN34OListTest_TestOperatorBracket_TestINSt7__cxx1112basic_stringIcSt11char_traitsIcESaIcEEEE8TestBodyEv
FN:124,136,_ZN34OListTest_TestOperatorBracket_TestIiE8TestBodyEv
FN:139,141,_ZN45OListTest_TestOperatorBracketOutOfBounds_TestINSt7__cxx1112basic_stringIcSt11char_traitsIcESaIcEEEE8TestBodyEv
FN:139,141,_ZN45OListTest_TestOperatorBracketOutOfBounds_TestIiE8TestBodyEv
FN:144,156,_ZN31OListTest_TestFillFromFile_TestINSt7__cxx1112basic_stringIcSt11char_traitsIcESaIcEEEE8TestBodyEv
FN:144,156,_ZN31OListTest_TestFillFromFile_TestIiE8TestBodyEv
FN:159,188,_ZN30OListTest_TestWriteToFile_TestINSt7__cxx1112basic_stringIcSt11char_traitsIcESaIcEEEE8TestBodyEv
FN:159,188,_ZN30OListTest_TestWriteToFile_TestIiE8TestBodyEv
FN:18,18,_ZN9OListTestINSt7__cxx1112basic_stringIcSt11char_traitsIcESaIcEEEE5SetUpEv
FN:18,18,_ZN9OListTestIiE5SetUpEv
FN:19,19,_ZN9OListTestINSt7__cxx1112basic_stringIcSt11char_traitsIcESaIcEEEE8TearDownEv
FN:19,19,_ZN9OListTestIiE8TearDownEv
FN:190,217,_ZN24OListTest_TestPrint_TestINSt7__cxx1112basic_stringIcSt11char_traitsIcESaIcEEEE8TestBodyEv
FN:190,217,_ZN24OListTest_TestPrint_TestIiE8TestBodyEv
FN:219,223,_ZN24OListTest_throwTest_TestINSt7__cxx1112basic_stringIcSt11char_traitsIcESaIcEEEE8TestBodyEv
FN:219,223,_ZN24OListTest_throwTest_TestIiE8TestBodyEv
FN:225,228,main
FN:28,40,_ZN27OListTest_TestPushBack_TestINSt7__cxx1112basic_stringIcSt11char_traitsIcESaIcEEEE8TestBodyEv
FN:28,40,_ZN27OListTest_TestPushBack_TestIiE8TestBodyEv
FN:43,55,_ZN28OListTest_TestPushFront_TestINSt7__cxx1112basic_stringIcSt11char_traitsIcESaIcEEEE8TestBodyEv
FN:43,55,_ZN28OListTest_TestPushFront_TestIiE8TestBodyEv
FN:58,70,_ZN27OListTest_TestPopFront_TestINSt7__cxx1112basic_stringIcSt11char_traitsIcESaIcEEEE8TestBodyEv
FN:58,70,_ZN27OListTest_TestPopFront_TestIiE8TestBodyEv
FN:73,85,_ZN26OListTest_TestPopBack_TestINSt7__cxx1112basic_stringIcSt11char_traitsIcESaIcEEEE8TestBodyEv
FN:73,85,_ZN26OListTest_TestPopBack_TestIiE8TestBodyEv
FN:88,102,_ZN27OListTest_TestPopValue_TestINSt7__cxx1112basic_stringIcSt11char_traitsIcESaIcEEEE8TestBodyEv
FN:88,102,_ZN27OListTest_TestPopValue_TestIiE8TestBodyEv
FNDA:4,_ZN32OListTest_TestSearchByValue_TestINSt7__cxx1112basic_stringIcSt11char_traitsIcESaIcEEEE8TestBodyEv
FNDA:4,_ZN32OListTest_TestSearchByValue_TestIiE8TestBodyEv
FNDA:4,_ZN34OListTest_TestOperatorBracket_TestINSt7__cxx1112basic_stringIcSt11char_traitsIcESaIcEEEE8TestBodyEv
FNDA:4,_ZN34OListTest_TestOperatorBracket_TestIiE8TestBodyEv
FNDA:4,_ZN45OListTest_TestOperatorBracketOutOfBounds_TestINSt7__cxx1112basic_stringIcSt11char_traitsIcESaIcEEEE8TestBodyEv
FNDA:4,_ZN45OListTest_TestOperatorBracketOutOfBounds_TestIiE8TestBodyEv
FNDA:4,_ZN31OListTest_TestFillFromFile_TestINSt7__cxx1112basic_stringIcSt11char_traitsIcESaIcEEEE8TestBodyEv
FNDA:4,_ZN31OListTest_TestFillFromFile_TestIiE8TestBodyEv
FNDA:4,_ZN30OListTest_TestWriteToFile_TestINSt7__cxx1112basic_stringIcSt11char_traitsIcESaIcEEEE8TestBodyEv
FNDA:4,_ZN30OListTest_TestWriteToFile_TestIiE8TestBodyEv
FNDA:48,_ZN9OListTestINSt7__cxx1112basic_stringIcSt11char_traitsIcESaIcEEEE5SetUpEv
FNDA:48,_ZN9OListTestIiE5SetUpEv
FNDA:48,_ZN9OListTestINSt7__cxx1112basic_stringIcSt11char_traitsIcESaIcEEEE8TearDownEv
FNDA:48,_ZN9OListTestIiE8TearDownEv
FNDA:4,_ZN24OListTest_TestPrint_TestINSt7__cxx1112basic_stringIcSt11char_traitsIcESaIcEEEE8TestBodyEv
FNDA:4,_ZN24OListTest_TestPrint_TestIiE8TestBodyEv
FNDA:4,_ZN24OListTest_throwTest_TestINSt7__cxx1112basic_stringIcSt11char_traitsIcESaIcEEEE8TestBodyEv
FNDA:4,_ZN24OListTest_throwTest_TestIiE8TestBodyEv
FNDA:4,main
FNDA:4,_ZN27OListTest_TestPushBack_TestINSt7__cxx1112basic_stringIcSt11char_traitsIcESaIcEEEE8TestBodyEv
FNDA:4,_ZN27OListTest_TestPushBack_TestIiE8TestBodyEv
FNDA:4,_ZN28OListTest_TestPushFront_TestINSt7__cxx1112basic_stringIcSt11char_traitsIcESaIcEEEE8TestBodyEv
FNDA:4,_ZN28OListTest_TestPushFront_TestIiE8TestBodyEv
FNDA:4,_ZN27OListTest_TestPopFront_TestINSt7__cxx1112basic_stringIcSt11char_traitsIcESaIcEEEE8TestBodyEv
FNDA:4,_ZN27OListTest_TestPopFront_TestIiE8TestBodyEv
FNDA:4,_ZN26OListTest_TestPopBack_TestINSt7__cxx1112basic_stringIcSt11char_traitsIcESaIcEEEE8TestBodyEv
FNDA:4,_ZN26OListTest_TestPopBack_TestIiE8TestBodyEv
FNDA:4,_ZN27OListTest_TestPopValue_TestINSt7__cxx1112basic_stringIcSt11char_traitsIcESaIcEEEE8TestBodyEv
FNDA:4,_ZN27OListTest_TestPopValue_TestIiE8TestBodyEv
FNF:29
FNH:29
DA:18,96
DA:19,96
DA:28,8
DA:30,4
DA:31,4
DA:32,4
DA:33,4
DA:35,8
DA:36,8
DA:37,4
DA:38,4
DA:40,8
DA:43,8
DA:45,4
DA:46,4
DA:47,4
DA:48,4
DA:50,8
DA:51,8
DA:52,4
DA:53,4
DA:55,8
DA:58,8
DA:60,4
DA:61,4
DA:62,4
DA:63,4
DA:65,8
DA:66,8
DA:67,4
DA:68,4
DA:70,8
DA:73,8
DA:75,4
DA:76,4
DA:77,4
DA:78,4
DA:80,8
DA:81,8
DA:82,4
DA:83,4
DA:85,8
DA:88,8
DA:90,4
DA:91,4
DA:92,4
DA:93,4
DA:94,4
DA:96,8
DA:97,8
DA:98,8
DA:99,8
DA:100,4
DA:102,8
DA:105,8
DA:106,8
DA:109,4
DA:110,4
DA:111,4
DA:113,8
DA:114,8
DA:115,8
DA:118,8
DA:119,8
DA:121,8
DA:124,8
DA:126,4
DA:127,4
DA:128,4
DA:129,4
DA:131,8
DA:132,8
DA:133,4
DA:134,4
DA:136,8
DA:139,8
DA:140,8
DA:141,8
DA:144,8
DA:146,8
DA:148,4
DA:149,4
DA:151,8
DA:153,4
DA:154,4
DA:156,8
DA:159,8
DA:161,4
DA:162,4
DA:163,8
DA:167,4
DA:170,4
DA:171,4
DA:172,4
DA:173,4
DA:174,4
DA:175,8
DA:176,8
DA:177,8
DA:180,4
DA:182,4
DA:183,4
DA:184,4
DA:185,4
DA:186,4
DA:187,4
DA:188,8
DA:190,8
DA:192,8
DA:196,4
DA:197,4
DA:198,4
DA:200,8
DA:201,8
DA:202,8
DA:206,8
DA:209,8
DA:213,4
DA:215,4
DA:217,8
DA:219,8
DA:220,8
DA:221,8
DA:222,8
DA:223,8
DA:225,4
DA:226,4
DA:227,4
LF:128
LH:128
end_of_record
TN:
SF:/home/vlad/vsCode/2_course/programming/labs/lab3/Test/QueueTest.cpp
FN:104,153,_ZN38QueueTest_TestWriteToFileWithType_TestINSt7__cxx1112basic_stringIcSt11char_traitsIcESaIcEEEE8TestBodyEv
FN:104,153,_ZN38QueueTest_TestWriteToFileWithType_TestIiE8TestBodyEv
FN:156,175,_ZN26QueueTest_TestGetSize_TestINSt7__cxx1112basic_stringIcSt11char_traitsIcESaIcEEEE8TestBodyEv
FN:156,175,_ZN26QueueTest_TestGetSize_TestIiE8TestBodyEv
FN:17,17,_ZN9QueueTestINSt7__cxx1112basic_stringIcSt11char_traitsIcESaIcEEEE5SetUpEv
FN:17,17,_ZN9QueueTestIiE5SetUpEv
FN:18,18,_ZN9QueueTestINSt7__cxx1112basic_stringIcSt11char_traitsIcESaIcEEEE8TearDownEv
FN:18,18,_ZN9QueueTestIiE8TearDownEv
FN:26,40,_ZN23QueueTest_TestPush_TestINSt7__cxx1112basic_stringIcSt11char_traitsIcESaIcEEEE8TestBodyEv
FN:26,40,_ZN23QueueTest_TestPush_TestIiE8TestBodyEv
FN:43,59,_ZN22QueueTest_TestPop_TestINSt7__cxx1112basic_stringIcSt11char_traitsIcESaIcEEEE8TestBodyEv
FN:43,59,_ZN22QueueTest_TestPop_TestIiE8TestBodyEv
FN:62,87,_ZN24QueueTest_TestPrint_TestINSt7__cxx1112basic_stringIcSt11char_traitsIcESaIcEEEE8TestBodyEv
FN:62,87,_ZN24QueueTest_TestPrint_TestIiE8TestBodyEv
FN:90,101,_ZN31QueueTest_TestFillFromFile_TestINSt7__cxx1112basic_stringIcSt11char_traitsIcESaIcEEEE8TestBodyEv
FN:90,101,_ZN31QueueTest_TestFillFromFile_TestIiE8TestBodyEv
FNDA:5,_ZN38QueueTest_TestWriteToFileWithType_TestINSt7__cxx1112basic_stringIcSt11char_traitsIcESaIcEEEE8TestBodyEv
FNDA:5,_ZN38QueueTest_TestWriteToFileWithType_TestIiE8TestBodyEv
FNDA:5,_ZN26QueueTest_TestGetSize_TestINSt7__cxx1112basic_stringIcSt11char_traitsIcESaIcEEEE8TestBodyEv
FNDA:5,_ZN26QueueTest_TestGetSize_TestIiE8TestBodyEv
FNDA:30,_ZN9QueueTestINSt7__cxx1112basic_stringIcSt11char_traitsIcESaIcEEEE5SetUpEv
FNDA:30,_ZN9QueueTestIiE5SetUpEv
FNDA:30,_ZN9QueueTestINSt7__cxx1112basic_stringIcSt11char_traitsIcESaIcEEEE8TearDownEv
FNDA:30,_ZN9QueueTestIiE8TearDownEv
FNDA:5,_ZN23QueueTest_TestPush_TestINSt7__cxx1112basic_stringIcSt11char_traitsIcESaIcEEEE8TestBodyEv
FNDA:5,_ZN23QueueTest_TestPush_TestIiE8TestBodyEv
FNDA:5,_ZN22QueueTest_TestPop_TestINSt7__cxx1112basic_stringIcSt11char_traitsIcESaIcEEEE8TestBodyEv
FNDA:5,_ZN22QueueTest_TestPop_TestIiE8TestBodyEv
FNDA:5,_ZN24QueueTest_TestPrint_TestINSt7__cxx1112basic_stringIcSt11char_traitsIcESaIcEEEE8TestBodyEv
FNDA:5,_ZN24QueueTest_TestPrint_TestIiE8TestBodyEv
FNDA:5,_ZN31QueueTest_TestFillFromFile_TestINSt7__cxx1112basic_stringIcSt11char_traitsIcESaIcEEEE8TestBodyEv
FNDA:5,_ZN31QueueTest_TestFillFromFile_TestIiE8TestBodyEv
FNF:16
FNH:16
DA:17,60
DA:18,60
DA:26,10
DA:29,5
DA:30,5
DA:31,5
DA:32,5
DA:35,10
DA:36,10
DA:37,10
DA:38,5
DA:40,10
DA:43,10
DA:46,5
DA:47,5
DA:48,5
DA:49,5
DA:50,5
DA:53,10
DA:54,10
DA:55,10
DA:56,5
DA:57,5
DA:59,10
DA:62,10
DA:63,10
DA:67,5
DA:68,5
DA:69,5
DA:70,5
DA:72,5
DA:73,5
DA:75,5
DA:77,10
DA:78,10
DA:79,10
DA:80,5
DA:82,5
DA:83,5
DA:86,5
DA:87,10
DA:90,10
DA:93,10
DA:95,5
DA:97,10
DA:99,5
DA:101,10
DA:104,10
DA:106,10
DA:109,10
DA:113,5
DA:114,5
DA:115,5
DA:121,10
DA:122,10
DA:123,10
DA:127,20
DA:131,10
DA:135,10
DA:137,10
DA:138,10
DA:142,5
DA:143,0
DA:148,5
DA:149,0
DA:152,10
DA:153,10
DA:156,10
DA:157,10
DA:161,5
DA:162,5
DA:163,5
DA:166,10
DA:167,10
DA:168,5
DA:175,10
LF:76
LH:74
end_of_record
TN:
SF:/home/vlad/vsCode/2_course/programming/labs/lab3/Test/StackTest.cpp
FN:132,146,_ZN26StackTest_TestGetSize_TestINSt7__cxx1112basic_stringIcSt11char_traitsIcESaIcEEEE8TestBodyEv
FN:132,146,_ZN26StackTest_TestGetSize_TestIiE8TestBodyEv
FN:17,17,_ZN9StackTestINSt7__cxx1112basic_stringIcSt11char_traitsIcESaIcEEEE5SetUpEv
FN:17,17,_ZN9StackTestIiE5SetUpEv
FN:18,18,_ZN9StackTestINSt7__cxx1112basic_stringIcSt11char_traitsIcESaIcEEEE8TearDownEv
FN:18,18,_ZN9StackTestIiE8TearDownEv
FN:26,38,_ZN23StackTest_TestPush_TestINSt7__cxx1112basic_stringIcSt11char_traitsIcESaIcEEEE8TestBodyEv
FN:26,38,_ZN23StackTest_TestPush_TestIiE8TestBodyEv
FN:41,55,_ZN22StackTest_TestPop_TestINSt7__cxx1112basic_stringIcSt11char_traitsIcESaIcEEEE8TestBodyEv
FN:41,55,_ZN22StackTest_TestPop_TestIiE8TestBodyEv
FN:58,77,_ZN24StackTest_TestPrint_TestINSt7__cxx1112basic_stringIcSt11char_traitsIcESaIcEEEE8TestBodyEv
FN:58,77,_ZN24StackTest_TestPrint_TestIiE8TestBodyEv
FN:80,92,_ZN31StackTest_TestFillFromFile_TestINSt7__cxx1112basic_stringIcSt11char_traitsIcESaIcEEEE8TestBodyEv
FN:80,92,_ZN31StackTest_TestFillFromFile_TestIiE8TestBodyEv
FN:95,129,_ZN38StackTest_TestWriteToFileWithType_TestINSt7__cxx1112basic_stringIcSt11char_traitsIcESaIcEEEE8TestBodyEv
FN:95,129,_ZN38StackTest_TestWriteToFileWithType_TestIiE8TestBodyEv
FNDA:2,_ZN26StackTest_TestGetSize_TestINSt7__cxx1112basic_stringIcSt11char_traitsIcESaIcEEEE8TestBodyEv
FNDA:2,_ZN26StackTest_TestGetSize_TestIiE8TestBodyEv
FNDA:12,_ZN9StackTestINSt7__cxx1112basic_stringIcSt11char_traitsIcESaIcEEEE5SetUpEv
FNDA:12,_ZN9StackTestIiE5SetUpEv
FNDA:12,_ZN9StackTestINSt7__cxx1112basic_stringIcSt11char_traitsIcESaIcEEEE8TearDownEv
FNDA:12,_ZN9StackTestIiE8TearDownEv
FNDA:2,_ZN23StackTest_TestPush_TestINSt7__cxx1112basic_stringIcSt11char_traitsIcESaIcEEEE8TestBodyEv
FNDA:2,_ZN23StackTest_TestPush_TestIiE8TestBodyEv
FNDA:2,_ZN22StackTest_TestPop_TestINSt7__cxx1112basic_stringIcSt11char_traitsIcESaIcEEEE8TestBodyEv
FNDA:2,_ZN22StackTest_TestPop_TestIiE8TestBodyEv
FNDA:2,_ZN24StackTest_TestPrint_TestINSt7__cxx1112basic_stringIcSt11char_traitsIcESaIcEEEE8TestBodyEv
FNDA:2,_ZN24StackTest_TestPrint_TestIiE8TestBodyEv
FNDA:2,_ZN31StackTest_TestFillFromFile_TestINSt7__cxx1112basic_stringIcSt11char_traitsIcESaIcEEEE8TestBodyEv
FNDA:2,_ZN31StackTest_TestFillFromFile_TestIiE8TestBodyEv
FNDA:2,_ZN38StackTest_TestWriteToFileWithType_TestINSt7__cxx1112basic_stringIcSt11char_traitsIcESaIcEEEE8TestBodyEv
FNDA:2,_ZN38StackTest_TestWriteToFileWithType_TestIiE8TestBodyEv
FNF:16
FNH:16
DA:17,24
DA:18,24
DA:26,4
DA:28,2
DA:29,2
DA:30,2
DA:31,2
DA:33,4
DA:34,4
DA:35,4
DA:36,2
DA:38,4
DA:41,4
DA:43,2
DA:44,2
DA:45,2
DA:46,2
DA:47,2
DA:49,4
DA:50,4
DA:51,4
DA:52,2
DA:53,2
DA:55,4
DA:58,4
DA:59,4
DA:62,2
DA:63,2
DA:64,2
DA:65,2
DA:66,2
DA:67,2
DA:68,2
DA:69,4
DA:70,4
DA:71,4
DA:72,2
DA:73,2
DA:74,2
DA:76,2
DA:77,4
DA:80,4
DA:82,4
DA:84,2
DA:87,4
DA:89,2
DA:92,4
DA:95,4
DA:96,4
DA:99,4
DA:102,2
DA:103,2
DA:104,2
DA:106,4
DA:107,4
DA:108,4
DA:112,8
DA:116,4
DA:118,4
DA:119,4
DA:121,2
DA:122,0
DA:124,2
DA:125,0
DA:128,4
DA:129,4
DA:132,4
DA:133,4
DA:136,2
DA:137,2
DA:138,2
DA:141,4
DA:142,4
DA:143,2
DA:146,4
LF:75
LH:73
end_of_record
TN:
SF:/home/vlad/vsCode/2_course/programming/labs/lab3/source/Array.cpp
FN:100,102,_ZNK5ArrayINSt7__cxx1112basic_stringIcSt11char_traitsIcESaIcEEEE7getSizeEv
FN:100,102,_ZNK5ArrayIiE7getSizeEv
FN:106,111,_ZNK5ArrayINSt7__cxx1112basic_stringIcSt11char_traitsIcESaIcEEEE5printEv
FN:106,111,_ZNK5ArrayIiE5printEv
FN:114,130,_ZNK5ArrayINSt7__cxx1112basic_stringIcSt11char_traitsIcESaIcEEEE11writeToFileERKS5_
FN:114,130,_ZNK5ArrayIiE11writeToFileERKNSt7__cxx1112basic_stringIcSt11char_traitsIcESaIcEEE
FN:133,147,_ZN5ArrayINSt7__cxx1112basic_stringIcSt11char_traitsIcESaIcEEEE12fillFromFileERKS5_
FN:133,147,_ZN5ArrayIiE12fillFromFileERKNSt7__cxx1112basic_stringIcSt11char_traitsIcESaIcEEE
FN:150,158,_ZN5ArrayINSt7__cxx1112basic_stringIcSt11char_traitsIcESaIcEEEE12eraseByValueERKS5_
FN:150,158,_ZN5ArrayIiE12eraseByValueERKi
FN:21,23,_ZN5ArrayINSt7__cxx1112basic_stringIcSt11char_traitsIcESaIcEEEED2Ev
FN:21,23,_ZN5ArrayIiED2Ev
FN:27,32,_ZN5ArrayINSt7__cxx1112basic_stringIcSt11char_traitsIcESaIcEEEEixEm
FN:27,32,_ZN5ArrayIiEixEm
FN:36,41,_ZN5ArrayINSt7__cxx1112basic_stringIcSt11char_traitsIcESaIcEEEE12emplace_backES5_
FN:36,41,_ZN5ArrayIiE12emplace_backEi
FN:45,56,_ZN5ArrayINSt7__cxx1112basic_stringIcSt11char_traitsIcESaIcEEEE6resizeEm
FN:45,56,_ZN5ArrayIiE6resizeEm
FN:6,8,_ZN5ArrayINSt7__cxx1112basic_stringIcSt11char_traitsIcESaIcEEEEC2Ev
FN:6,8,_ZN5ArrayIiEC2Ev
FN:60,74,_ZN5ArrayINSt7__cxx1112basic_stringIcSt11char_traitsIcESaIcEEEE6insertEmS5_
FN:60,74,_ZN5ArrayIiE6insertEmi
FN:78,87,_ZN5ArrayINSt7__cxx1112basic_stringIcSt11char_traitsIcESaIcEEEE5eraseEm
FN:78,87,_ZN5ArrayIiE5eraseEm
FN:91,96,_ZN5ArrayINSt7__cxx1112basic_stringIcSt11char_traitsIcESaIcEEEE7replaceEmS5_
FN:91,96,_ZN5ArrayIiE7replaceEmi
FNDA:52,_ZNK5ArrayINSt7__cxx1112basic_stringIcSt11char_traitsIcESaIcEEEE7getSizeEv
FNDA:52,_ZNK5ArrayIiE7getSizeEv
FNDA:13,_ZNK5ArrayINSt7__cxx1112basic_stringIcSt11char_traitsIcESaIcEEEE5printEv
FNDA:13,_ZNK5ArrayIiE5printEv
FNDA:13,_ZNK5ArrayINSt7__cxx1112basic_stringIcSt11char_traitsIcESaIcEEEE11writeToFileERKS5_
FNDA:13,_ZNK5ArrayIiE11writeToFileERKNSt7__cxx1112basic_stringIcSt11char_traitsIcESaIcEEE
FNDA:26,_ZN5ArrayINSt7__cxx1112basic_stringIcSt11char_traitsIcESaIcEEEE12fillFromFileERKS5_
FNDA:26,_ZN5ArrayIiE12fillFromFileERKNSt7__cxx1112basic_stringIcSt11char_traitsIcESaIcEEE
FNDA:13,_ZN5ArrayINSt7__cxx1112basic_stringIcSt11char_traitsIcESaIcEEEE12eraseByValueERKS5_
FNDA:13,_ZN5ArrayIiE12eraseByValueERKi
FNDA:156,_ZN5ArrayINSt7__cxx1112basic_stringIcSt11char_traitsIcESaIcEEEED2Ev
FNDA:156,_ZN5ArrayIiED2Ev
FNDA:104,_ZN5ArrayINSt7__cxx1112basic_stringIcSt11char_traitsIcESaIcEEEEixEm
FNDA:104,_ZN5ArrayIiEixEm
FNDA:494,_ZN5ArrayINSt7__cxx1112basic_stringIcSt11char_traitsIcESaIcEEEE12emplace_backES5_
FNDA:494,_ZN5ArrayIiE12emplace_backEi
FNDA:13,_ZN5ArrayINSt7__cxx1112basic_stringIcSt11char_traitsIcESaIcEEEE6resizeEm
FNDA:13,_ZN5ArrayIiE6resizeEm
FNDA:156,_ZN5ArrayINSt7__cxx1112basic_stringIcSt11char_traitsIcESaIcEEEEC2Ev
FNDA:156,_ZN5ArrayIiEC2Ev
FNDA:39,_ZN5ArrayINSt7__cxx1112basic_stringIcSt11char_traitsIcESaIcEEEE6insertEmS5_
FNDA:39,_ZN5ArrayIiE6insertEmi
FNDA:39,_ZN5ArrayINSt7__cxx1112basic_stringIcSt11char_traitsIcESaIcEEEE5eraseEm
FNDA:39,_ZN5ArrayIiE5eraseEm
FNDA:26,_ZN5ArrayINSt7__cxx1112basic_stringIcSt11char_traitsIcESaIcEEEE7replaceEmS5_
FNDA:26,_ZN5ArrayIiE7replaceEmi
FNF:26
FNH:26
DA:6,312
DA:7,1872
DA:8,312
DA:21,312
DA:23,312
DA:27,208
DA:28,208
DA:29,26
DA:31,182
DA:36,988
DA:37,988
DA:38,26
DA:40,988
DA:41,988
DA:45,26
DA:46,26
DA:47,0
DA:49,286
DA:50,286
DA:51,260
DA:53,156
DA:54,26
DA:55,26
DA:56,26
DA:60,78
DA:61,78
DA:62,26
DA:65,52
DA:66,0
DA:69,78
DA:70,26
DA:72,52
DA:73,52
DA:74,52
DA:78,78
DA:79,78
DA:80,26
DA:83,104
DA:84,52
DA:86,52
DA:87,52
DA:91,52
DA:92,52
DA:93,26
DA:95,26
DA:96,26
DA:100,104
DA:101,104
DA:106,26
DA:107,104
DA:108,78
DA:110,26
DA:111,26
DA:114,26
DA:115,26
DA:116,26
DA:117,0
DA:118,0
DA:121,156
DA:122,130
DA:123,130
DA:124,104
DA:128,26
DA:129,26
DA:130,26
DA:133,52
DA:134,52
DA:135,52
DA:136,0
DA:137,0
DA:140,26
DA:141,312
DA:142,260
DA:145,52
DA:146,52
DA:147,52
DA:150,26
DA:151,26
DA:152,26
DA:153,26
DA:154,26
DA:157,0
LF:82
LH:75
end_of_record
TN:
SF:/home/vlad/vsCode/2_course/programming/labs/lab3/source/DList.cpp
FN:11,15,_ZN5DListINSt7__cxx1112basic_stringIcSt11char_traitsIcESaIcEEEED2Ev
FN:11,15,_ZN5DListIiED2Ev
FN:125,146,_ZN5DListINSt7__cxx1112basic_stringIcSt11char_traitsIcESaIcEEEE15search_by_valueES5_
FN:125,146,_ZN5DListIiE15search_by_valueEi
FN:149,167,_ZN5DListINSt7__cxx1112basic_stringIcSt11char_traitsIcESaIcEEEEixEm
FN:149,167,_ZN5DListIiEixEm
FN:170,177,_ZN5DListINSt7__cxx1112basic_stringIcSt11char_traitsIcESaIcEEEE5printEv
FN:170,177,_ZN5DListIiE5printEv
FN:18,20,_ZN5DListINSt7__cxx1112basic_stringIcSt11char_traitsIcESaIcEEEE7GetSizeEv
FN:18,20,_ZN5DListIiE7GetSizeEv
FN:180,193,_ZN5DListINSt7__cxx1112basic_stringIcSt11char_traitsIcESaIcEEEE12fillFromFileERKS5_
FN:180,193,_ZN5DListIiE12fillFromFileERKNSt7__cxx1112basic_stringIcSt11char_traitsIcESaIcEEE
FN:196,209,_ZNK5DListINSt7__cxx1112basic_stringIcSt11char_traitsIcESaIcEEEE11writeToFileERKS5_
FN:196,209,_ZNK5DListIiE11writeToFileERKNSt7__cxx1112basic_stringIcSt11char_traitsIcESaIcEEE
FN:23,34,_ZN5DListINSt7__cxx1112basic_stringIcSt11char_traitsIcESaIcEEEE9push_backES5_
FN:23,34,_ZN5DListIiE9push_backEi
FN:37,48,_ZN5DListINSt7__cxx1112basic_stringIcSt11char_traitsIcESaIcEEEE10push_frontES5_
FN:37,48,_ZN5DListIiE10push_frontEi
FN:51,65,_ZN5DListINSt7__cxx1112basic_stringIcSt11char_traitsIcESaIcEEEE9pop_frontEv
FN:51,65,_ZN5DListIiE9pop_frontEv
FN:68,82,_ZN5DListINSt7__cxx1112basic_stringIcSt11char_traitsIcESaIcEEEE8pop_backEv
FN:68,82,_ZN5DListIiE8pop_backEv
FN:8,8,_ZN5DListINSt7__cxx1112basic_stringIcSt11char_traitsIcESaIcEEEEC2Ev
FN:8,8,_ZN5DListIiEC2Ev
FN:85,122,_ZN5DListINSt7__cxx1112basic_stringIcSt11char_traitsIcESaIcEEEE9pop_valueES5_
FN:85,122,_ZN5DListIiE9pop_valueEi
FNDA:96,_ZN5DListINSt7__cxx1112basic_stringIcSt11char_traitsIcESaIcEEEED2Ev
FNDA:96,_ZN5DListIiED2Ev
FNDA:8,_ZN5DListINSt7__cxx1112basic_stringIcSt11char_traitsIcESaIcEEEE15search_by_valueES5_
FNDA:8,_ZN5DListIiE15search_by_valueEi
FNDA:88,_ZN5DListINSt7__cxx1112basic_stringIcSt11char_traitsIcESaIcEEEEixEm
FNDA:88,_ZN5DListIiEixEm
FNDA:8,_ZN5DListINSt7__cxx1112basic_stringIcSt11char_traitsIcESaIcEEEE5printEv
FNDA:8,_ZN5DListIiE5printEv
FNDA:16,_ZN5DListINSt7__cxx1112basic_stringIcSt11char_traitsIcESaIcEEEE7GetSizeEv
FNDA:16,_ZN5DListIiE7GetSizeEv
FNDA:16,_ZN5DListINSt7__cxx1112basic_stringIcSt11char_traitsIcESaIcEEEE12fillFromFileERKS5_
FNDA:16,_ZN5DListIiE12fillFromFileERKNSt7__cxx1112basic_stringIcSt11char_traitsIcESaIcEEE
FNDA:8,_ZNK5DListINSt7__cxx1112basic_stringIcSt11char_traitsIcESaIcEEEE11writeToFileERKS5_
FNDA:8,_ZNK5DListIiE11writeToFileERKNSt7__cxx1112basic_stringIcSt11char_traitsIcESaIcEEE
FNDA:216,_ZN5DListINSt7__cxx1112basic_stringIcSt11char_traitsIcESaIcEEEE9push_backES5_
FNDA:216,_ZN5DListIiE9push_backEi
FNDA:16,_ZN5DListINSt7__cxx1112basic_stringIcSt11char_traitsIcESaIcEEEE10push_frontES5_
FNDA:16,_ZN5DListIiE10push_frontEi
FNDA:216,_ZN5DListINSt7__cxx1112basic_stringIcSt11char_traitsIcESaIcEEEE9pop_frontEv
FNDA:216,_ZN5DListIiE9pop_frontEv
FNDA:16,_ZN5DListINSt7__cxx1112basic_stringIcSt11char_traitsIcESaIcEEEE8pop_backEv
FNDA:16,_ZN5DListIiE8pop_backEv
FNDA:96,_ZN5DListINSt7__cxx1112basic_stringIcSt11char_traitsIcESaIcEEEEC2Ev
FNDA:96,_ZN5DListIiEC2Ev
FNDA:16,_ZN5DListINSt7__cxx1112basic_stringIcSt11char_traitsIcESaIcEEEE9pop_valueES5_
FNDA:16,_ZN5DListIiE9pop_valueEi
FNF:26
FNH:26
DA:8,192
DA:11,192
DA:12,592
DA:13,400
DA:15,192
DA:18,32
DA:19,32
DA:23,432
DA:24,432
DA:25,432
DA:26,160
DA:27,160
DA:29,272
DA:30,272
DA:31,272
DA:33,432
DA:34,432
DA:37,32
DA:38,32
DA:39,32
DA:40,16
DA:41,16
DA:43,16
DA:44,16
DA:45,16
DA:47,32
DA:48,32
DA:51,432
DA:52,432
DA:53,16
DA:56,416
DA:57,416
DA:58,416
DA:59,240
DA:61,176
DA:63,416
DA:64,416
DA:65,416
DA:68,32
DA:69,32
DA:70,16
DA:73,16
DA:74,16
DA:75,16
DA:76,16
DA:78,0
DA:80,16
DA:81,16
DA:82,16
DA:85,32
DA:86,32
DA:87,16
DA:90,32
DA:91,16
DA:92,16
DA:93,16
DA:94,16
DA:96,0
DA:98,16
DA:99,16
DA:102,16
DA:103,48
DA:104,32
DA:105,16
DA:106,16
DA:107,16
DA:109,16
DA:110,0
DA:112,16
DA:113,16
DA:115,16
DA:116,16
DA:117,16
DA:119,16
DA:122,16
DA:125,16
DA:126,16
DA:127,16
DA:128,16
DA:130,16
DA:132,48
DA:133,32
DA:134,16
DA:135,16
DA:137,32
DA:138,32
DA:141,16
DA:142,0
DA:145,16
DA:146,16
DA:149,176
DA:150,176
DA:151,32
DA:154,144
DA:155,144
DA:157,208
DA:158,208
DA:159,144
DA:161,64
DA:162,64
DA:166,0
DA:170,16
DA:171,16
DA:172,64
DA:173,48
DA:174,48
DA:176,16
DA:177,16
DA:180,32
DA:181,32
DA:182,32
DA:183,0
DA:184,0
DA:187,16
DA:188,160
DA:189,128
DA:192,32
DA:193,32
DA:196,16
DA:197,16
DA:198,16
DA:199,0
DA:202,16
DA:203,64
DA:204,48
DA:205,48
DA:208,16
DA:209,16
LF:128
LH:120
end_of_record
TN:
SF:/home/vlad/vsCode/2_course/programming/labs/lab3/source/OList.cpp
FN:102,123,_ZN5OListINSt7__cxx1112basic_stringIcSt11char_traitsIcESaIcEEEE15search_by_valueES5_
FN:102,123,_ZN5OListIiE15search_by_valueEi
FN:11,15,_ZN5OListINSt7__cxx1112basic_stringIcSt11char_traitsIcESaIcEEEED2Ev
FN:11,15,_ZN5OListIiED2Ev
FN:126,144,_ZN5OListINSt7__cxx1112basic_stringIcSt11char_traitsIcESaIcEEEEixEm
FN:126,144,_ZN5OListIiEixEm
FN:147,154,_ZN5OListINSt7__cxx1112basic_stringIcSt11char_traitsIcESaIcEEEE5printEv
FN:147,154,_ZN5OListIiE5printEv
FN:157,170,_ZN5OListINSt7__cxx1112basic_stringIcSt11char_traitsIcESaIcEEEE12fillFromFileERKS5_
FN:157,170,_ZN5OListIiE12fillFromFileERKNSt7__cxx1112basic_stringIcSt11char_traitsIcESaIcEEE
FN:173,185,_ZNK5OListINSt7__cxx1112basic_stringIcSt11char_traitsIcESaIcEEEE11writeToFileERKS5_
FN:173,185,_ZNK5OListIiE11writeToFileERKNSt7__cxx1112basic_stringIcSt11char_traitsIcESaIcEEE
FN:18,20,_ZN5OListINSt7__cxx1112basic_stringIcSt11char_traitsIcESaIcEEEE7GetSizeEv
FN:18,20,_ZN5OListIiE7GetSizeEv
FN:23,34,_ZN5OListINSt7__cxx1112basic_stringIcSt11char_traitsIcESaIcEEEE9push_backES5_
FN:23,34,_ZN5OListIiE9push_backEi
FN:37,41,_ZN5OListINSt7__cxx1112basic_stringIcSt11char_traitsIcESaIcEEEE10push_frontES5_
FN:37,41,_ZN5OListIiE10push_frontEi
FN:44,53,_ZN5OListINSt7__cxx1112basic_stringIcSt11char_traitsIcESaIcEEEE9pop_frontEv
FN:44,53,_ZN5OListIiE9pop_frontEv
FN:56,73,_ZN5OListINSt7__cxx1112basic_stringIcSt11char_traitsIcESaIcEEEE8pop_backEv
FN:56,73,_ZN5OListIiE8pop_backEv
FN:76,99,_ZN5OListINSt7__cxx1112basic_stringIcSt11char_traitsIcESaIcEEEE9pop_valueES5_
FN:76,99,_ZN5OListIiE9pop_valueEi
FN:8,8,_ZN5OListINSt7__cxx1112basic_stringIcSt11char_traitsIcESaIcEEEEC2Ev
FN:8,8,_ZN5OListIiEC2Ev
FNDA:4,_ZN5OListINSt7__cxx1112basic_stringIcSt11char_traitsIcESaIcEEEE15search_by_valueES5_
FNDA:4,_ZN5OListIiE15search_by_valueEi
FNDA:48,_ZN5OListINSt7__cxx1112basic_stringIcSt11char_traitsIcESaIcEEEED2Ev
FNDA:48,_ZN5OListIiED2Ev
FNDA:48,_ZN5OListINSt7__cxx1112basic_stringIcSt11char_traitsIcESaIcEEEEixEm
FNDA:48,_ZN5OListIiEixEm
FNDA:4,_ZN5OListINSt7__cxx1112basic_stringIcSt11char_traitsIcESaIcEEEE5printEv
FNDA:4,_ZN5OListIiE5printEv
FNDA:4,_ZN5OListINSt7__cxx1112basic_stringIcSt11char_traitsIcESaIcEEEE12fillFromFileERKS5_
FNDA:4,_ZN5OListIiE12fillFromFileERKNSt7__cxx1112basic_stringIcSt11char_traitsIcESaIcEEE
FNDA:4,_ZNK5OListINSt7__cxx1112basic_stringIcSt11char_traitsIcESaIcEEEE11writeToFileERKS5_
FNDA:4,_ZNK5OListIiE11writeToFileERKNSt7__cxx1112basic_stringIcSt11char_traitsIcESaIcEEE
FNDA:4,_ZN5OListINSt7__cxx1112basic_stringIcSt11char_traitsIcESaIcEEEE7GetSizeEv
FNDA:4,_ZN5OListIiE7GetSizeEv
FNDA:92,_ZN5OListINSt7__cxx1112basic_stringIcSt11char_traitsIcESaIcEEEE9push_backES5_
FNDA:92,_ZN5OListIiE9push_backEi
FNDA:8,_ZN5OListINSt7__cxx1112basic_stringIcSt11char_traitsIcESaIcEEEE10push_frontES5_
FNDA:8,_ZN5OListIiE10push_frontEi
FNDA:92,_ZN5OListINSt7__cxx1112basic_stringIcSt11char_traitsIcESaIcEEEE9pop_frontEv
FNDA:92,_ZN5OListIiE9pop_frontEv
FNDA:8,_ZN5OListINSt7__cxx1112basic_stringIcSt11char_traitsIcESaIcEEEE8pop_backEv
FNDA:8,_ZN5OListIiE8pop_backEv
FNDA:4,_ZN5OListINSt7__cxx1112basic_stringIcSt11char_traitsIcESaIcEEEE9pop_valueES5_
FNDA:4,_ZN5OListIiE9pop_valueEi
FNDA:48,_ZN5OListINSt7__cxx1112basic_stringIcSt11char_traitsIcESaIcEEEEC2Ev
FNDA:48,_ZN5OListIiEC2Ev
FNF:26
FNH:26
DA:8,96
DA:11,96
DA:12,264
DA:13,168
DA:15,96
DA:18,8
DA:19,8
DA:23,184
DA:24,184
DA:25,72
DA:27,112
DA:28,176
DA:29,64
DA:31,112
DA:33,184
DA:34,184
DA:37,16
DA:38,16
DA:39,16
DA:40,16
DA:41,16
DA:44,184
DA:45,184
DA:46,8
DA:49,176
DA:50,176
DA:51,176
DA:52,176
DA:53,176
DA:56,16
DA:57,16
DA:58,8
DA:61,8
DA:62,0
DA:63,0
DA:65,8
DA:66,8
DA:67,0
DA:69,8
DA:70,8
DA:72,8
DA:73,8
DA:76,8
DA:77,8
DA:78,0
DA:81,16
DA:82,8
DA:83,8
DA:84,8
DA:85,8
DA:88,8
DA:89,16
DA:90,8
DA:91,8
DA:92,8
DA:93,8
DA:94,8
DA:96,0
DA:99,8
DA:102,8
DA:103,8
DA:104,8
DA:105,8
DA:107,8
DA:109,24
DA:110,16
DA:111,8
DA:112,8
DA:114,16
DA:115,16
DA:118,8
DA:119,0
DA:122,8
DA:123,8
DA:126,96
DA:127,96
DA:128,16
DA:131,80
DA:132,80
DA:134,104
DA:135,104
DA:136,80
DA:138,24
DA:139,24
DA:143,0
DA:147,8
DA:148,8
DA:149,32
DA:150,24
DA:151,24
DA:153,8
DA:154,8
DA:157,8
DA:158,8
DA:159,8
DA:160,0
DA:161,0
DA:164,4
DA:165,48
DA:166,40
DA:169,8
DA:170,8
DA:173,8
DA:174,8
DA:175,8
DA:176,0
DA:177,0
DA:180,8
DA:181,24
DA:182,16
DA:183,16
DA:185,8
LF:112
LH:101
end_of_record
TN:
SF:/home/vlad/vsCode/2_course/programming/labs/lab3/source/binaryTree.cpp
FN:15,17,_ZN10BinaryTreeINSt7__cxx1112basic_stringIcSt11char_traitsIcESaIcEEEE6insertES5_
FN:15,17,_ZN10BinaryTreeIiE6insertEi
FN:20,28,_ZN10BinaryTreeINSt7__cxx1112basic_stringIcSt11char_traitsIcESaIcEEEE6insertERPNS6_4NodeES5_
FN:20,28,_ZN10BinaryTreeIiE6insertERPNS0_4NodeEi
FN:32,34,_ZNK10BinaryTreeINSt7__cxx1112basic_stringIcSt11char_traitsIcESaIcEEEE6searchES5_
FN:32,34,_ZNK10BinaryTreeIiE6searchEi
FN:37,42,_ZNK10BinaryTreeINSt7__cxx1112basic_stringIcSt11char_traitsIcESaIcEEEE6searchEPNS6_4NodeES5_
FN:37,42,_ZNK10BinaryTreeIiE6searchEPNS0_4NodeEi
FN:46,48,_ZNK10BinaryTreeINSt7__cxx1112basic_stringIcSt11char_traitsIcESaIcEEEE7inorderEv
FN:46,48,_ZNK10BinaryTreeIiE7inorderEv
FN:5,5,_ZN10BinaryTreeINSt7__cxx1112basic_stringIcSt11char_traitsIcESaIcEEEEC2Ev
FN:5,5,_ZN10BinaryTreeIiEC2Ev
FN:51,57,_ZNK10BinaryTreeINSt7__cxx1112basic_stringIcSt11char_traitsIcESaIcEEEE7inorderEPNS6_4NodeE
FN:51,57,_ZNK10BinaryTreeIiE7inorderEPNS0_4NodeE
FN:61,67,_ZN10BinaryTreeINSt7__cxx1112basic_stringIcSt11char_traitsIcESaIcEEEE5clearEPNS6_4NodeE
FN:61,67,_ZN10BinaryTreeIiE5clearEPNS0_4NodeE
FN:71,74,_ZNK10BinaryTreeINSt7__cxx1112basic_stringIcSt11char_traitsIcESaIcEEEE6heightEPNS6_4NodeE
FN:71,74,_ZNK10BinaryTreeIiE6heightEPNS0_4NodeE
FN:78,86,_ZNK10BinaryTreeINSt7__cxx1112basic_stringIcSt11char_traitsIcESaIcEEEE10isBalancedEPNS6_4NodeE
FN:78,86,_ZNK10BinaryTreeIiE10isBalancedEPNS0_4NodeE
FN:9,11,_ZN10BinaryTreeINSt7__cxx1112basic_stringIcSt11char_traitsIcESaIcEEEED2Ev
FN:9,11,_ZN10BinaryTreeIiED2Ev
FN:90,92,_ZNK10BinaryTreeINSt7__cxx1112basic_stringIcSt11char_traitsIcESaIcEEEE10isBalancedEv
FN:90,92,_ZNK10BinaryTreeIiE10isBalancedEv
FNDA:110,_ZN10BinaryTreeINSt7__cxx1112basic_stringIcSt11char_traitsIcESaIcEEEE6insertES5_
FNDA:209,_ZN10BinaryTreeIiE6insertEi
FNDA:187,_ZN10BinaryTreeINSt7__cxx1112basic_stringIcSt11char_traitsIcESaIcEEEE6insertERPNS6_4NodeES5_
FNDA:462,_ZN10BinaryTreeIiE6insertERPNS0_4NodeEi
FNDA:55,_ZNK10BinaryTreeINSt7__cxx1112basic_stringIcSt11char_traitsIcESaIcEEEE6searchES5_
FNDA:55,_ZNK10BinaryTreeIiE6searchEi
FNDA:121,_ZNK10BinaryTreeINSt7__cxx1112basic_stringIcSt11char_traitsIcESaIcEEEE6searchEPNS6_4NodeES5_
FNDA:110,_ZNK10BinaryTreeIiE6searchEPNS0_4NodeEi
FNDA:11,_ZNK10BinaryTreeINSt7__cxx1112basic_stringIcSt11char_traitsIcESaIcEEEE7inorderEv
FNDA:11,_ZNK10BinaryTreeIiE7inorderEv
FNDA:44,_ZN10BinaryTreeINSt7__cxx1112basic_stringIcSt11char_traitsIcESaIcEEEEC2Ev
FNDA:44,_ZN10BinaryTreeIiEC2Ev
FNDA:77,_ZNK10BinaryTreeINSt7__cxx1112basic_stringIcSt11char_traitsIcESaIcEEEE7inorderEPNS6_4NodeE
FNDA:165,_ZNK10BinaryTreeIiE7inorderEPNS0_4NodeE
FNDA:264,_ZN10BinaryTreeINSt7__cxx1112basic_stringIcSt11char_traitsIcESaIcEEEE5clearEPNS6_4NodeE
FNDA:462,_ZN10BinaryTreeIiE5clearEPNS0_4NodeE
FNDA:66,_ZNK10BinaryTreeINSt7__cxx1112basic_stringIcSt11char_traitsIcESaIcEEEE6heightEPNS6_4NodeE
FNDA:220,_ZNK10BinaryTreeIiE6heightEPNS0_4NodeE
FNDA:55,_ZNK10BinaryTreeINSt7__cxx1112basic_stringIcSt11char_traitsIcESaIcEEEE10isBalancedEPNS6_4NodeE
FNDA:88,_ZNK10BinaryTreeIiE10isBalancedEPNS0_4NodeE
FNDA:44,_ZN10BinaryTreeINSt7__cxx1112basic_stringIcSt11char_traitsIcESaIcEEEED2Ev
FNDA:44,_ZN10BinaryTreeIiED2Ev
FNDA:11,_ZNK10BinaryTreeINSt7__cxx1112basic_stringIcSt11char_traitsIcESaIcEEEE10isBalancedEv
FNDA:22,_ZNK10BinaryTreeIiE10isBalancedEv
FNF:24
FNH:24
DA:5,88
DA:9,88
DA:10,88
DA:11,88
DA:15,319
DA:16,319
DA:17,319
DA:20,649
DA:21,649
DA:22,319
DA:23,330
DA:24,165
DA:26,165
DA:28,649
DA:32,110
DA:33,110
DA:37,231
DA:38,231
DA:39,187
DA:40,121
DA:41,121
DA:46,22
DA:47,22
DA:48,22
DA:51,242
DA:52,242
DA:53,110
DA:54,110
DA:55,110
DA:57,242
DA:61,726
DA:62,726
DA:63,319
DA:64,319
DA:65,319
DA:67,726
DA:71,286
DA:72,286
DA:73,77
DA:78,143
DA:79,143
DA:81,66
DA:82,66
DA:84,121
DA:85,121
DA:90,33
DA:91,33
LF:47
LH:47
end_of_record
TN:
SF:/home/vlad/vsCode/2_course/programming/labs/lab3/source/queue.cpp
FN:11,15,_ZN5QueueINSt7__cxx1112basic_stringIcSt11char_traitsIcESaIcEEEED2Ev
FN:11,15,_ZN5QueueIiED2Ev
FN:18,20,_ZN5QueueINSt7__cxx1112basic_stringIcSt11char_traitsIcESaIcEEEE7GetSizeEv
FN:18,20,_ZN5QueueIiE7GetSizeEv
FN:23,34,_ZN5QueueINSt7__cxx1112basic_stringIcSt11char_traitsIcESaIcEEEE4pushES5_
FN:23,34,_ZN5QueueIiE4pushEi
FN:37,50,_ZN5QueueINSt7__cxx1112basic_stringIcSt11char_traitsIcESaIcEEEE3popEv
FN:37,50,_ZN5QueueIiE3popEv
FN:53,60,_ZN5QueueINSt7__cxx1112basic_stringIcSt11char_traitsIcESaIcEEEE5printEv
FN:53,60,_ZN5QueueIiE5printEv
FN:63,76,_ZN5QueueINSt7__cxx1112basic_stringIcSt11char_traitsIcESaIcEEEE12fillFromFileERKS5_
FN:63,76,_ZN5QueueIiE12fillFromFileERKNSt7__cxx1112basic_stringIcSt11char_traitsIcESaIcEEE
FN:79,92,_ZNK5QueueINSt7__cxx1112basic_stringIcSt11char_traitsIcESaIcEEEE11writeToFileERKS5_
FN:79,92,_ZNK5QueueIiE11writeToFileERKNSt7__cxx1112basic_stringIcSt11char_traitsIcESaIcEEE
FN:8,8,_ZN5QueueINSt7__cxx1112basic_stringIcSt11char_traitsIcESaIcEEEEC2Ev
FN:8,8,_ZN5QueueIiEC2Ev
FNDA:30,_ZN5QueueINSt7__cxx1112basic_stringIcSt11char_traitsIcESaIcEEEED2Ev
FNDA:30,_ZN5QueueIiED2Ev
FNDA:25,_ZN5QueueINSt7__cxx1112basic_stringIcSt11char_traitsIcESaIcEEEE7GetSizeEv
FNDA:25,_ZN5QueueIiE7GetSizeEv
FNDA:93,_ZN5QueueINSt7__cxx1112basic_stringIcSt11char_traitsIcESaIcEEEE4pushES5_
FNDA:90,_ZN5QueueIiE4pushEi
FNDA:93,_ZN5QueueINSt7__cxx1112basic_stringIcSt11char_traitsIcESaIcEEEE3popEv
FNDA:90,_ZN5QueueIiE3popEv
FNDA:5,_ZN5QueueINSt7__cxx1112basic_stringIcSt11char_traitsIcESaIcEEEE5printEv
FNDA:5,_ZN5QueueIiE5printEv
FNDA:5,_ZN5QueueINSt7__cxx1112basic_stringIcSt11char_traitsIcESaIcEEEE12fillFromFileERKS5_
FNDA:5,_ZN5QueueIiE12fillFromFileERKNSt7__cxx1112basic_stringIcSt11char_traitsIcESaIcEEE
FNDA:5,_ZNK5QueueINSt7__cxx1112basic_stringIcSt11char_traitsIcESaIcEEEE11writeToFileERKS5_
FNDA:5,_ZNK5QueueIiE11writeToFileERKNSt7__cxx1112basic_stringIcSt11char_traitsIcESaIcEEE
FNDA:30,_ZN5QueueINSt7__cxx1112basic_stringIcSt11char_traitsIcESaIcEEEEC2Ev
FNDA:30,_ZN5QueueIiEC2Ev
FNF:16
FNH:16
DA:8,60
DA:11,60
DA:12,233
DA:13,173
DA:15,60
DA:18,50
DA:19,50
DA:23,183
DA:24,183
DA:25,59
DA:27,124
DA:28,213
DA:29,89
DA:31,124
DA:33,183
DA:34,183
DA:37,183
DA:38,183
DA:39,0
DA:42,183
DA:43,183
DA:44,183
DA:45,183
DA:47,183
DA:48,59
DA:50,183
DA:53,10
DA:54,10
DA:55,40
DA:56,30
DA:57,30
DA:59,10
DA:60,10
DA:63,10
DA:64,10
DA:65,10
DA:66,0
DA:67,0
DA:70,5
DA:71,53
DA:72,43
DA:75,10
DA:76,10
DA:79,10
DA:80,10
DA:81,10
DA:82,0
DA:85,10
DA:86,40
DA:87,30
DA:88,30
DA:91,10
DA:92,10
LF:53
LH:49
end_of_record
TN:
SF:/home/vlad/vsCode/2_course/programming/labs/lab3/source/stack.cpp
FN:14,16,_ZN5StackINSt7__cxx1112basic_stringIcSt11char_traitsIcESaIcEEEE7GetSizeEv
FN:14,16,_ZN5StackIiE7GetSizeEv
FN:19,30,_ZN5StackINSt7__cxx1112basic_stringIcSt11char_traitsIcESaIcEEEE4pushES5_
FN:19,30,_ZN5StackIiE4pushEi
FN:33,50,_ZN5StackINSt7__cxx1112basic_stringIcSt11char_traitsIcESaIcEEEE3popEv
FN:33,50,_ZN5StackIiE3popEv
FN:4,4,_ZN5StackINSt7__cxx1112basic_stringIcSt11char_traitsIcESaIcEEEEC2Ev
FN:4,4,_ZN5StackIiEC2Ev
FN:53,60,_ZN5StackINSt7__cxx1112basic_stringIcSt11char_traitsIcESaIcEEEE5printEv
FN:53,60,_ZN5StackIiE5printEv
FN:63,76,_ZN5StackINSt7__cxx1112basic_stringIcSt11char_traitsIcESaIcEEEE12fillFromFileERKS5_
FN:63,76,_ZN5StackIiE12fillFromFileERKNSt7__cxx1112basic_stringIcSt11char_traitsIcESaIcEEE
FN:7,11,_ZN5StackINSt7__cxx1112basic_stringIcSt11char_traitsIcESaIcEEEED2Ev
FN:7,11,_ZN5StackIiED2Ev
FN:78,90,_ZNK5StackINSt7__cxx1112basic_stringIcSt11char_traitsIcESaIcEEEE11writeToFileERKS5_
FN:78,90,_ZNK5StackIiE11writeToFileERKNSt7__cxx1112basic_stringIcSt11char_traitsIcESaIcEEE
FNDA:10,_ZN5StackINSt7__cxx1112basic_stringIcSt11char_traitsIcESaIcEEEE7GetSizeEv
FNDA:10,_ZN5StackIiE7GetSizeEv
FNDA:38,_ZN5StackINSt7__cxx1112basic_stringIcSt11char_traitsIcESaIcEEEE4pushES5_
FNDA:38,_ZN5StackIiE4pushEi
FNDA:38,_ZN5StackINSt7__cxx1112basic_stringIcSt11char_traitsIcESaIcEEEE3popEv
FNDA:38,_ZN5StackIiE3popEv
FNDA:12,_ZN5StackINSt7__cxx1112basic_stringIcSt11char_traitsIcESaIcEEEEC2Ev
FNDA:12,_ZN5StackIiEC2Ev
FNDA:2,_ZN5StackINSt7__cxx1112basic_stringIcSt11char_traitsIcESaIcEEEE5printEv
FNDA:2,_ZN5StackIiE5printEv
FNDA:2,_ZN5StackINSt7__cxx1112basic_stringIcSt11char_traitsIcESaIcEEEE12fillFromFileERKS5_
FNDA:2,_ZN5StackIiE12fillFromFileERKNSt7__cxx1112basic_stringIcSt11char_traitsIcESaIcEEE
FNDA:12,_ZN5StackINSt7__cxx1112basic_stringIcSt11char_traitsIcESaIcEEEED2Ev
FNDA:12,_ZN5StackIiED2Ev
FNDA:2,_ZNK5StackINSt7__cxx1112basic_stringIcSt11char_traitsIcESaIcEEEE11writeToFileERKS5_
FNDA:2,_ZNK5StackIiE11writeToFileERKNSt7__cxx1112basic_stringIcSt11char_traitsIcESaIcEEE
FNF:16
FNH:16
DA:4,24
DA:7,24
DA:8,96
DA:9,72
DA:11,24
DA:14,20
DA:15,20
DA:19,76
DA:20,76
DA:21,24
DA:23,52
DA:24,92
DA:25,40
DA:27,52
DA:29,76
DA:30,76
DA:33,76
DA:34,76
DA:35,0
DA:38,76
DA:39,24
DA:40,24
DA:42,52
DA:43,92
DA:44,40
DA:46,52
DA:47,52
DA:49,76
DA:50,76
DA:53,4
DA:54,4
DA:55,16
DA:56,12
DA:57,12
DA:59,4
DA:60,4
DA:63,4
DA:64,4
DA:65,4
DA:66,0
DA:67,0
DA:70,2
DA:71,24
DA:72,20
DA:75,4
DA:76,4
DA:78,4
DA:79,4
DA:80,4
DA:81,0
DA:82,0
DA:85,4
DA:86,16
DA:87,12
DA:88,12
DA:90,4
LF:56
LH:51
end_of_record
