TN:
SF:/home/vlad/vsCode/2_course/programming/labs/lab3/Test/ArrayTest.cpp
FN:108,115,_ZN22ArrayTest_GetSize_TestINSt7__cxx1112basic_stringIcSt11char_traitsIcESaIcEEEE8TestBodyEv
FN:108,115,_ZN22ArrayTest_GetSize_TestIiE8TestBodyEv
FN:117,152,_ZN20ArrayTest_Print_TestINSt7__cxx1112basic_stringIcSt11char_traitsIcESaIcEEEE8TestBodyEv
FN:117,152,_ZN20ArrayTest_Print_TestIiE8TestBodyEv
FN:15,15,_ZN9ArrayTestINSt7__cxx1112basic_stringIcSt11char_traitsIcESaIcEEEE5SetUpEv
FN:15,15,_ZN9ArrayTestIiE5SetUpEv
FN:154,191,_ZN26ArrayTest_WriteToFile_TestINSt7__cxx1112basic_stringIcSt11char_traitsIcESaIcEEEE8TestBodyEv
FN:154,191,_ZN26ArrayTest_WriteToFile_TestIiE8TestBodyEv
FN:17,17,_ZN9ArrayTestINSt7__cxx1112basic_stringIcSt11char_traitsIcESaIcEEEE8TearDownEv
FN:17,17,_ZN9ArrayTestIiE8TearDownEv
FN:193,208,_ZN27ArrayTest_fillFromFile_TestINSt7__cxx1112basic_stringIcSt11char_traitsIcESaIcEEEE8TestBodyEv
FN:193,208,_ZN27ArrayTest_fillFromFile_TestIiE8TestBodyEv
FN:210,223,_ZN21ArrayTest_resize_TestINSt7__cxx1112basic_stringIcSt11char_traitsIcESaIcEEEE8TestBodyEv
FN:210,223,_ZN21ArrayTest_resize_TestIiE8TestBodyEv
FN:225,238,_ZN24ArrayTest_throwTest_TestINSt7__cxx1112basic_stringIcSt11char_traitsIcESaIcEEEE8TestBodyEv
FN:225,238,_ZN24ArrayTest_throwTest_TestIiE8TestBodyEv
FN:240,276,_ZN35ArrayTest_serializeDeserialize_TestINSt7__cxx1112basic_stringIcSt11char_traitsIcESaIcEEEE8TestBodyEv
FN:240,276,_ZN35ArrayTest_serializeDeserialize_TestIiE8TestBodyEv
FN:25,36,_ZN30ArrayTest_TestEmplaceBack_TestINSt7__cxx1112basic_stringIcSt11char_traitsIcESaIcEEEE8TestBodyEv
FN:25,36,_ZN30ArrayTest_TestEmplaceBack_TestIiE8TestBodyEv
FN:278,281,main
FN:38,49,_ZN21ArrayTest_Insert_TestINSt7__cxx1112basic_stringIcSt11char_traitsIcESaIcEEEE8TestBodyEv
FN:38,49,_ZN21ArrayTest_Insert_TestIiE8TestBodyEv
FN:51,68,_ZN20ArrayTest_Erase_TestINSt7__cxx1112basic_stringIcSt11char_traitsIcESaIcEEEE8TestBodyEv
FN:51,68,_ZN20ArrayTest_Erase_TestIiE8TestBodyEv
FN:70,87,_ZN27ArrayTest_EraseByValue_TestINSt7__cxx1112basic_stringIcSt11char_traitsIcESaIcEEEE8TestBodyEv
FN:70,87,_ZN27ArrayTest_EraseByValue_TestIiE8TestBodyEv
FN:89,106,_ZN22ArrayTest_Replace_TestINSt7__cxx1112basic_stringIcSt11char_traitsIcESaIcEEEE8TestBodyEv
FN:89,106,_ZN22ArrayTest_Replace_TestIiE8TestBodyEv
FNDA:3,_ZN22ArrayTest_GetSize_TestINSt7__cxx1112basic_stringIcSt11char_traitsIcESaIcEEEE8TestBodyEv
FNDA:3,_ZN22ArrayTest_GetSize_TestIiE8TestBodyEv
FNDA:3,_ZN20ArrayTest_Print_TestINSt7__cxx1112basic_stringIcSt11char_traitsIcESaIcEEEE8TestBodyEv
FNDA:3,_ZN20ArrayTest_Print_TestIiE8TestBodyEv
FNDA:36,_ZN9ArrayTestINSt7__cxx1112basic_stringIcSt11char_traitsIcESaIcEEEE5SetUpEv
FNDA:36,_ZN9ArrayTestIiE5SetUpEv
FNDA:3,_ZN26ArrayTest_WriteToFile_TestINSt7__cxx1112basic_stringIcSt11char_traitsIcESaIcEEEE8TestBodyEv
FNDA:3,_ZN26ArrayTest_WriteToFile_TestIiE8TestBodyEv
FNDA:36,_ZN9ArrayTestINSt7__cxx1112basic_stringIcSt11char_traitsIcESaIcEEEE8TearDownEv
FNDA:36,_ZN9ArrayTestIiE8TearDownEv
FNDA:3,_ZN27ArrayTest_fillFromFile_TestINSt7__cxx1112basic_stringIcSt11char_traitsIcESaIcEEEE8TestBodyEv
FNDA:3,_ZN27ArrayTest_fillFromFile_TestIiE8TestBodyEv
FNDA:3,_ZN21ArrayTest_resize_TestINSt7__cxx1112basic_stringIcSt11char_traitsIcESaIcEEEE8TestBodyEv
FNDA:3,_ZN21ArrayTest_resize_TestIiE8TestBodyEv
FNDA:3,_ZN24ArrayTest_throwTest_TestINSt7__cxx1112basic_stringIcSt11char_traitsIcESaIcEEEE8TestBodyEv
FNDA:3,_ZN24ArrayTest_throwTest_TestIiE8TestBodyEv
FNDA:3,_ZN35ArrayTest_serializeDeserialize_TestINSt7__cxx1112basic_stringIcSt11char_traitsIcESaIcEEEE8TestBodyEv
FNDA:3,_ZN35ArrayTest_serializeDeserialize_TestIiE8TestBodyEv
FNDA:3,_ZN30ArrayTest_TestEmplaceBack_TestINSt7__cxx1112basic_stringIcSt11char_traitsIcESaIcEEEE8TestBodyEv
FNDA:3,_ZN30ArrayTest_TestEmplaceBack_TestIiE8TestBodyEv
FNDA:3,main
FNDA:3,_ZN21ArrayTest_Insert_TestINSt7__cxx1112basic_stringIcSt11char_traitsIcESaIcEEEE8TestBodyEv
FNDA:3,_ZN21ArrayTest_Insert_TestIiE8TestBodyEv
FNDA:3,_ZN20ArrayTest_Erase_TestINSt7__cxx1112basic_stringIcSt11char_traitsIcESaIcEEEE8TestBodyEv
FNDA:3,_ZN20ArrayTest_Erase_TestIiE8TestBodyEv
FNDA:3,_ZN27ArrayTest_EraseByValue_TestINSt7__cxx1112basic_stringIcSt11char_traitsIcESaIcEEEE8TestBodyEv
FNDA:3,_ZN27ArrayTest_EraseByValue_TestIiE8TestBodyEv
FNDA:3,_ZN22ArrayTest_Replace_TestINSt7__cxx1112basic_stringIcSt11char_traitsIcESaIcEEEE8TestBodyEv
FNDA:3,_ZN22ArrayTest_Replace_TestIiE8TestBodyEv
FNF:29
FNH:29
DA:15,72
DA:17,72
DA:25,6
DA:27,3
DA:28,3
DA:29,3
DA:32,3
DA:33,3
DA:34,3
DA:36,6
DA:38,6
DA:40,3
DA:41,3
DA:42,3
DA:45,3
DA:46,3
DA:47,3
DA:49,6
DA:51,6
DA:53,3
DA:54,3
DA:56,3
DA:58,3
DA:61,3
DA:62,3
DA:64,3
DA:66,3
DA:68,6
DA:70,6
DA:72,3
DA:73,3
DA:75,3
DA:77,3
DA:80,3
DA:81,3
DA:83,3
DA:85,3
DA:87,6
DA:89,6
DA:91,3
DA:92,3
DA:94,3
DA:96,3
DA:99,3
DA:100,3
DA:102,3
DA:104,3
DA:106,6
DA:108,6
DA:110,3
DA:113,3
DA:115,6
DA:117,6
DA:120,3
DA:122,3
DA:123,3
DA:124,3
DA:127,3
DA:130,3
DA:133,3
DA:135,3
DA:137,3
DA:139,3
DA:140,3
DA:141,3
DA:144,3
DA:147,3
DA:150,3
DA:151,3
DA:152,6
DA:154,6
DA:156,3
DA:158,3
DA:159,3
DA:160,3
DA:161,3
DA:162,3
DA:164,3
DA:167,6
DA:170,3
DA:171,3
DA:173,3
DA:174,3
DA:176,6
DA:177,6
DA:178,6
DA:179,6
DA:180,6
DA:182,3
DA:185,6
DA:188,3
DA:189,3
DA:190,3
DA:191,6
DA:193,6
DA:195,6
DA:198,3
DA:199,3
DA:202,6
DA:205,3
DA:206,3
DA:208,6
DA:210,6
DA:212,39
DA:213,36
DA:217,39
DA:218,36
DA:222,6
DA:223,6
DA:225,6
DA:226,6
DA:227,6
DA:230,3
DA:231,3
DA:234,9
DA:236,9
DA:238,6
DA:240,6
DA:241,6
DA:247,18
DA:248,15
DA:251,18
DA:252,15
DA:258,6
DA:261,6
DA:264,6
DA:267,6
DA:270,6
DA:273,36
DA:274,30
DA:276,6
DA:278,3
DA:279,3
DA:280,3
LF:134
LH:134
end_of_record
TN:
SF:/home/vlad/vsCode/2_course/programming/labs/lab3/Test/BinaryTreeTest.cpp
FN:103,124,_ZN30BinaryTreeTest_IsBalanced_TestINSt7__cxx1112basic_stringIcSt11char_traitsIcESaIcEEEE8TestBodyEv
FN:103,124,_ZN30BinaryTreeTest_IsBalanced_TestIiE8TestBodyEv
FN:17,19,_ZN14BinaryTreeTestINSt7__cxx1112basic_stringIcSt11char_traitsIcESaIcEEEE5SetUpEv
FN:17,19,_ZN14BinaryTreeTestIiE5SetUpEv
FN:189,192,main
FN:21,23,_ZN14BinaryTreeTestINSt7__cxx1112basic_stringIcSt11char_traitsIcESaIcEEEE8TearDownEv
FN:21,23,_ZN14BinaryTreeTestIiE8TearDownEv
FN:32,54,_ZN26BinaryTreeTest_Insert_TestINSt7__cxx1112basic_stringIcSt11char_traitsIcESaIcEEEE8TestBodyEv
FN:32,54,_ZN26BinaryTreeTest_Insert_TestIiE8TestBodyEv
FN:57,72,_ZN26BinaryTreeTest_Search_TestINSt7__cxx1112basic_stringIcSt11char_traitsIcESaIcEEEE8TestBodyEv
FN:57,72,_ZN26BinaryTreeTest_Search_TestIiE8TestBodyEv
FN:75,100,_ZN36BinaryTreeTest_InorderTraversal_TestINSt7__cxx1112basic_stringIcSt11char_traitsIcESaIcEEEE8TestBodyEv
FN:75,100,_ZN36BinaryTreeTest_InorderTraversal_TestIiE8TestBodyEv
FNDA:1,_ZN30BinaryTreeTest_IsBalanced_TestINSt7__cxx1112basic_stringIcSt11char_traitsIcESaIcEEEE8TestBodyEv
FNDA:1,_ZN30BinaryTreeTest_IsBalanced_TestIiE8TestBodyEv
FNDA:4,_ZN14BinaryTreeTestINSt7__cxx1112basic_stringIcSt11char_traitsIcESaIcEEEE5SetUpEv
FNDA:4,_ZN14BinaryTreeTestIiE5SetUpEv
FNDA:1,main
FNDA:4,_ZN14BinaryTreeTestINSt7__cxx1112basic_stringIcSt11char_traitsIcESaIcEEEE8TearDownEv
FNDA:4,_ZN14BinaryTreeTestIiE8TearDownEv
FNDA:1,_ZN26BinaryTreeTest_Insert_TestINSt7__cxx1112basic_stringIcSt11char_traitsIcESaIcEEEE8TestBodyEv
FNDA:1,_ZN26BinaryTreeTest_Insert_TestIiE8TestBodyEv
FNDA:1,_ZN26BinaryTreeTest_Search_TestINSt7__cxx1112basic_stringIcSt11char_traitsIcESaIcEEEE8TestBodyEv
FNDA:1,_ZN26BinaryTreeTest_Search_TestIiE8TestBodyEv
FNDA:1,_ZN36BinaryTreeTest_InorderTraversal_TestINSt7__cxx1112basic_stringIcSt11char_traitsIcESaIcEEEE8TestBodyEv
FNDA:1,_ZN36BinaryTreeTest_InorderTraversal_TestIiE8TestBodyEv
FNF:13
FNH:13
DA:17,8
DA:19,8
DA:21,8
DA:23,8
DA:32,2
DA:34,1
DA:35,1
DA:36,1
DA:37,1
DA:39,1
DA:41,1
DA:43,1
DA:46,2
DA:47,2
DA:48,2
DA:50,3
DA:51,3
DA:52,3
DA:54,2
DA:57,2
DA:59,1
DA:60,1
DA:61,1
DA:63,1
DA:64,1
DA:66,2
DA:67,2
DA:69,3
DA:70,3
DA:72,2
DA:75,2
DA:77,1
DA:78,1
DA:79,1
DA:80,1
DA:81,1
DA:82,1
DA:83,1
DA:86,1
DA:87,1
DA:88,1
DA:89,1
DA:90,1
DA:91,2
DA:92,2
DA:93,2
DA:95,1
DA:96,1
DA:97,1
DA:98,1
DA:99,1
DA:100,2
DA:103,2
DA:105,1
DA:106,1
DA:107,1
DA:109,1
DA:113,1
DA:114,1
DA:116,1
DA:119,2
DA:120,2
DA:122,1
DA:124,2
DA:189,1
DA:190,1
DA:191,1
LF:67
LH:67
end_of_record
TN:
SF:/home/vlad/vsCode/2_course/programming/labs/lab3/Test/DListTest.cpp
FN:100,118,_ZN28DListTest_SearchByValue_TestINSt7__cxx1112basic_stringIcSt11char_traitsIcESaIcEEEE8TestBodyEv
FN:100,118,_ZN28DListTest_SearchByValue_TestIiE8TestBodyEv
FN:121,135,_ZN29DListTest_AccessOperator_TestINSt7__cxx1112basic_stringIcSt11char_traitsIcESaIcEEEE8TestBodyEv
FN:121,135,_ZN29DListTest_AccessOperator_TestIiE8TestBodyEv
FN:138,156,_ZN20DListTest_Print_TestINSt7__cxx1112basic_stringIcSt11char_traitsIcESaIcEEEE8TestBodyEv
FN:138,156,_ZN20DListTest_Print_TestIiE8TestBodyEv
FN:159,171,_ZN27DListTest_FillFromFile_TestINSt7__cxx1112basic_stringIcSt11char_traitsIcESaIcEEEE8TestBodyEv
FN:159,171,_ZN27DListTest_FillFromFile_TestIiE8TestBodyEv
FN:16,16,_ZN9DListTestINSt7__cxx1112basic_stringIcSt11char_traitsIcESaIcEEEE5SetUpEv
FN:16,16,_ZN9DListTestIiE5SetUpEv
FN:174,200,_ZN26DListTest_WriteToFile_TestINSt7__cxx1112basic_stringIcSt11char_traitsIcESaIcEEEE8TestBodyEv
FN:174,200,_ZN26DListTest_WriteToFile_TestIiE8TestBodyEv
FN:18,18,_ZN9DListTestINSt7__cxx1112basic_stringIcSt11char_traitsIcESaIcEEEE8TearDownEv
FN:18,18,_ZN9DListTestIiE8TearDownEv
FN:203,214,_ZN24DListTest_ThrowTest_TestINSt7__cxx1112basic_stringIcSt11char_traitsIcESaIcEEEE8TestBodyEv
FN:203,214,_ZN24DListTest_ThrowTest_TestIiE8TestBodyEv
FN:216,219,main
FN:27,37,_ZN23DListTest_PushBack_TestINSt7__cxx1112basic_stringIcSt11char_traitsIcESaIcEEEE8TestBodyEv
FN:27,37,_ZN23DListTest_PushBack_TestIiE8TestBodyEv
FN:40,50,_ZN24DListTest_PushFront_TestINSt7__cxx1112basic_stringIcSt11char_traitsIcESaIcEEEE8TestBodyEv
FN:40,50,_ZN24DListTest_PushFront_TestIiE8TestBodyEv
FN:53,65,_ZN23DListTest_PopFront_TestINSt7__cxx1112basic_stringIcSt11char_traitsIcESaIcEEEE8TestBodyEv
FN:53,65,_ZN23DListTest_PopFront_TestIiE8TestBodyEv
FN:68,80,_ZN22DListTest_PopBack_TestINSt7__cxx1112basic_stringIcSt11char_traitsIcESaIcEEEE8TestBodyEv
FN:68,80,_ZN22DListTest_PopBack_TestIiE8TestBodyEv
FN:83,97,_ZN23DListTest_PopValue_TestINSt7__cxx1112basic_stringIcSt11char_traitsIcESaIcEEEE8TestBodyEv
FN:83,97,_ZN23DListTest_PopValue_TestIiE8TestBodyEv
FNDA:15,_ZN28DListTest_SearchByValue_TestINSt7__cxx1112basic_stringIcSt11char_traitsIcESaIcEEEE8TestBodyEv
FNDA:15,_ZN28DListTest_SearchByValue_TestIiE8TestBodyEv
FNDA:15,_ZN29DListTest_AccessOperator_TestINSt7__cxx1112basic_stringIcSt11char_traitsIcESaIcEEEE8TestBodyEv
FNDA:15,_ZN29DListTest_AccessOperator_TestIiE8TestBodyEv
FNDA:15,_ZN20DListTest_Print_TestINSt7__cxx1112basic_stringIcSt11char_traitsIcESaIcEEEE8TestBodyEv
FNDA:15,_ZN20DListTest_Print_TestIiE8TestBodyEv
FNDA:15,_ZN27DListTest_FillFromFile_TestINSt7__cxx1112basic_stringIcSt11char_traitsIcESaIcEEEE8TestBodyEv
FNDA:15,_ZN27DListTest_FillFromFile_TestIiE8TestBodyEv
FNDA:165,_ZN9DListTestINSt7__cxx1112basic_stringIcSt11char_traitsIcESaIcEEEE5SetUpEv
FNDA:165,_ZN9DListTestIiE5SetUpEv
FNDA:15,_ZN26DListTest_WriteToFile_TestINSt7__cxx1112basic_stringIcSt11char_traitsIcESaIcEEEE8TestBodyEv
FNDA:15,_ZN26DListTest_WriteToFile_TestIiE8TestBodyEv
FNDA:165,_ZN9DListTestINSt7__cxx1112basic_stringIcSt11char_traitsIcESaIcEEEE8TearDownEv
FNDA:165,_ZN9DListTestIiE8TearDownEv
FNDA:15,_ZN24DListTest_ThrowTest_TestINSt7__cxx1112basic_stringIcSt11char_traitsIcESaIcEEEE8TestBodyEv
FNDA:15,_ZN24DListTest_ThrowTest_TestIiE8TestBodyEv
FNDA:15,main
FNDA:15,_ZN23DListTest_PushBack_TestINSt7__cxx1112basic_stringIcSt11char_traitsIcESaIcEEEE8TestBodyEv
FNDA:15,_ZN23DListTest_PushBack_TestIiE8TestBodyEv
FNDA:15,_ZN24DListTest_PushFront_TestINSt7__cxx1112basic_stringIcSt11char_traitsIcESaIcEEEE8TestBodyEv
FNDA:15,_ZN24DListTest_PushFront_TestIiE8TestBodyEv
FNDA:15,_ZN23DListTest_PopFront_TestINSt7__cxx1112basic_stringIcSt11char_traitsIcESaIcEEEE8TestBodyEv
FNDA:15,_ZN23DListTest_PopFront_TestIiE8TestBodyEv
FNDA:15,_ZN22DListTest_PopBack_TestINSt7__cxx1112basic_stringIcSt11char_traitsIcESaIcEEEE8TestBodyEv
FNDA:15,_ZN22DListTest_PopBack_TestIiE8TestBodyEv
FNDA:15,_ZN23DListTest_PopValue_TestINSt7__cxx1112basic_stringIcSt11char_traitsIcESaIcEEEE8TestBodyEv
FNDA:15,_ZN23DListTest_PopValue_TestIiE8TestBodyEv
FNF:27
FNH:27
DA:16,330
DA:18,330
DA:27,30
DA:29,15
DA:30,15
DA:31,15
DA:33,30
DA:34,30
DA:35,15
DA:37,30
DA:40,30
DA:42,15
DA:43,15
DA:44,15
DA:46,30
DA:47,30
DA:48,15
DA:50,30
DA:53,30
DA:55,15
DA:56,15
DA:57,15
DA:58,15
DA:60,30
DA:61,30
DA:62,15
DA:63,15
DA:65,30
DA:68,30
DA:70,15
DA:71,15
DA:72,15
DA:73,15
DA:75,30
DA:76,30
DA:77,15
DA:78,15
DA:80,30
DA:83,30
DA:85,15
DA:86,15
DA:87,15
DA:88,15
DA:89,15
DA:91,30
DA:92,30
DA:93,30
DA:94,30
DA:95,15
DA:97,30
DA:100,30
DA:102,15
DA:103,15
DA:105,15
DA:106,15
DA:107,15
DA:108,15
DA:109,15
DA:110,30
DA:111,30
DA:113,15
DA:114,30
DA:115,15
DA:116,15
DA:117,15
DA:118,30
DA:121,30
DA:123,15
DA:124,15
DA:125,15
DA:126,15
DA:127,15
DA:129,30
DA:130,30
DA:131,15
DA:132,15
DA:133,15
DA:135,30
DA:138,30
DA:140,15
DA:141,15
DA:142,15
DA:143,15
DA:144,15
DA:145,15
DA:146,15
DA:147,15
DA:148,15
DA:149,30
DA:150,30
DA:151,30
DA:152,15
DA:153,15
DA:154,15
DA:155,15
DA:156,30
DA:159,30
DA:161,30
DA:163,15
DA:164,15
DA:166,30
DA:168,15
DA:169,15
DA:171,30
DA:174,30
DA:176,15
DA:177,15
DA:178,15
DA:179,30
DA:182,15
DA:183,15
DA:185,15
DA:186,15
DA:187,15
DA:188,30
DA:189,30
DA:190,30
DA:191,30
DA:194,15
DA:195,15
DA:197,15
DA:198,15
DA:199,15
DA:200,30
DA:203,30
DA:204,30
DA:205,30
DA:206,30
DA:209,15
DA:212,45
DA:214,30
DA:216,15
DA:217,15
DA:218,15
LF:134
LH:134
end_of_record
TN:
SF:/home/vlad/vsCode/2_course/programming/labs/lab3/Test/OListTest.cpp
FN:105,121,_ZN32OListTest_TestSearchByValue_TestINSt7__cxx1112basic_stringIcSt11char_traitsIcESaIcEEEE8TestBodyEv
FN:105,121,_ZN32OListTest_TestSearchByValue_TestIiE8TestBodyEv
FN:124,136,_ZN34OListTest_TestOperatorBracket_TestINSt7__cxx1112basic_stringIcSt11char_traitsIcESaIcEEEE8TestBodyEv
FN:124,136,_ZN34OListTest_TestOperatorBracket_TestIiE8TestBodyEv
FN:139,141,_ZN45OListTest_TestOperatorBracketOutOfBounds_TestINSt7__cxx1112basic_stringIcSt11char_traitsIcESaIcEEEE8TestBodyEv
FN:139,141,_ZN45OListTest_TestOperatorBracketOutOfBounds_TestIiE8TestBodyEv
FN:144,156,_ZN31OListTest_TestFillFromFile_TestINSt7__cxx1112basic_stringIcSt11char_traitsIcESaIcEEEE8TestBodyEv
FN:144,156,_ZN31OListTest_TestFillFromFile_TestIiE8TestBodyEv
FN:159,188,_ZN30OListTest_TestWriteToFile_TestINSt7__cxx1112basic_stringIcSt11char_traitsIcESaIcEEEE8TestBodyEv
FN:159,188,_ZN30OListTest_TestWriteToFile_TestIiE8TestBodyEv
FN:18,18,_ZN9OListTestINSt7__cxx1112basic_stringIcSt11char_traitsIcESaIcEEEE5SetUpEv
FN:18,18,_ZN9OListTestIiE5SetUpEv
FN:19,19,_ZN9OListTestINSt7__cxx1112basic_stringIcSt11char_traitsIcESaIcEEEE8TearDownEv
FN:19,19,_ZN9OListTestIiE8TearDownEv
FN:190,217,_ZN24OListTest_TestPrint_TestINSt7__cxx1112basic_stringIcSt11char_traitsIcESaIcEEEE8TestBodyEv
FN:190,217,_ZN24OListTest_TestPrint_TestIiE8TestBodyEv
FN:219,223,_ZN24OListTest_throwTest_TestINSt7__cxx1112basic_stringIcSt11char_traitsIcESaIcEEEE8TestBodyEv
FN:219,223,_ZN24OListTest_throwTest_TestIiE8TestBodyEv
FN:225,228,main
FN:28,40,_ZN27OListTest_TestPushBack_TestINSt7__cxx1112basic_stringIcSt11char_traitsIcESaIcEEEE8TestBodyEv
FN:28,40,_ZN27OListTest_TestPushBack_TestIiE8TestBodyEv
FN:43,55,_ZN28OListTest_TestPushFront_TestINSt7__cxx1112basic_stringIcSt11char_traitsIcESaIcEEEE8TestBodyEv
FN:43,55,_ZN28OListTest_TestPushFront_TestIiE8TestBodyEv
FN:58,70,_ZN27OListTest_TestPopFront_TestINSt7__cxx1112basic_stringIcSt11char_traitsIcESaIcEEEE8TestBodyEv
FN:58,70,_ZN27OListTest_TestPopFront_TestIiE8TestBodyEv
FN:73,85,_ZN26OListTest_TestPopBack_TestINSt7__cxx1112basic_stringIcSt11char_traitsIcESaIcEEEE8TestBodyEv
FN:73,85,_ZN26OListTest_TestPopBack_TestIiE8TestBodyEv
FN:88,102,_ZN27OListTest_TestPopValue_TestINSt7__cxx1112basic_stringIcSt11char_traitsIcESaIcEEEE8TestBodyEv
FN:88,102,_ZN27OListTest_TestPopValue_TestIiE8TestBodyEv
FNDA:11,_ZN32OListTest_TestSearchByValue_TestINSt7__cxx1112basic_stringIcSt11char_traitsIcESaIcEEEE8TestBodyEv
FNDA:11,_ZN32OListTest_TestSearchByValue_TestIiE8TestBodyEv
FNDA:11,_ZN34OListTest_TestOperatorBracket_TestINSt7__cxx1112basic_stringIcSt11char_traitsIcESaIcEEEE8TestBodyEv
FNDA:11,_ZN34OListTest_TestOperatorBracket_TestIiE8TestBodyEv
FNDA:11,_ZN45OListTest_TestOperatorBracketOutOfBounds_TestINSt7__cxx1112basic_stringIcSt11char_traitsIcESaIcEEEE8TestBodyEv
FNDA:11,_ZN45OListTest_TestOperatorBracketOutOfBounds_TestIiE8TestBodyEv
FNDA:11,_ZN31OListTest_TestFillFromFile_TestINSt7__cxx1112basic_stringIcSt11char_traitsIcESaIcEEEE8TestBodyEv
FNDA:11,_ZN31OListTest_TestFillFromFile_TestIiE8TestBodyEv
FNDA:11,_ZN30OListTest_TestWriteToFile_TestINSt7__cxx1112basic_stringIcSt11char_traitsIcESaIcEEEE8TestBodyEv
FNDA:11,_ZN30OListTest_TestWriteToFile_TestIiE8TestBodyEv
FNDA:132,_ZN9OListTestINSt7__cxx1112basic_stringIcSt11char_traitsIcESaIcEEEE5SetUpEv
FNDA:132,_ZN9OListTestIiE5SetUpEv
FNDA:132,_ZN9OListTestINSt7__cxx1112basic_stringIcSt11char_traitsIcESaIcEEEE8TearDownEv
FNDA:132,_ZN9OListTestIiE8TearDownEv
FNDA:11,_ZN24OListTest_TestPrint_TestINSt7__cxx1112basic_stringIcSt11char_traitsIcESaIcEEEE8TestBodyEv
FNDA:11,_ZN24OListTest_TestPrint_TestIiE8TestBodyEv
FNDA:11,_ZN24OListTest_throwTest_TestINSt7__cxx1112basic_stringIcSt11char_traitsIcESaIcEEEE8TestBodyEv
FNDA:11,_ZN24OListTest_throwTest_TestIiE8TestBodyEv
FNDA:11,main
FNDA:11,_ZN27OListTest_TestPushBack_TestINSt7__cxx1112basic_stringIcSt11char_traitsIcESaIcEEEE8TestBodyEv
FNDA:11,_ZN27OListTest_TestPushBack_TestIiE8TestBodyEv
FNDA:11,_ZN28OListTest_TestPushFront_TestINSt7__cxx1112basic_stringIcSt11char_traitsIcESaIcEEEE8TestBodyEv
FNDA:11,_ZN28OListTest_TestPushFront_TestIiE8TestBodyEv
FNDA:11,_ZN27OListTest_TestPopFront_TestINSt7__cxx1112basic_stringIcSt11char_traitsIcESaIcEEEE8TestBodyEv
FNDA:11,_ZN27OListTest_TestPopFront_TestIiE8TestBodyEv
FNDA:11,_ZN26OListTest_TestPopBack_TestINSt7__cxx1112basic_stringIcSt11char_traitsIcESaIcEEEE8TestBodyEv
FNDA:11,_ZN26OListTest_TestPopBack_TestIiE8TestBodyEv
FNDA:11,_ZN27OListTest_TestPopValue_TestINSt7__cxx1112basic_stringIcSt11char_traitsIcESaIcEEEE8TestBodyEv
FNDA:11,_ZN27OListTest_TestPopValue_TestIiE8TestBodyEv
FNF:29
FNH:29
DA:18,264
DA:19,264
DA:28,22
DA:30,11
DA:31,11
DA:32,11
DA:33,11
DA:35,22
DA:36,22
DA:37,11
DA:38,11
DA:40,22
DA:43,22
DA:45,11
DA:46,11
DA:47,11
DA:48,11
DA:50,22
DA:51,22
DA:52,11
DA:53,11
DA:55,22
DA:58,22
DA:60,11
DA:61,11
DA:62,11
DA:63,11
DA:65,22
DA:66,22
DA:67,11
DA:68,11
DA:70,22
DA:73,22
DA:75,11
DA:76,11
DA:77,11
DA:78,11
DA:80,22
DA:81,22
DA:82,11
DA:83,11
DA:85,22
DA:88,22
DA:90,11
DA:91,11
DA:92,11
DA:93,11
DA:94,11
DA:96,22
DA:97,22
DA:98,22
DA:99,22
DA:100,11
DA:102,22
DA:105,22
DA:106,22
DA:109,11
DA:110,11
DA:111,11
DA:113,22
DA:114,22
DA:115,22
DA:118,22
DA:119,22
DA:121,22
DA:124,22
DA:126,11
DA:127,11
DA:128,11
DA:129,11
DA:131,22
DA:132,22
DA:133,11
DA:134,11
DA:136,22
DA:139,22
DA:140,22
DA:141,22
DA:144,22
DA:146,22
DA:148,11
DA:149,11
DA:151,22
DA:153,11
DA:154,11
DA:156,22
DA:159,22
DA:161,11
DA:162,11
DA:163,22
DA:167,11
DA:170,11
DA:171,11
DA:172,11
DA:173,11
DA:174,11
DA:175,22
DA:176,22
DA:177,22
DA:180,11
DA:182,11
DA:183,11
DA:184,11
DA:185,11
DA:186,11
DA:187,11
DA:188,22
DA:190,22
DA:192,22
DA:196,11
DA:197,11
DA:198,11
DA:200,22
DA:201,22
DA:202,22
DA:206,22
DA:209,22
DA:213,11
DA:215,11
DA:217,22
DA:219,22
DA:220,22
DA:221,22
DA:222,22
DA:223,22
DA:225,11
DA:226,11
DA:227,11
LF:128
LH:128
end_of_record
TN:
SF:/home/vlad/vsCode/2_course/programming/labs/lab3/Test/QueueTest.cpp
FN:104,153,_ZN38QueueTest_TestWriteToFileWithType_TestINSt7__cxx1112basic_stringIcSt11char_traitsIcESaIcEEEE8TestBodyEv
FN:104,153,_ZN38QueueTest_TestWriteToFileWithType_TestIiE8TestBodyEv
FN:156,175,_ZN26QueueTest_TestGetSize_TestINSt7__cxx1112basic_stringIcSt11char_traitsIcESaIcEEEE8TestBodyEv
FN:156,175,_ZN26QueueTest_TestGetSize_TestIiE8TestBodyEv
FN:17,17,_ZN9QueueTestINSt7__cxx1112basic_stringIcSt11char_traitsIcESaIcEEEE5SetUpEv
FN:17,17,_ZN9QueueTestIiE5SetUpEv
FN:18,18,_ZN9QueueTestINSt7__cxx1112basic_stringIcSt11char_traitsIcESaIcEEEE8TearDownEv
FN:18,18,_ZN9QueueTestIiE8TearDownEv
FN:26,40,_ZN23QueueTest_TestPush_TestINSt7__cxx1112basic_stringIcSt11char_traitsIcESaIcEEEE8TestBodyEv
FN:26,40,_ZN23QueueTest_TestPush_TestIiE8TestBodyEv
FN:43,59,_ZN22QueueTest_TestPop_TestINSt7__cxx1112basic_stringIcSt11char_traitsIcESaIcEEEE8TestBodyEv
FN:43,59,_ZN22QueueTest_TestPop_TestIiE8TestBodyEv
FN:62,87,_ZN24QueueTest_TestPrint_TestINSt7__cxx1112basic_stringIcSt11char_traitsIcESaIcEEEE8TestBodyEv
FN:62,87,_ZN24QueueTest_TestPrint_TestIiE8TestBodyEv
FN:90,101,_ZN31QueueTest_TestFillFromFile_TestINSt7__cxx1112basic_stringIcSt11char_traitsIcESaIcEEEE8TestBodyEv
FN:90,101,_ZN31QueueTest_TestFillFromFile_TestIiE8TestBodyEv
FNDA:12,_ZN38QueueTest_TestWriteToFileWithType_TestINSt7__cxx1112basic_stringIcSt11char_traitsIcESaIcEEEE8TestBodyEv
FNDA:12,_ZN38QueueTest_TestWriteToFileWithType_TestIiE8TestBodyEv
FNDA:12,_ZN26QueueTest_TestGetSize_TestINSt7__cxx1112basic_stringIcSt11char_traitsIcESaIcEEEE8TestBodyEv
FNDA:12,_ZN26QueueTest_TestGetSize_TestIiE8TestBodyEv
FNDA:72,_ZN9QueueTestINSt7__cxx1112basic_stringIcSt11char_traitsIcESaIcEEEE5SetUpEv
FNDA:72,_ZN9QueueTestIiE5SetUpEv
FNDA:72,_ZN9QueueTestINSt7__cxx1112basic_stringIcSt11char_traitsIcESaIcEEEE8TearDownEv
FNDA:72,_ZN9QueueTestIiE8TearDownEv
FNDA:12,_ZN23QueueTest_TestPush_TestINSt7__cxx1112basic_stringIcSt11char_traitsIcESaIcEEEE8TestBodyEv
FNDA:12,_ZN23QueueTest_TestPush_TestIiE8TestBodyEv
FNDA:12,_ZN22QueueTest_TestPop_TestINSt7__cxx1112basic_stringIcSt11char_traitsIcESaIcEEEE8TestBodyEv
FNDA:12,_ZN22QueueTest_TestPop_TestIiE8TestBodyEv
FNDA:12,_ZN24QueueTest_TestPrint_TestINSt7__cxx1112basic_stringIcSt11char_traitsIcESaIcEEEE8TestBodyEv
FNDA:12,_ZN24QueueTest_TestPrint_TestIiE8TestBodyEv
FNDA:12,_ZN31QueueTest_TestFillFromFile_TestINSt7__cxx1112basic_stringIcSt11char_traitsIcESaIcEEEE8TestBodyEv
FNDA:12,_ZN31QueueTest_TestFillFromFile_TestIiE8TestBodyEv
FNF:16
FNH:16
DA:17,144
DA:18,144
DA:26,24
DA:29,12
DA:30,12
DA:31,12
DA:32,12
DA:35,24
DA:36,24
DA:37,24
DA:38,12
DA:40,24
DA:43,24
DA:46,12
DA:47,12
DA:48,12
DA:49,12
DA:50,12
DA:53,24
DA:54,24
DA:55,24
DA:56,12
DA:57,12
DA:59,24
DA:62,24
DA:63,24
DA:67,12
DA:68,12
DA:69,12
DA:70,12
DA:72,12
DA:73,12
DA:75,12
DA:77,24
DA:78,24
DA:79,24
DA:80,12
DA:82,12
DA:83,12
DA:86,12
DA:87,24
DA:90,24
DA:93,24
DA:95,12
DA:97,24
DA:99,12
DA:101,24
DA:104,24
DA:106,24
DA:109,24
DA:113,12
DA:114,12
DA:115,12
DA:121,24
DA:122,24
DA:123,24
DA:127,48
DA:131,24
DA:135,24
DA:137,24
DA:138,24
DA:142,12
DA:143,0
DA:148,12
DA:149,0
DA:152,24
DA:153,24
DA:156,24
DA:157,24
DA:161,12
DA:162,12
DA:163,12
DA:166,24
DA:167,24
DA:168,12
DA:175,24
LF:76
LH:74
end_of_record
TN:
SF:/home/vlad/vsCode/2_course/programming/labs/lab3/Test/SetTest.cpp
FN:107,116,_ZN23SetTest_TestResize_TestINSt7__cxx1112basic_stringIcSt11char_traitsIcESaIcEEEE8TestBodyEv
FN:107,116,_ZN23SetTest_TestResize_TestIiE8TestBodyEv
FN:119,128,_ZN27SetTest_TestExceptions_TestINSt7__cxx1112basic_stringIcSt11char_traitsIcESaIcEEEE8TestBodyEv
FN:119,128,_ZN27SetTest_TestExceptions_TestIiE8TestBodyEv
FN:131,134,main
FN:15,15,_ZN7SetTestINSt7__cxx1112basic_stringIcSt11char_traitsIcESaIcEEEE5SetUpEv
FN:15,15,_ZN7SetTestIiE5SetUpEv
FN:17,17,_ZN7SetTestINSt7__cxx1112basic_stringIcSt11char_traitsIcESaIcEEEE8TearDownEv
FN:17,17,_ZN7SetTestIiE8TearDownEv
FN:25,37,_ZN28SetTest_TestEmplaceBack_TestINSt7__cxx1112basic_stringIcSt11char_traitsIcESaIcEEEE8TestBodyEv
FN:25,37,_ZN28SetTest_TestEmplaceBack_TestIiE8TestBodyEv
FN:40,54,_ZN22SetTest_TestErase_TestINSt7__cxx1112basic_stringIcSt11char_traitsIcESaIcEEEE8TestBodyEv
FN:40,54,_ZN22SetTest_TestErase_TestIiE8TestBodyEv
FN:57,71,_ZN29SetTest_TestEraseByValue_TestINSt7__cxx1112basic_stringIcSt11char_traitsIcESaIcEEEE8TestBodyEv
FN:57,71,_ZN29SetTest_TestEraseByValue_TestIiE8TestBodyEv
FN:74,84,_ZN24SetTest_TestReplace_TestINSt7__cxx1112basic_stringIcSt11char_traitsIcESaIcEEEE8TestBodyEv
FN:74,84,_ZN24SetTest_TestReplace_TestIiE8TestBodyEv
FN:87,91,_ZN24SetTest_TestGetSize_TestINSt7__cxx1112basic_stringIcSt11char_traitsIcESaIcEEEE8TestBodyEv
FN:87,91,_ZN24SetTest_TestGetSize_TestIiE8TestBodyEv
FN:94,104,_ZN25SetTest_TestContains_TestINSt7__cxx1112basic_stringIcSt11char_traitsIcESaIcEEEE8TestBodyEv
FN:94,104,_ZN25SetTest_TestContains_TestIiE8TestBodyEv
FNDA:7,_ZN23SetTest_TestResize_TestINSt7__cxx1112basic_stringIcSt11char_traitsIcESaIcEEEE8TestBodyEv
FNDA:7,_ZN23SetTest_TestResize_TestIiE8TestBodyEv
FNDA:7,_ZN27SetTest_TestExceptions_TestINSt7__cxx1112basic_stringIcSt11char_traitsIcESaIcEEEE8TestBodyEv
FNDA:7,_ZN27SetTest_TestExceptions_TestIiE8TestBodyEv
FNDA:7,main
FNDA:56,_ZN7SetTestINSt7__cxx1112basic_stringIcSt11char_traitsIcESaIcEEEE5SetUpEv
FNDA:56,_ZN7SetTestIiE5SetUpEv
FNDA:56,_ZN7SetTestINSt7__cxx1112basic_stringIcSt11char_traitsIcESaIcEEEE8TearDownEv
FNDA:56,_ZN7SetTestIiE8TearDownEv
FNDA:7,_ZN28SetTest_TestEmplaceBack_TestINSt7__cxx1112basic_stringIcSt11char_traitsIcESaIcEEEE8TestBodyEv
FNDA:7,_ZN28SetTest_TestEmplaceBack_TestIiE8TestBodyEv
FNDA:7,_ZN22SetTest_TestErase_TestINSt7__cxx1112basic_stringIcSt11char_traitsIcESaIcEEEE8TestBodyEv
FNDA:7,_ZN22SetTest_TestErase_TestIiE8TestBodyEv
FNDA:7,_ZN29SetTest_TestEraseByValue_TestINSt7__cxx1112basic_stringIcSt11char_traitsIcESaIcEEEE8TestBodyEv
FNDA:7,_ZN29SetTest_TestEraseByValue_TestIiE8TestBodyEv
FNDA:7,_ZN24SetTest_TestReplace_TestINSt7__cxx1112basic_stringIcSt11char_traitsIcESaIcEEEE8TestBodyEv
FNDA:7,_ZN24SetTest_TestReplace_TestIiE8TestBodyEv
FNDA:7,_ZN24SetTest_TestGetSize_TestINSt7__cxx1112basic_stringIcSt11char_traitsIcESaIcEEEE8TestBodyEv
FNDA:7,_ZN24SetTest_TestGetSize_TestIiE8TestBodyEv
FNDA:7,_ZN25SetTest_TestContains_TestINSt7__cxx1112basic_stringIcSt11char_traitsIcESaIcEEEE8TestBodyEv
FNDA:7,_ZN25SetTest_TestContains_TestIiE8TestBodyEv
FNF:21
FNH:21
DA:15,112
DA:17,112
DA:25,14
DA:27,7
DA:28,7
DA:29,7
DA:30,7
DA:32,14
DA:33,14
DA:34,7
DA:35,7
DA:37,14
DA:40,14
DA:42,7
DA:43,7
DA:44,7
DA:45,7
DA:46,7
DA:48,14
DA:49,14
DA:50,7
DA:51,7
DA:52,7
DA:54,14
DA:57,14
DA:59,7
DA:60,7
DA:61,7
DA:62,7
DA:63,7
DA:65,14
DA:66,14
DA:67,14
DA:68,7
DA:69,7
DA:71,14
DA:74,14
DA:76,7
DA:77,7
DA:78,7
DA:80,14
DA:81,14
DA:82,7
DA:84,14
DA:87,14
DA:88,14
DA:89,14
DA:90,14
DA:91,14
DA:94,14
DA:96,7
DA:97,7
DA:98,7
DA:100,14
DA:101,21
DA:102,21
DA:104,14
DA:107,14
DA:108,224
DA:110,105
DA:112,105
DA:115,14
DA:116,14
DA:119,14
DA:120,14
DA:121,21
DA:124,7
DA:126,7
DA:128,14
DA:131,7
DA:132,7
DA:133,7
LF:72
LH:72
end_of_record
TN:
SF:/home/vlad/vsCode/2_course/programming/labs/lab3/Test/StackTest.cpp
FN:133,147,_ZN26StackTest_TestGetSize_TestINSt7__cxx1112basic_stringIcSt11char_traitsIcESaIcEEEE8TestBodyEv
FN:133,147,_ZN26StackTest_TestGetSize_TestIiE8TestBodyEv
FN:17,17,_ZN9StackTestINSt7__cxx1112basic_stringIcSt11char_traitsIcESaIcEEEE5SetUpEv
FN:17,17,_ZN9StackTestIiE5SetUpEv
FN:18,18,_ZN9StackTestINSt7__cxx1112basic_stringIcSt11char_traitsIcESaIcEEEE8TearDownEv
FN:18,18,_ZN9StackTestIiE8TearDownEv
FN:26,38,_ZN23StackTest_TestPush_TestINSt7__cxx1112basic_stringIcSt11char_traitsIcESaIcEEEE8TestBodyEv
FN:26,38,_ZN23StackTest_TestPush_TestIiE8TestBodyEv
FN:41,56,_ZN22StackTest_TestPop_TestINSt7__cxx1112basic_stringIcSt11char_traitsIcESaIcEEEE8TestBodyEv
FN:41,56,_ZN22StackTest_TestPop_TestIiE8TestBodyEv
FN:59,78,_ZN24StackTest_TestPrint_TestINSt7__cxx1112basic_stringIcSt11char_traitsIcESaIcEEEE8TestBodyEv
FN:59,78,_ZN24StackTest_TestPrint_TestIiE8TestBodyEv
FN:81,93,_ZN31StackTest_TestFillFromFile_TestINSt7__cxx1112basic_stringIcSt11char_traitsIcESaIcEEEE8TestBodyEv
FN:81,93,_ZN31StackTest_TestFillFromFile_TestIiE8TestBodyEv
FN:96,130,_ZN38StackTest_TestWriteToFileWithType_TestINSt7__cxx1112basic_stringIcSt11char_traitsIcESaIcEEEE8TestBodyEv
FN:96,130,_ZN38StackTest_TestWriteToFileWithType_TestIiE8TestBodyEv
FNDA:7,_ZN26StackTest_TestGetSize_TestINSt7__cxx1112basic_stringIcSt11char_traitsIcESaIcEEEE8TestBodyEv
FNDA:7,_ZN26StackTest_TestGetSize_TestIiE8TestBodyEv
FNDA:42,_ZN9StackTestINSt7__cxx1112basic_stringIcSt11char_traitsIcESaIcEEEE5SetUpEv
FNDA:42,_ZN9StackTestIiE5SetUpEv
FNDA:42,_ZN9StackTestINSt7__cxx1112basic_stringIcSt11char_traitsIcESaIcEEEE8TearDownEv
FNDA:42,_ZN9StackTestIiE8TearDownEv
FNDA:7,_ZN23StackTest_TestPush_TestINSt7__cxx1112basic_stringIcSt11char_traitsIcESaIcEEEE8TestBodyEv
FNDA:7,_ZN23StackTest_TestPush_TestIiE8TestBodyEv
FNDA:7,_ZN22StackTest_TestPop_TestINSt7__cxx1112basic_stringIcSt11char_traitsIcESaIcEEEE8TestBodyEv
FNDA:7,_ZN22StackTest_TestPop_TestIiE8TestBodyEv
FNDA:7,_ZN24StackTest_TestPrint_TestINSt7__cxx1112basic_stringIcSt11char_traitsIcESaIcEEEE8TestBodyEv
FNDA:7,_ZN24StackTest_TestPrint_TestIiE8TestBodyEv
FNDA:7,_ZN31StackTest_TestFillFromFile_TestINSt7__cxx1112basic_stringIcSt11char_traitsIcESaIcEEEE8TestBodyEv
FNDA:7,_ZN31StackTest_TestFillFromFile_TestIiE8TestBodyEv
FNDA:7,_ZN38StackTest_TestWriteToFileWithType_TestINSt7__cxx1112basic_stringIcSt11char_traitsIcESaIcEEEE8TestBodyEv
FNDA:7,_ZN38StackTest_TestWriteToFileWithType_TestIiE8TestBodyEv
FNF:16
FNH:16
DA:17,84
DA:18,84
DA:26,14
DA:28,7
DA:29,7
DA:30,7
DA:31,7
DA:33,14
DA:34,14
DA:35,14
DA:36,7
DA:38,14
DA:41,14
DA:43,7
DA:44,7
DA:45,7
DA:46,7
DA:47,7
DA:50,14
DA:51,14
DA:52,14
DA:53,7
DA:54,7
DA:56,14
DA:59,14
DA:60,14
DA:63,7
DA:64,7
DA:65,7
DA:66,7
DA:67,7
DA:68,7
DA:69,7
DA:70,14
DA:71,14
DA:72,14
DA:73,7
DA:74,7
DA:75,7
DA:77,7
DA:78,14
DA:81,14
DA:83,14
DA:85,7
DA:88,21
DA:90,7
DA:93,14
DA:96,14
DA:97,14
DA:100,14
DA:103,7
DA:104,7
DA:105,7
DA:107,14
DA:108,14
DA:109,14
DA:113,28
DA:117,14
DA:119,14
DA:120,14
DA:122,7
DA:123,0
DA:125,7
DA:126,0
DA:129,14
DA:130,14
DA:133,14
DA:134,14
DA:137,7
DA:138,7
DA:139,7
DA:142,14
DA:143,14
DA:144,7
DA:147,14
LF:75
LH:73
end_of_record
TN:
SF:/home/vlad/vsCode/2_course/programming/labs/lab3/source/Array.cpp
FN:100,102,_ZNK5ArrayINSt7__cxx1112basic_stringIcSt11char_traitsIcESaIcEEEE7getSizeEv
FN:100,102,_ZNK5ArrayIiE7getSizeEv
FN:106,111,_ZNK5ArrayINSt7__cxx1112basic_stringIcSt11char_traitsIcESaIcEEEE5printEv
FN:106,111,_ZNK5ArrayIiE5printEv
FN:114,130,_ZNK5ArrayINSt7__cxx1112basic_stringIcSt11char_traitsIcESaIcEEEE11writeToFileERKS5_
FN:114,130,_ZNK5ArrayIiE11writeToFileERKNSt7__cxx1112basic_stringIcSt11char_traitsIcESaIcEEE
FN:133,147,_ZN5ArrayINSt7__cxx1112basic_stringIcSt11char_traitsIcESaIcEEEE12fillFromFileERKS5_
FN:133,147,_ZN5ArrayIiE12fillFromFileERKNSt7__cxx1112basic_stringIcSt11char_traitsIcESaIcEEE
FN:150,158,_ZN5ArrayINSt7__cxx1112basic_stringIcSt11char_traitsIcESaIcEEEE12eraseByValueERKS5_
FN:150,158,_ZN5ArrayIiE12eraseByValueERKi
FN:161,175,_ZN5ArrayINSt7__cxx1112basic_stringIcSt11char_traitsIcESaIcEEEE9serializeERKS5_
FN:161,175,_ZN5ArrayIiE9serializeERKNSt7__cxx1112basic_stringIcSt11char_traitsIcESaIcEEE
FN:178,193,_ZN5ArrayINSt7__cxx1112basic_stringIcSt11char_traitsIcESaIcEEEE11deserializeERKS5_
FN:178,193,_ZN5ArrayIiE11deserializeERKNSt7__cxx1112basic_stringIcSt11char_traitsIcESaIcEEE
FN:21,23,_ZN5ArrayINSt7__cxx1112basic_stringIcSt11char_traitsIcESaIcEEEED2Ev
FN:21,23,_ZN5ArrayIiED2Ev
FN:27,32,_ZN5ArrayINSt7__cxx1112basic_stringIcSt11char_traitsIcESaIcEEEEixEm
FN:27,32,_ZN5ArrayIiEixEm
FN:36,41,_ZN5ArrayINSt7__cxx1112basic_stringIcSt11char_traitsIcESaIcEEEE12emplace_backES5_
FN:36,41,_ZN5ArrayIiE12emplace_backEi
FN:45,56,_ZN5ArrayINSt7__cxx1112basic_stringIcSt11char_traitsIcESaIcEEEE6resizeEm
FN:45,56,_ZN5ArrayIiE6resizeEm
FN:6,8,_ZN5ArrayINSt7__cxx1112basic_stringIcSt11char_traitsIcESaIcEEEEC2Ev
FN:6,8,_ZN5ArrayIiEC2Ev
FN:60,74,_ZN5ArrayINSt7__cxx1112basic_stringIcSt11char_traitsIcESaIcEEEE6insertEmS5_
FN:60,74,_ZN5ArrayIiE6insertEmi
FN:78,87,_ZN5ArrayINSt7__cxx1112basic_stringIcSt11char_traitsIcESaIcEEEE5eraseEm
FN:78,87,_ZN5ArrayIiE5eraseEm
FN:91,96,_ZN5ArrayINSt7__cxx1112basic_stringIcSt11char_traitsIcESaIcEEEE7replaceEmS5_
FN:91,96,_ZN5ArrayIiE7replaceEmi
FNDA:39,_ZNK5ArrayINSt7__cxx1112basic_stringIcSt11char_traitsIcESaIcEEEE7getSizeEv
FNDA:39,_ZNK5ArrayIiE7getSizeEv
FNDA:3,_ZNK5ArrayINSt7__cxx1112basic_stringIcSt11char_traitsIcESaIcEEEE5printEv
FNDA:3,_ZNK5ArrayIiE5printEv
FNDA:3,_ZNK5ArrayINSt7__cxx1112basic_stringIcSt11char_traitsIcESaIcEEEE11writeToFileERKS5_
FNDA:3,_ZNK5ArrayIiE11writeToFileERKNSt7__cxx1112basic_stringIcSt11char_traitsIcESaIcEEE
FNDA:6,_ZN5ArrayINSt7__cxx1112basic_stringIcSt11char_traitsIcESaIcEEEE12fillFromFileERKS5_
FNDA:6,_ZN5ArrayIiE12fillFromFileERKNSt7__cxx1112basic_stringIcSt11char_traitsIcESaIcEEE
FNDA:3,_ZN5ArrayINSt7__cxx1112basic_stringIcSt11char_traitsIcESaIcEEEE12eraseByValueERKS5_
FNDA:3,_ZN5ArrayIiE12eraseByValueERKi
FNDA:3,_ZN5ArrayINSt7__cxx1112basic_stringIcSt11char_traitsIcESaIcEEEE9serializeERKS5_
FNDA:3,_ZN5ArrayIiE9serializeERKNSt7__cxx1112basic_stringIcSt11char_traitsIcESaIcEEE
FNDA:3,_ZN5ArrayINSt7__cxx1112basic_stringIcSt11char_traitsIcESaIcEEEE11deserializeERKS5_
FNDA:3,_ZN5ArrayIiE11deserializeERKNSt7__cxx1112basic_stringIcSt11char_traitsIcESaIcEEE
FNDA:42,_ZN5ArrayINSt7__cxx1112basic_stringIcSt11char_traitsIcESaIcEEEED2Ev
FNDA:42,_ZN5ArrayIiED2Ev
FNDA:54,_ZN5ArrayINSt7__cxx1112basic_stringIcSt11char_traitsIcESaIcEEEEixEm
FNDA:54,_ZN5ArrayIiEixEm
FNDA:129,_ZN5ArrayINSt7__cxx1112basic_stringIcSt11char_traitsIcESaIcEEEE12emplace_backES5_
FNDA:129,_ZN5ArrayIiE12emplace_backEi
FNDA:3,_ZN5ArrayINSt7__cxx1112basic_stringIcSt11char_traitsIcESaIcEEEE6resizeEm
FNDA:3,_ZN5ArrayIiE6resizeEm
FNDA:42,_ZN5ArrayINSt7__cxx1112basic_stringIcSt11char_traitsIcESaIcEEEEC2Ev
FNDA:42,_ZN5ArrayIiEC2Ev
FNDA:9,_ZN5ArrayINSt7__cxx1112basic_stringIcSt11char_traitsIcESaIcEEEE6insertEmS5_
FNDA:9,_ZN5ArrayIiE6insertEmi
FNDA:9,_ZN5ArrayINSt7__cxx1112basic_stringIcSt11char_traitsIcESaIcEEEE5eraseEm
FNDA:9,_ZN5ArrayIiE5eraseEm
FNDA:6,_ZN5ArrayINSt7__cxx1112basic_stringIcSt11char_traitsIcESaIcEEEE7replaceEmS5_
FNDA:6,_ZN5ArrayIiE7replaceEmi
FNF:30
FNH:30
DA:6,84
DA:7,504
DA:8,84
DA:21,84
DA:23,84
DA:27,108
DA:28,108
DA:29,6
DA:31,102
DA:36,258
DA:37,258
DA:38,6
DA:40,258
DA:41,258
DA:45,6
DA:46,6
DA:47,0
DA:49,66
DA:50,66
DA:51,60
DA:53,36
DA:54,6
DA:55,6
DA:56,6
DA:60,18
DA:61,18
DA:62,6
DA:65,12
DA:66,0
DA:69,18
DA:70,6
DA:72,12
DA:73,12
DA:74,12
DA:78,18
DA:79,18
DA:80,6
DA:83,24
DA:84,12
DA:86,12
DA:87,12
DA:91,12
DA:92,12
DA:93,6
DA:95,6
DA:96,6
DA:100,78
DA:101,78
DA:106,6
DA:107,24
DA:108,18
DA:110,6
DA:111,6
DA:114,6
DA:115,6
DA:116,6
DA:117,0
DA:118,0
DA:121,36
DA:122,30
DA:123,30
DA:124,24
DA:128,6
DA:129,6
DA:130,6
DA:133,12
DA:134,12
DA:135,12
DA:136,0
DA:137,0
DA:140,6
DA:141,72
DA:142,60
DA:145,12
DA:146,12
DA:147,12
DA:150,6
DA:151,6
DA:152,6
DA:153,6
DA:154,6
DA:157,0
DA:161,6
DA:162,6
DA:163,6
DA:164,0
DA:167,6
DA:169,6
DA:173,6
DA:174,6
DA:175,6
DA:178,6
DA:179,6
DA:180,6
DA:181,0
DA:184,6
DA:185,6
DA:188,36
DA:189,36
DA:191,6
DA:192,6
DA:193,6
LF:102
LH:93
end_of_record
TN:
SF:/home/vlad/vsCode/2_course/programming/labs/lab3/source/DList.cpp
FN:11,15,_ZN5DListINSt7__cxx1112basic_stringIcSt11char_traitsIcESaIcEEEED2Ev
FN:11,15,_ZN5DListIiED2Ev
FN:125,146,_ZN5DListINSt7__cxx1112basic_stringIcSt11char_traitsIcESaIcEEEE15search_by_valueES5_
FN:125,146,_ZN5DListIiE15search_by_valueEi
FN:149,167,_ZN5DListINSt7__cxx1112basic_stringIcSt11char_traitsIcESaIcEEEEixEm
FN:149,167,_ZN5DListIiEixEm
FN:170,177,_ZN5DListINSt7__cxx1112basic_stringIcSt11char_traitsIcESaIcEEEE5printEv
FN:170,177,_ZN5DListIiE5printEv
FN:18,20,_ZN5DListINSt7__cxx1112basic_stringIcSt11char_traitsIcESaIcEEEE7GetSizeEv
FN:18,20,_ZN5DListIiE7GetSizeEv
FN:180,193,_ZN5DListINSt7__cxx1112basic_stringIcSt11char_traitsIcESaIcEEEE12fillFromFileERKS5_
FN:180,193,_ZN5DListIiE12fillFromFileERKNSt7__cxx1112basic_stringIcSt11char_traitsIcESaIcEEE
FN:196,209,_ZNK5DListINSt7__cxx1112basic_stringIcSt11char_traitsIcESaIcEEEE11writeToFileERKS5_
FN:196,209,_ZNK5DListIiE11writeToFileERKNSt7__cxx1112basic_stringIcSt11char_traitsIcESaIcEEE
FN:23,34,_ZN5DListINSt7__cxx1112basic_stringIcSt11char_traitsIcESaIcEEEE9push_backES5_
FN:23,34,_ZN5DListIiE9push_backEi
FN:37,48,_ZN5DListINSt7__cxx1112basic_stringIcSt11char_traitsIcESaIcEEEE10push_frontES5_
FN:37,48,_ZN5DListIiE10push_frontEi
FN:51,65,_ZN5DListINSt7__cxx1112basic_stringIcSt11char_traitsIcESaIcEEEE9pop_frontEv
FN:51,65,_ZN5DListIiE9pop_frontEv
FN:68,82,_ZN5DListINSt7__cxx1112basic_stringIcSt11char_traitsIcESaIcEEEE8pop_backEv
FN:68,82,_ZN5DListIiE8pop_backEv
FN:8,8,_ZN5DListINSt7__cxx1112basic_stringIcSt11char_traitsIcESaIcEEEEC2Ev
FN:8,8,_ZN5DListIiEC2Ev
FN:85,122,_ZN5DListINSt7__cxx1112basic_stringIcSt11char_traitsIcESaIcEEEE9pop_valueES5_
FN:85,122,_ZN5DListIiE9pop_valueEi
FNDA:180,_ZN5DListINSt7__cxx1112basic_stringIcSt11char_traitsIcESaIcEEEED2Ev
FNDA:180,_ZN5DListIiED2Ev
FNDA:15,_ZN5DListINSt7__cxx1112basic_stringIcSt11char_traitsIcESaIcEEEE15search_by_valueES5_
FNDA:15,_ZN5DListIiE15search_by_valueEi
FNDA:165,_ZN5DListINSt7__cxx1112basic_stringIcSt11char_traitsIcESaIcEEEEixEm
FNDA:165,_ZN5DListIiEixEm
FNDA:15,_ZN5DListINSt7__cxx1112basic_stringIcSt11char_traitsIcESaIcEEEE5printEv
FNDA:15,_ZN5DListIiE5printEv
FNDA:30,_ZN5DListINSt7__cxx1112basic_stringIcSt11char_traitsIcESaIcEEEE7GetSizeEv
FNDA:30,_ZN5DListIiE7GetSizeEv
FNDA:30,_ZN5DListINSt7__cxx1112basic_stringIcSt11char_traitsIcESaIcEEEE12fillFromFileERKS5_
FNDA:30,_ZN5DListIiE12fillFromFileERKNSt7__cxx1112basic_stringIcSt11char_traitsIcESaIcEEE
FNDA:15,_ZNK5DListINSt7__cxx1112basic_stringIcSt11char_traitsIcESaIcEEEE11writeToFileERKS5_
FNDA:15,_ZNK5DListIiE11writeToFileERKNSt7__cxx1112basic_stringIcSt11char_traitsIcESaIcEEE
FNDA:405,_ZN5DListINSt7__cxx1112basic_stringIcSt11char_traitsIcESaIcEEEE9push_backES5_
FNDA:405,_ZN5DListIiE9push_backEi
FNDA:30,_ZN5DListINSt7__cxx1112basic_stringIcSt11char_traitsIcESaIcEEEE10push_frontES5_
FNDA:30,_ZN5DListIiE10push_frontEi
FNDA:405,_ZN5DListINSt7__cxx1112basic_stringIcSt11char_traitsIcESaIcEEEE9pop_frontEv
FNDA:405,_ZN5DListIiE9pop_frontEv
FNDA:30,_ZN5DListINSt7__cxx1112basic_stringIcSt11char_traitsIcESaIcEEEE8pop_backEv
FNDA:30,_ZN5DListIiE8pop_backEv
FNDA:180,_ZN5DListINSt7__cxx1112basic_stringIcSt11char_traitsIcESaIcEEEEC2Ev
FNDA:180,_ZN5DListIiEC2Ev
FNDA:30,_ZN5DListINSt7__cxx1112basic_stringIcSt11char_traitsIcESaIcEEEE9pop_valueES5_
FNDA:30,_ZN5DListIiE9pop_valueEi
FNF:26
FNH:26
DA:8,360
DA:11,360
DA:12,1110
DA:13,750
DA:15,360
DA:18,60
DA:19,60
DA:23,810
DA:24,810
DA:25,810
DA:26,300
DA:27,300
DA:29,510
DA:30,510
DA:31,510
DA:33,810
DA:34,810
DA:37,60
DA:38,60
DA:39,60
DA:40,30
DA:41,30
DA:43,30
DA:44,30
DA:45,30
DA:47,60
DA:48,60
DA:51,810
DA:52,810
DA:53,30
DA:56,780
DA:57,780
DA:58,780
DA:59,450
DA:61,330
DA:63,780
DA:64,780
DA:65,780
DA:68,60
DA:69,60
DA:70,30
DA:73,30
DA:74,30
DA:75,30
DA:76,30
DA:78,0
DA:80,30
DA:81,30
DA:82,30
DA:85,60
DA:86,60
DA:87,30
DA:90,60
DA:91,30
DA:92,30
DA:93,30
DA:94,30
DA:96,0
DA:98,30
DA:99,30
DA:102,30
DA:103,90
DA:104,60
DA:105,30
DA:106,30
DA:107,30
DA:109,30
DA:110,0
DA:112,30
DA:113,30
DA:115,30
DA:116,30
DA:117,30
DA:119,30
DA:122,30
DA:125,30
DA:126,30
DA:127,30
DA:128,30
DA:130,30
DA:132,90
DA:133,60
DA:134,30
DA:135,30
DA:137,60
DA:138,60
DA:141,30
DA:142,0
DA:145,30
DA:146,30
DA:149,330
DA:150,330
DA:151,60
DA:154,270
DA:155,270
DA:157,390
DA:158,390
DA:159,270
DA:161,120
DA:162,120
DA:166,0
DA:170,30
DA:171,30
DA:172,120
DA:173,90
DA:174,90
DA:176,30
DA:177,30
DA:180,60
DA:181,60
DA:182,60
DA:183,0
DA:184,0
DA:187,30
DA:188,300
DA:189,240
DA:192,60
DA:193,60
DA:196,30
DA:197,30
DA:198,30
DA:199,0
DA:202,30
DA:203,120
DA:204,90
DA:205,90
DA:208,30
DA:209,30
LF:128
LH:120
end_of_record
TN:
SF:/home/vlad/vsCode/2_course/programming/labs/lab3/source/OList.cpp
FN:102,123,_ZN5OListINSt7__cxx1112basic_stringIcSt11char_traitsIcESaIcEEEE15search_by_valueES5_
FN:102,123,_ZN5OListIiE15search_by_valueEi
FN:11,15,_ZN5OListINSt7__cxx1112basic_stringIcSt11char_traitsIcESaIcEEEED2Ev
FN:11,15,_ZN5OListIiED2Ev
FN:126,144,_ZN5OListINSt7__cxx1112basic_stringIcSt11char_traitsIcESaIcEEEEixEm
FN:126,144,_ZN5OListIiEixEm
FN:147,154,_ZN5OListINSt7__cxx1112basic_stringIcSt11char_traitsIcESaIcEEEE5printEv
FN:147,154,_ZN5OListIiE5printEv
FN:157,170,_ZN5OListINSt7__cxx1112basic_stringIcSt11char_traitsIcESaIcEEEE12fillFromFileERKS5_
FN:157,170,_ZN5OListIiE12fillFromFileERKNSt7__cxx1112basic_stringIcSt11char_traitsIcESaIcEEE
FN:173,185,_ZNK5OListINSt7__cxx1112basic_stringIcSt11char_traitsIcESaIcEEEE11writeToFileERKS5_
FN:173,185,_ZNK5OListIiE11writeToFileERKNSt7__cxx1112basic_stringIcSt11char_traitsIcESaIcEEE
FN:18,20,_ZN5OListINSt7__cxx1112basic_stringIcSt11char_traitsIcESaIcEEEE7GetSizeEv
FN:18,20,_ZN5OListIiE7GetSizeEv
FN:23,34,_ZN5OListINSt7__cxx1112basic_stringIcSt11char_traitsIcESaIcEEEE9push_backES5_
FN:23,34,_ZN5OListIiE9push_backEi
FN:37,41,_ZN5OListINSt7__cxx1112basic_stringIcSt11char_traitsIcESaIcEEEE10push_frontES5_
FN:37,41,_ZN5OListIiE10push_frontEi
FN:44,53,_ZN5OListINSt7__cxx1112basic_stringIcSt11char_traitsIcESaIcEEEE9pop_frontEv
FN:44,53,_ZN5OListIiE9pop_frontEv
FN:56,73,_ZN5OListINSt7__cxx1112basic_stringIcSt11char_traitsIcESaIcEEEE8pop_backEv
FN:56,73,_ZN5OListIiE8pop_backEv
FN:76,99,_ZN5OListINSt7__cxx1112basic_stringIcSt11char_traitsIcESaIcEEEE9pop_valueES5_
FN:76,99,_ZN5OListIiE9pop_valueEi
FN:8,8,_ZN5OListINSt7__cxx1112basic_stringIcSt11char_traitsIcESaIcEEEEC2Ev
FN:8,8,_ZN5OListIiEC2Ev
FNDA:11,_ZN5OListINSt7__cxx1112basic_stringIcSt11char_traitsIcESaIcEEEE15search_by_valueES5_
FNDA:11,_ZN5OListIiE15search_by_valueEi
FNDA:132,_ZN5OListINSt7__cxx1112basic_stringIcSt11char_traitsIcESaIcEEEED2Ev
FNDA:132,_ZN5OListIiED2Ev
FNDA:132,_ZN5OListINSt7__cxx1112basic_stringIcSt11char_traitsIcESaIcEEEEixEm
FNDA:132,_ZN5OListIiEixEm
FNDA:11,_ZN5OListINSt7__cxx1112basic_stringIcSt11char_traitsIcESaIcEEEE5printEv
FNDA:11,_ZN5OListIiE5printEv
FNDA:11,_ZN5OListINSt7__cxx1112basic_stringIcSt11char_traitsIcESaIcEEEE12fillFromFileERKS5_
FNDA:11,_ZN5OListIiE12fillFromFileERKNSt7__cxx1112basic_stringIcSt11char_traitsIcESaIcEEE
FNDA:11,_ZNK5OListINSt7__cxx1112basic_stringIcSt11char_traitsIcESaIcEEEE11writeToFileERKS5_
FNDA:11,_ZNK5OListIiE11writeToFileERKNSt7__cxx1112basic_stringIcSt11char_traitsIcESaIcEEE
FNDA:11,_ZN5OListINSt7__cxx1112basic_stringIcSt11char_traitsIcESaIcEEEE7GetSizeEv
FNDA:11,_ZN5OListIiE7GetSizeEv
FNDA:253,_ZN5OListINSt7__cxx1112basic_stringIcSt11char_traitsIcESaIcEEEE9push_backES5_
FNDA:253,_ZN5OListIiE9push_backEi
FNDA:22,_ZN5OListINSt7__cxx1112basic_stringIcSt11char_traitsIcESaIcEEEE10push_frontES5_
FNDA:22,_ZN5OListIiE10push_frontEi
FNDA:253,_ZN5OListINSt7__cxx1112basic_stringIcSt11char_traitsIcESaIcEEEE9pop_frontEv
FNDA:253,_ZN5OListIiE9pop_frontEv
FNDA:22,_ZN5OListINSt7__cxx1112basic_stringIcSt11char_traitsIcESaIcEEEE8pop_backEv
FNDA:22,_ZN5OListIiE8pop_backEv
FNDA:11,_ZN5OListINSt7__cxx1112basic_stringIcSt11char_traitsIcESaIcEEEE9pop_valueES5_
FNDA:11,_ZN5OListIiE9pop_valueEi
FNDA:132,_ZN5OListINSt7__cxx1112basic_stringIcSt11char_traitsIcESaIcEEEEC2Ev
FNDA:132,_ZN5OListIiEC2Ev
FNF:26
FNH:26
DA:8,264
DA:11,264
DA:12,726
DA:13,462
DA:15,264
DA:18,22
DA:19,22
DA:23,506
DA:24,506
DA:25,198
DA:27,308
DA:28,484
DA:29,176
DA:31,308
DA:33,506
DA:34,506
DA:37,44
DA:38,44
DA:39,44
DA:40,44
DA:41,44
DA:44,506
DA:45,506
DA:46,22
DA:49,484
DA:50,484
DA:51,484
DA:52,484
DA:53,484
DA:56,44
DA:57,44
DA:58,22
DA:61,22
DA:62,0
DA:63,0
DA:65,22
DA:66,22
DA:67,0
DA:69,22
DA:70,22
DA:72,22
DA:73,22
DA:76,22
DA:77,22
DA:78,0
DA:81,44
DA:82,22
DA:83,22
DA:84,22
DA:85,22
DA:88,22
DA:89,44
DA:90,22
DA:91,22
DA:92,22
DA:93,22
DA:94,22
DA:96,0
DA:99,22
DA:102,22
DA:103,22
DA:104,22
DA:105,22
DA:107,22
DA:109,66
DA:110,44
DA:111,22
DA:112,22
DA:114,44
DA:115,44
DA:118,22
DA:119,0
DA:122,22
DA:123,22
DA:126,264
DA:127,264
DA:128,44
DA:131,220
DA:132,220
DA:134,286
DA:135,286
DA:136,220
DA:138,66
DA:139,66
DA:143,0
DA:147,22
DA:148,22
DA:149,88
DA:150,66
DA:151,66
DA:153,22
DA:154,22
DA:157,22
DA:158,22
DA:159,22
DA:160,0
DA:161,0
DA:164,11
DA:165,132
DA:166,110
DA:169,22
DA:170,22
DA:173,22
DA:174,22
DA:175,22
DA:176,0
DA:177,0
DA:180,22
DA:181,66
DA:182,44
DA:183,44
DA:185,22
LF:112
LH:101
end_of_record
TN:
SF:/home/vlad/vsCode/2_course/programming/labs/lab3/source/binaryTree.cpp
FN:15,17,_ZN10BinaryTreeINSt7__cxx1112basic_stringIcSt11char_traitsIcESaIcEEEE6insertES5_
FN:15,17,_ZN10BinaryTreeIiE6insertEi
FN:20,28,_ZN10BinaryTreeINSt7__cxx1112basic_stringIcSt11char_traitsIcESaIcEEEE6insertERPNS6_4NodeES5_
FN:20,28,_ZN10BinaryTreeIiE6insertERPNS0_4NodeEi
FN:32,34,_ZNK10BinaryTreeINSt7__cxx1112basic_stringIcSt11char_traitsIcESaIcEEEE6searchES5_
FN:32,34,_ZNK10BinaryTreeIiE6searchEi
FN:37,42,_ZNK10BinaryTreeINSt7__cxx1112basic_stringIcSt11char_traitsIcESaIcEEEE6searchEPNS6_4NodeES5_
FN:37,42,_ZNK10BinaryTreeIiE6searchEPNS0_4NodeEi
FN:46,48,_ZNK10BinaryTreeINSt7__cxx1112basic_stringIcSt11char_traitsIcESaIcEEEE7inorderEv
FN:46,48,_ZNK10BinaryTreeIiE7inorderEv
FN:5,5,_ZN10BinaryTreeINSt7__cxx1112basic_stringIcSt11char_traitsIcESaIcEEEEC2Ev
FN:5,5,_ZN10BinaryTreeIiEC2Ev
FN:51,57,_ZNK10BinaryTreeINSt7__cxx1112basic_stringIcSt11char_traitsIcESaIcEEEE7inorderEPNS6_4NodeE
FN:51,57,_ZNK10BinaryTreeIiE7inorderEPNS0_4NodeE
FN:61,67,_ZN10BinaryTreeINSt7__cxx1112basic_stringIcSt11char_traitsIcESaIcEEEE5clearEPNS6_4NodeE
FN:61,67,_ZN10BinaryTreeIiE5clearEPNS0_4NodeE
FN:71,74,_ZNK10BinaryTreeINSt7__cxx1112basic_stringIcSt11char_traitsIcESaIcEEEE6heightEPNS6_4NodeE
FN:71,74,_ZNK10BinaryTreeIiE6heightEPNS0_4NodeE
FN:78,86,_ZNK10BinaryTreeINSt7__cxx1112basic_stringIcSt11char_traitsIcESaIcEEEE10isBalancedEPNS6_4NodeE
FN:78,86,_ZNK10BinaryTreeIiE10isBalancedEPNS0_4NodeE
FN:9,11,_ZN10BinaryTreeINSt7__cxx1112basic_stringIcSt11char_traitsIcESaIcEEEED2Ev
FN:9,11,_ZN10BinaryTreeIiED2Ev
FN:90,92,_ZNK10BinaryTreeINSt7__cxx1112basic_stringIcSt11char_traitsIcESaIcEEEE10isBalancedEv
FN:90,92,_ZNK10BinaryTreeIiE10isBalancedEv
FNDA:10,_ZN10BinaryTreeINSt7__cxx1112basic_stringIcSt11char_traitsIcESaIcEEEE6insertES5_
FNDA:19,_ZN10BinaryTreeIiE6insertEi
FNDA:17,_ZN10BinaryTreeINSt7__cxx1112basic_stringIcSt11char_traitsIcESaIcEEEE6insertERPNS6_4NodeES5_
FNDA:42,_ZN10BinaryTreeIiE6insertERPNS0_4NodeEi
FNDA:5,_ZNK10BinaryTreeINSt7__cxx1112basic_stringIcSt11char_traitsIcESaIcEEEE6searchES5_
FNDA:5,_ZNK10BinaryTreeIiE6searchEi
FNDA:11,_ZNK10BinaryTreeINSt7__cxx1112basic_stringIcSt11char_traitsIcESaIcEEEE6searchEPNS6_4NodeES5_
FNDA:10,_ZNK10BinaryTreeIiE6searchEPNS0_4NodeEi
FNDA:1,_ZNK10BinaryTreeINSt7__cxx1112basic_stringIcSt11char_traitsIcESaIcEEEE7inorderEv
FNDA:1,_ZNK10BinaryTreeIiE7inorderEv
FNDA:4,_ZN10BinaryTreeINSt7__cxx1112basic_stringIcSt11char_traitsIcESaIcEEEEC2Ev
FNDA:4,_ZN10BinaryTreeIiEC2Ev
FNDA:7,_ZNK10BinaryTreeINSt7__cxx1112basic_stringIcSt11char_traitsIcESaIcEEEE7inorderEPNS6_4NodeE
FNDA:15,_ZNK10BinaryTreeIiE7inorderEPNS0_4NodeE
FNDA:24,_ZN10BinaryTreeINSt7__cxx1112basic_stringIcSt11char_traitsIcESaIcEEEE5clearEPNS6_4NodeE
FNDA:42,_ZN10BinaryTreeIiE5clearEPNS0_4NodeE
FNDA:6,_ZNK10BinaryTreeINSt7__cxx1112basic_stringIcSt11char_traitsIcESaIcEEEE6heightEPNS6_4NodeE
FNDA:20,_ZNK10BinaryTreeIiE6heightEPNS0_4NodeE
FNDA:5,_ZNK10BinaryTreeINSt7__cxx1112basic_stringIcSt11char_traitsIcESaIcEEEE10isBalancedEPNS6_4NodeE
FNDA:8,_ZNK10BinaryTreeIiE10isBalancedEPNS0_4NodeE
FNDA:4,_ZN10BinaryTreeINSt7__cxx1112basic_stringIcSt11char_traitsIcESaIcEEEED2Ev
FNDA:4,_ZN10BinaryTreeIiED2Ev
FNDA:1,_ZNK10BinaryTreeINSt7__cxx1112basic_stringIcSt11char_traitsIcESaIcEEEE10isBalancedEv
FNDA:2,_ZNK10BinaryTreeIiE10isBalancedEv
FNF:24
FNH:24
DA:5,8
DA:9,8
DA:10,8
DA:11,8
DA:15,29
DA:16,29
DA:17,29
DA:20,59
DA:21,59
DA:22,29
DA:23,30
DA:24,15
DA:26,15
DA:28,59
DA:32,10
DA:33,10
DA:37,21
DA:38,21
DA:39,17
DA:40,11
DA:41,11
DA:46,2
DA:47,2
DA:48,2
DA:51,22
DA:52,22
DA:53,10
DA:54,10
DA:55,10
DA:57,22
DA:61,66
DA:62,66
DA:63,29
DA:64,29
DA:65,29
DA:67,66
DA:71,26
DA:72,26
DA:73,7
DA:78,13
DA:79,13
DA:81,6
DA:82,6
DA:84,11
DA:85,11
DA:90,3
DA:91,3
LF:47
LH:47
end_of_record
TN:
SF:/home/vlad/vsCode/2_course/programming/labs/lab3/source/queue.cpp
FN:11,15,_ZN5QueueINSt7__cxx1112basic_stringIcSt11char_traitsIcESaIcEEEED2Ev
FN:11,15,_ZN5QueueIiED2Ev
FN:18,20,_ZN5QueueINSt7__cxx1112basic_stringIcSt11char_traitsIcESaIcEEEE7GetSizeEv
FN:18,20,_ZN5QueueIiE7GetSizeEv
FN:23,34,_ZN5QueueINSt7__cxx1112basic_stringIcSt11char_traitsIcESaIcEEEE4pushES5_
FN:23,34,_ZN5QueueIiE4pushEi
FN:37,50,_ZN5QueueINSt7__cxx1112basic_stringIcSt11char_traitsIcESaIcEEEE3popEv
FN:37,50,_ZN5QueueIiE3popEv
FN:53,60,_ZN5QueueINSt7__cxx1112basic_stringIcSt11char_traitsIcESaIcEEEE5printEv
FN:53,60,_ZN5QueueIiE5printEv
FN:63,76,_ZN5QueueINSt7__cxx1112basic_stringIcSt11char_traitsIcESaIcEEEE12fillFromFileERKS5_
FN:63,76,_ZN5QueueIiE12fillFromFileERKNSt7__cxx1112basic_stringIcSt11char_traitsIcESaIcEEE
FN:79,92,_ZNK5QueueINSt7__cxx1112basic_stringIcSt11char_traitsIcESaIcEEEE11writeToFileERKS5_
FN:79,92,_ZNK5QueueIiE11writeToFileERKNSt7__cxx1112basic_stringIcSt11char_traitsIcESaIcEEE
FN:8,8,_ZN5QueueINSt7__cxx1112basic_stringIcSt11char_traitsIcESaIcEEEEC2Ev
FN:8,8,_ZN5QueueIiEC2Ev
FNDA:72,_ZN5QueueINSt7__cxx1112basic_stringIcSt11char_traitsIcESaIcEEEED2Ev
FNDA:72,_ZN5QueueIiED2Ev
FNDA:60,_ZN5QueueINSt7__cxx1112basic_stringIcSt11char_traitsIcESaIcEEEE7GetSizeEv
FNDA:60,_ZN5QueueIiE7GetSizeEv
FNDA:226,_ZN5QueueINSt7__cxx1112basic_stringIcSt11char_traitsIcESaIcEEEE4pushES5_
FNDA:223,_ZN5QueueIiE4pushEi
FNDA:226,_ZN5QueueINSt7__cxx1112basic_stringIcSt11char_traitsIcESaIcEEEE3popEv
FNDA:223,_ZN5QueueIiE3popEv
FNDA:12,_ZN5QueueINSt7__cxx1112basic_stringIcSt11char_traitsIcESaIcEEEE5printEv
FNDA:12,_ZN5QueueIiE5printEv
FNDA:12,_ZN5QueueINSt7__cxx1112basic_stringIcSt11char_traitsIcESaIcEEEE12fillFromFileERKS5_
FNDA:12,_ZN5QueueIiE12fillFromFileERKNSt7__cxx1112basic_stringIcSt11char_traitsIcESaIcEEE
FNDA:12,_ZNK5QueueINSt7__cxx1112basic_stringIcSt11char_traitsIcESaIcEEEE11writeToFileERKS5_
FNDA:12,_ZNK5QueueIiE11writeToFileERKNSt7__cxx1112basic_stringIcSt11char_traitsIcESaIcEEE
FNDA:72,_ZN5QueueINSt7__cxx1112basic_stringIcSt11char_traitsIcESaIcEEEEC2Ev
FNDA:72,_ZN5QueueIiEC2Ev
FNF:16
FNH:16
DA:8,144
DA:11,144
DA:12,569
DA:13,425
DA:15,144
DA:18,120
DA:19,120
DA:23,449
DA:24,449
DA:25,143
DA:27,306
DA:28,535
DA:29,229
DA:31,306
DA:33,449
DA:34,449
DA:37,449
DA:38,449
DA:39,0
DA:42,449
DA:43,449
DA:44,449
DA:45,449
DA:47,449
DA:48,143
DA:50,449
DA:53,24
DA:54,24
DA:55,96
DA:56,72
DA:57,72
DA:59,24
DA:60,24
DA:63,24
DA:64,24
DA:65,24
DA:66,0
DA:67,0
DA:70,12
DA:71,137
DA:72,113
DA:75,24
DA:76,24
DA:79,24
DA:80,24
DA:81,24
DA:82,0
DA:85,24
DA:86,96
DA:87,72
DA:88,72
DA:91,24
DA:92,24
LF:53
LH:49
end_of_record
TN:
SF:/home/vlad/vsCode/2_course/programming/labs/lab3/source/set.cpp
FN:100,108,_ZN3SetINSt7__cxx1112basic_stringIcSt11char_traitsIcESaIcEEEE12eraseByValueERKS5_
FN:100,108,_ZN3SetIiE12eraseByValueERKi
FN:111,118,_ZNK3SetINSt7__cxx1112basic_stringIcSt11char_traitsIcESaIcEEEE8containsERKS5_
FN:111,118,_ZNK3SetIiE8containsERKi
FN:21,23,_ZN3SetINSt7__cxx1112basic_stringIcSt11char_traitsIcESaIcEEEED2Ev
FN:21,23,_ZN3SetIiED2Ev
FN:27,32,_ZN3SetINSt7__cxx1112basic_stringIcSt11char_traitsIcESaIcEEEEixEm
FN:27,32,_ZN3SetIiEixEm
FN:35,45,_ZN3SetINSt7__cxx1112basic_stringIcSt11char_traitsIcESaIcEEEE12emplace_backES5_
FN:35,45,_ZN3SetIiE12emplace_backEi
FN:49,60,_ZN3SetINSt7__cxx1112basic_stringIcSt11char_traitsIcESaIcEEEE6resizeEm
FN:49,60,_ZN3SetIiE6resizeEm
FN:6,8,_ZN3SetINSt7__cxx1112basic_stringIcSt11char_traitsIcESaIcEEEEC2Ev
FN:6,8,_ZN3SetIiEC2Ev
FN:64,73,_ZN3SetINSt7__cxx1112basic_stringIcSt11char_traitsIcESaIcEEEE5eraseEm
FN:64,73,_ZN3SetIiE5eraseEm
FN:77,82,_ZN3SetINSt7__cxx1112basic_stringIcSt11char_traitsIcESaIcEEEE7replaceEmS5_
FN:77,82,_ZN3SetIiE7replaceEmi
FN:86,88,_ZNK3SetINSt7__cxx1112basic_stringIcSt11char_traitsIcESaIcEEEE7getSizeEv
FN:86,88,_ZNK3SetIiE7getSizeEv
FNDA:7,_ZN3SetINSt7__cxx1112basic_stringIcSt11char_traitsIcESaIcEEEE12eraseByValueERKS5_
FNDA:7,_ZN3SetIiE12eraseByValueERKi
FNDA:182,_ZNK3SetINSt7__cxx1112basic_stringIcSt11char_traitsIcESaIcEEEE8containsERKS5_
FNDA:182,_ZNK3SetIiE8containsERKi
FNDA:56,_ZN3SetINSt7__cxx1112basic_stringIcSt11char_traitsIcESaIcEEEED2Ev
FNDA:56,_ZN3SetIiED2Ev
FNDA:35,_ZN3SetINSt7__cxx1112basic_stringIcSt11char_traitsIcESaIcEEEEixEm
FNDA:35,_ZN3SetIiEixEm
FNDA:168,_ZN3SetINSt7__cxx1112basic_stringIcSt11char_traitsIcESaIcEEEE12emplace_backES5_
FNDA:168,_ZN3SetIiE12emplace_backEi
FNDA:7,_ZN3SetINSt7__cxx1112basic_stringIcSt11char_traitsIcESaIcEEEE6resizeEm
FNDA:7,_ZN3SetIiE6resizeEm
FNDA:56,_ZN3SetINSt7__cxx1112basic_stringIcSt11char_traitsIcESaIcEEEEC2Ev
FNDA:56,_ZN3SetIiEC2Ev
FNDA:21,_ZN3SetINSt7__cxx1112basic_stringIcSt11char_traitsIcESaIcEEEE5eraseEm
FNDA:21,_ZN3SetIiE5eraseEm
FNDA:14,_ZN3SetINSt7__cxx1112basic_stringIcSt11char_traitsIcESaIcEEEE7replaceEmS5_
FNDA:14,_ZN3SetIiE7replaceEmi
FNDA:42,_ZNK3SetINSt7__cxx1112basic_stringIcSt11char_traitsIcESaIcEEEE7getSizeEv
FNDA:42,_ZNK3SetIiE7getSizeEv
FNF:20
FNH:20
DA:6,112
DA:7,672
DA:8,112
DA:21,112
DA:22,742
DA:23,112
DA:27,70
DA:28,70
DA:29,14
DA:31,56
DA:35,336
DA:36,336
DA:37,0
DA:40,336
DA:41,14
DA:44,336
DA:49,14
DA:50,14
DA:51,0
DA:53,154
DA:54,154
DA:55,140
DA:57,84
DA:58,14
DA:59,14
DA:60,14
DA:64,42
DA:65,42
DA:66,14
DA:69,56
DA:70,28
DA:72,28
DA:73,28
DA:77,28
DA:78,28
DA:79,14
DA:81,14
DA:82,14
DA:86,84
DA:87,84
DA:100,14
DA:101,14
DA:102,14
DA:103,14
DA:104,14
DA:107,0
DA:111,364
DA:112,1890
DA:113,1540
DA:114,14
DA:117,350
LF:51
LH:48
end_of_record
TN:
SF:/home/vlad/vsCode/2_course/programming/labs/lab3/source/stack.cpp
FN:14,16,_ZN5StackINSt7__cxx1112basic_stringIcSt11char_traitsIcESaIcEEEE7GetSizeEv
FN:14,16,_ZN5StackIiE7GetSizeEv
FN:19,30,_ZN5StackINSt7__cxx1112basic_stringIcSt11char_traitsIcESaIcEEEE4pushES5_
FN:19,30,_ZN5StackIiE4pushEi
FN:33,50,_ZN5StackINSt7__cxx1112basic_stringIcSt11char_traitsIcESaIcEEEE3popEv
FN:33,50,_ZN5StackIiE3popEv
FN:4,4,_ZN5StackINSt7__cxx1112basic_stringIcSt11char_traitsIcESaIcEEEEC2Ev
FN:4,4,_ZN5StackIiEC2Ev
FN:53,60,_ZN5StackINSt7__cxx1112basic_stringIcSt11char_traitsIcESaIcEEEE5printEv
FN:53,60,_ZN5StackIiE5printEv
FN:63,76,_ZN5StackINSt7__cxx1112basic_stringIcSt11char_traitsIcESaIcEEEE12fillFromFileERKS5_
FN:63,76,_ZN5StackIiE12fillFromFileERKNSt7__cxx1112basic_stringIcSt11char_traitsIcESaIcEEE
FN:7,11,_ZN5StackINSt7__cxx1112basic_stringIcSt11char_traitsIcESaIcEEEED2Ev
FN:7,11,_ZN5StackIiED2Ev
FN:78,90,_ZNK5StackINSt7__cxx1112basic_stringIcSt11char_traitsIcESaIcEEEE11writeToFileERKS5_
FN:78,90,_ZNK5StackIiE11writeToFileERKNSt7__cxx1112basic_stringIcSt11char_traitsIcESaIcEEE
FNDA:35,_ZN5StackINSt7__cxx1112basic_stringIcSt11char_traitsIcESaIcEEEE7GetSizeEv
FNDA:35,_ZN5StackIiE7GetSizeEv
FNDA:133,_ZN5StackINSt7__cxx1112basic_stringIcSt11char_traitsIcESaIcEEEE4pushES5_
FNDA:133,_ZN5StackIiE4pushEi
FNDA:133,_ZN5StackINSt7__cxx1112basic_stringIcSt11char_traitsIcESaIcEEEE3popEv
FNDA:133,_ZN5StackIiE3popEv
FNDA:42,_ZN5StackINSt7__cxx1112basic_stringIcSt11char_traitsIcESaIcEEEEC2Ev
FNDA:42,_ZN5StackIiEC2Ev
FNDA:7,_ZN5StackINSt7__cxx1112basic_stringIcSt11char_traitsIcESaIcEEEE5printEv
FNDA:7,_ZN5StackIiE5printEv
FNDA:7,_ZN5StackINSt7__cxx1112basic_stringIcSt11char_traitsIcESaIcEEEE12fillFromFileERKS5_
FNDA:7,_ZN5StackIiE12fillFromFileERKNSt7__cxx1112basic_stringIcSt11char_traitsIcESaIcEEE
FNDA:42,_ZN5StackINSt7__cxx1112basic_stringIcSt11char_traitsIcESaIcEEEED2Ev
FNDA:42,_ZN5StackIiED2Ev
FNDA:7,_ZNK5StackINSt7__cxx1112basic_stringIcSt11char_traitsIcESaIcEEEE11writeToFileERKS5_
FNDA:7,_ZNK5StackIiE11writeToFileERKNSt7__cxx1112basic_stringIcSt11char_traitsIcESaIcEEE
FNF:16
FNH:16
DA:4,84
DA:7,84
DA:8,336
DA:9,252
DA:11,84
DA:14,70
DA:15,70
DA:19,266
DA:20,266
DA:21,84
DA:23,182
DA:24,322
DA:25,140
DA:27,182
DA:29,266
DA:30,266
DA:33,266
DA:34,266
DA:35,0
DA:38,266
DA:39,84
DA:40,84
DA:42,182
DA:43,322
DA:44,140
DA:46,182
DA:47,182
DA:49,266
DA:50,266
DA:53,14
DA:54,14
DA:55,56
DA:56,42
DA:57,42
DA:59,14
DA:60,14
DA:63,14
DA:64,14
DA:65,14
DA:66,0
DA:67,0
DA:70,7
DA:71,84
DA:72,70
DA:75,14
DA:76,14
DA:78,14
DA:79,14
DA:80,14
DA:81,0
DA:82,0
DA:85,14
DA:86,56
DA:87,42
DA:88,42
DA:90,14
LF:56
LH:51
end_of_record
