TN:
SF:/home/vlad/vsCode/2_course/programming/labs/lab3/Test/ArrayTest.cpp
FN:108,111,main
FN:15,15,_ZN9ArrayTestINSt7__cxx1112basic_stringIcSt11char_traitsIcESaIcEEEE5SetUpEv
FN:15,15,_ZN9ArrayTestIiE5SetUpEv
FN:17,17,_ZN9ArrayTestINSt7__cxx1112basic_stringIcSt11char_traitsIcESaIcEEEE8TearDownEv
FN:17,17,_ZN9ArrayTestIiE8TearDownEv
FN:25,36,_ZN30ArrayTest_TestEmplaceBack_TestINSt7__cxx1112basic_stringIcSt11char_traitsIcESaIcEEEE8TestBodyEv
FN:25,36,_ZN30ArrayTest_TestEmplaceBack_TestIiE8TestBodyEv
FN:38,49,_ZN21ArrayTest_Insert_TestINSt7__cxx1112basic_stringIcSt11char_traitsIcESaIcEEEE8TestBodyEv
FN:38,49,_ZN21ArrayTest_Insert_TestIiE8TestBodyEv
FN:51,68,_ZN20ArrayTest_Erase_TestINSt7__cxx1112basic_stringIcSt11char_traitsIcESaIcEEEE8TestBodyEv
FN:51,68,_ZN20ArrayTest_Erase_TestIiE8TestBodyEv
FN:70,87,_ZN27ArrayTest_EraseByValue_TestINSt7__cxx1112basic_stringIcSt11char_traitsIcESaIcEEEE8TestBodyEv
FN:70,87,_ZN27ArrayTest_EraseByValue_TestIiE8TestBodyEv
FN:89,106,_ZN22ArrayTest_Replace_TestINSt7__cxx1112basic_stringIcSt11char_traitsIcESaIcEEEE8TestBodyEv
FN:89,106,_ZN22ArrayTest_Replace_TestIiE8TestBodyEv
FNDA:1,main
FNDA:5,_ZN9ArrayTestINSt7__cxx1112basic_stringIcSt11char_traitsIcESaIcEEEE5SetUpEv
FNDA:5,_ZN9ArrayTestIiE5SetUpEv
FNDA:5,_ZN9ArrayTestINSt7__cxx1112basic_stringIcSt11char_traitsIcESaIcEEEE8TearDownEv
FNDA:5,_ZN9ArrayTestIiE8TearDownEv
FNDA:1,_ZN30ArrayTest_TestEmplaceBack_TestINSt7__cxx1112basic_stringIcSt11char_traitsIcESaIcEEEE8TestBodyEv
FNDA:1,_ZN30ArrayTest_TestEmplaceBack_TestIiE8TestBodyEv
FNDA:1,_ZN21ArrayTest_Insert_TestINSt7__cxx1112basic_stringIcSt11char_traitsIcESaIcEEEE8TestBodyEv
FNDA:1,_ZN21ArrayTest_Insert_TestIiE8TestBodyEv
FNDA:1,_ZN20ArrayTest_Erase_TestINSt7__cxx1112basic_stringIcSt11char_traitsIcESaIcEEEE8TestBodyEv
FNDA:1,_ZN20ArrayTest_Erase_TestIiE8TestBodyEv
FNDA:1,_ZN27ArrayTest_EraseByValue_TestINSt7__cxx1112basic_stringIcSt11char_traitsIcESaIcEEEE8TestBodyEv
FNDA:1,_ZN27ArrayTest_EraseByValue_TestIiE8TestBodyEv
FNDA:1,_ZN22ArrayTest_Replace_TestINSt7__cxx1112basic_stringIcSt11char_traitsIcESaIcEEEE8TestBodyEv
FNDA:1,_ZN22ArrayTest_Replace_TestIiE8TestBodyEv
FNF:15
FNH:15
DA:15,10
DA:17,10
DA:25,2
DA:27,1
DA:28,1
DA:29,1
DA:32,1
DA:33,1
DA:34,1
DA:36,2
DA:38,2
DA:40,1
DA:41,1
DA:42,1
DA:45,1
DA:46,1
DA:47,1
DA:49,2
DA:51,2
DA:53,1
DA:54,1
DA:56,1
DA:58,1
DA:61,1
DA:62,1
DA:64,1
DA:66,1
DA:68,2
DA:70,2
DA:72,1
DA:73,1
DA:75,1
DA:77,1
DA:80,1
DA:81,1
DA:83,1
DA:85,1
DA:87,2
DA:89,2
DA:91,1
DA:92,1
DA:94,1
DA:96,1
DA:99,1
DA:100,1
DA:102,1
DA:104,1
DA:106,2
DA:108,1
DA:109,1
DA:110,1
LF:51
LH:51
end_of_record
TN:
SF:/home/vlad/vsCode/2_course/programming/labs/lab3/source/Array.cpp
FN:150,158,_ZN5ArrayINSt7__cxx1112basic_stringIcSt11char_traitsIcESaIcEEEE12eraseByValueERKS5_
FN:150,158,_ZN5ArrayIiE12eraseByValueERKi
FN:21,23,_ZN5ArrayINSt7__cxx1112basic_stringIcSt11char_traitsIcESaIcEEEED2Ev
FN:21,23,_ZN5ArrayIiED2Ev
FN:27,32,_ZN5ArrayINSt7__cxx1112basic_stringIcSt11char_traitsIcESaIcEEEEixEm
FN:27,32,_ZN5ArrayIiEixEm
FN:36,41,_ZN5ArrayINSt7__cxx1112basic_stringIcSt11char_traitsIcESaIcEEEE12emplace_backES5_
FN:36,41,_ZN5ArrayIiE12emplace_backEi
FN:45,56,_ZN5ArrayINSt7__cxx1112basic_stringIcSt11char_traitsIcESaIcEEEE6resizeEm
FN:45,56,_ZN5ArrayIiE6resizeEm
FN:6,8,_ZN5ArrayINSt7__cxx1112basic_stringIcSt11char_traitsIcESaIcEEEEC2Ev
FN:6,8,_ZN5ArrayIiEC2Ev
FN:60,74,_ZN5ArrayINSt7__cxx1112basic_stringIcSt11char_traitsIcESaIcEEEE6insertEmS5_
FN:60,74,_ZN5ArrayIiE6insertEmi
FN:78,87,_ZN5ArrayINSt7__cxx1112basic_stringIcSt11char_traitsIcESaIcEEEE5eraseEm
FN:78,87,_ZN5ArrayIiE5eraseEm
FN:91,96,_ZN5ArrayINSt7__cxx1112basic_stringIcSt11char_traitsIcESaIcEEEE7replaceEmS5_
FN:91,96,_ZN5ArrayIiE7replaceEmi
FNDA:1,_ZN5ArrayINSt7__cxx1112basic_stringIcSt11char_traitsIcESaIcEEEE12eraseByValueERKS5_
FNDA:1,_ZN5ArrayIiE12eraseByValueERKi
FNDA:5,_ZN5ArrayINSt7__cxx1112basic_stringIcSt11char_traitsIcESaIcEEEED2Ev
FNDA:5,_ZN5ArrayIiED2Ev
FNDA:5,_ZN5ArrayINSt7__cxx1112basic_stringIcSt11char_traitsIcESaIcEEEEixEm
FNDA:5,_ZN5ArrayIiEixEm
FNDA:8,_ZN5ArrayINSt7__cxx1112basic_stringIcSt11char_traitsIcESaIcEEEE12emplace_backES5_
FNDA:8,_ZN5ArrayIiE12emplace_backEi
FNDA:0,_ZN5ArrayINSt7__cxx1112basic_stringIcSt11char_traitsIcESaIcEEEE6resizeEm
FNDA:0,_ZN5ArrayIiE6resizeEm
FNDA:5,_ZN5ArrayINSt7__cxx1112basic_stringIcSt11char_traitsIcESaIcEEEEC2Ev
FNDA:5,_ZN5ArrayIiEC2Ev
FNDA:2,_ZN5ArrayINSt7__cxx1112basic_stringIcSt11char_traitsIcESaIcEEEE6insertEmS5_
FNDA:2,_ZN5ArrayIiE6insertEmi
FNDA:2,_ZN5ArrayINSt7__cxx1112basic_stringIcSt11char_traitsIcESaIcEEEE5eraseEm
FNDA:2,_ZN5ArrayIiE5eraseEm
FNDA:1,_ZN5ArrayINSt7__cxx1112basic_stringIcSt11char_traitsIcESaIcEEEE7replaceEmS5_
FNDA:1,_ZN5ArrayIiE7replaceEmi
FNF:18
FNH:16
DA:6,10
DA:7,60
DA:8,10
DA:21,10
DA:23,10
DA:27,10
DA:28,10
DA:29,0
DA:31,10
DA:36,16
DA:37,16
DA:38,0
DA:40,16
DA:41,16
DA:45,0
DA:46,0
DA:47,0
DA:49,0
DA:50,0
DA:51,0
DA:53,0
DA:54,0
DA:55,0
DA:56,0
DA:60,4
DA:61,4
DA:62,0
DA:65,4
DA:66,0
DA:69,6
DA:70,2
DA:72,4
DA:73,4
DA:74,4
DA:78,4
DA:79,4
DA:80,0
DA:83,8
DA:84,4
DA:86,4
DA:87,4
DA:91,2
DA:92,2
DA:93,0
DA:95,2
DA:96,2
DA:150,2
DA:151,2
DA:152,2
DA:153,2
DA:154,2
DA:157,0
LF:52
LH:35
end_of_record
